5 sept. 2010 10:24:56 net.jxta.platform.NetworkManager configure
INFO: Created new configuration. mode = RENDEZVOUS
5 sept. 2010 10:24:56 net.jxta.platform.NetworkManager startNetwork
INFO: Starting JXTA Network! MODE = RENDEZVOUS,  HOME = file:/home/franck/workspace/hadoop-0.20.2-binc/distrib/bin/../var/jxta/namenode/
5 sept. 2010 10:24:57 net.jxta.impl.loader.RefJxtaLoader findModuleImplAdvertisement
ATTENTION: Failed to find class for urn:jxta:uuid-DEADBEEFDEAFBABAFEEDBABE0000000C0206
java.lang.ClassNotFoundException: No matching class for : urn:jxta:uuid-DEADBEEFDEAFBABAFEEDBABE0000000C0206
	at net.jxta.impl.loader.RefJxtaLoader.findClass(RefJxtaLoader.java:240)
	at net.jxta.impl.loader.RefJxtaLoader.findModuleImplAdvertisement(RefJxtaLoader.java:350)
	at net.jxta.impl.peergroup.StdPeerGroup.getDefaultModuleImplAdvertisement(StdPeerGroup.java:353)
	at net.jxta.impl.peergroup.StdPeerGroup.<clinit>(StdPeerGroup.java:143)
	at net.jxta.peergroup.WorldPeerGroupFactory.getDefaultWorldPeerGroupClass(WorldPeerGroupFactory.java:237)
	at net.jxta.peergroup.WorldPeerGroupFactory.<init>(WorldPeerGroupFactory.java:178)
	at net.jxta.peergroup.NetPeerGroupFactory.<init>(NetPeerGroupFactory.java:205)
	at net.jxta.platform.NetworkManager.startNetwork(NetworkManager.java:410)
	at com.agorasoft.ubeeko.p2pnamenode.RendezVousNameNode.run(RendezVousNameNode.java:144)
	at com.agorasoft.ubeeko.p2pnamenode.RendezVousNameNode.start(RendezVousNameNode.java:133)
	at org.apache.hadoop.hdfs.server.namenode.NameNode.initialize(NameNode.java:220)
	at org.apache.hadoop.hdfs.server.namenode.NameNode.<init>(NameNode.java:319)
	at org.apache.hadoop.hdfs.server.namenode.NameNode.createNameNode(NameNode.java:1000)
	at org.apache.hadoop.hdfs.server.namenode.NameNode.main(NameNode.java:1009)
5 sept. 2010 10:24:57 net.jxta.peergroup.WorldPeerGroupFactory newWorldPeerGroup
INFO: Making a new World Peer Group instance using : net.jxta.impl.peergroup.Platform
5 sept. 2010 10:24:57 net.jxta.impl.cm.SrdiIndex clearSrdi
INFO: Clearing SRDI for null
5 sept. 2010 10:24:57 net.jxta.impl.peergroup.GenericPeerGroup loadModule
INFO: Loaded privileged module : Always Access Service (net.jxta.impl.access.always.AlwaysAccessService)
5 sept. 2010 10:24:57 net.jxta.impl.endpoint.tcp.IncomingUnicastServer openServerSocket
INFO: Server will accept connections at /127.0.0.1:26420
5 sept. 2010 10:24:57 net.jxta.impl.peergroup.GenericPeerGroup loadModule
INFO: Loaded privileged module : Reference Implementation of the TCP Message Transport (net.jxta.impl.endpoint.tcp.TcpTransport)
5 sept. 2010 10:24:57 net.jxta.impl.peergroup.GenericPeerGroup loadModule
INFO: Loaded privileged module : Reference Implementation of the Rendezvous Service (net.jxta.impl.rendezvous.RendezVousServiceImpl)
5 sept. 2010 10:24:57 net.jxta.impl.peergroup.GenericPeerGroup loadModule
INFO: Loaded privileged module : Reference Implementation of the Peerinfo Service (net.jxta.impl.peer.PeerInfoServiceImpl)
5 sept. 2010 10:24:57 net.jxta.impl.peergroup.GenericPeerGroup loadModule
INFO: Loaded privileged module : Reference Implementation of the Endpoint service (net.jxta.impl.endpoint.EndpointServiceImpl)
5 sept. 2010 10:24:57 net.jxta.impl.peergroup.GenericPeerGroup loadModule
INFO: Loaded privileged module : None Membership Service (net.jxta.impl.membership.none.NoneMembershipService)
5 sept. 2010 10:24:57 net.jxta.impl.peergroup.GenericPeerGroup loadModule
INFO: Loaded privileged module : Reference Implementation of the Resolver service (net.jxta.impl.resolver.ResolverServiceImpl)
5 sept. 2010 10:24:57 net.jxta.impl.peergroup.GenericPeerGroup loadModule
INFO: Loaded privileged module : Reference Implementation of the Discovery service (net.jxta.impl.discovery.DiscoveryServiceImpl)
5 sept. 2010 10:24:57 net.jxta.impl.peergroup.GenericPeerGroup loadModule
INFO: Loaded privileged module : Reference Implementation of the IP Multicast Message Transport (net.jxta.impl.endpoint.mcast.McastTransport)
5 sept. 2010 10:24:57 net.jxta.impl.endpoint.tcp.TcpTransport startApp
ATTENTION: Stalled until there is an endpoint service
5 sept. 2010 10:24:57 net.jxta.impl.rendezvous.RendezVousServiceImpl startApp
ATTENTION: Stalled until there is an endpoint service
5 sept. 2010 10:24:57 net.jxta.impl.peer.PeerInfoServiceImpl startApp
ATTENTION: Stalled until there is a resolver service
5 sept. 2010 10:24:57 net.jxta.impl.endpoint.EndpointServiceImpl startApp
INFO: Endpoint Service started.
5 sept. 2010 10:24:57 net.jxta.impl.discovery.DiscoveryServiceImpl startApp
ATTENTION: Stalled until there is a rendezvous service
5 sept. 2010 10:24:57 net.jxta.impl.endpoint.mcast.McastTransport startApp
INFO: IP Multicast Message Transport disabled.
5 sept. 2010 10:24:57 net.jxta.impl.endpoint.tcp.TcpTransport$MessengerSelectorThread run
INFO: MessengerSelectorThread polling started
5 sept. 2010 10:24:57 net.jxta.impl.endpoint.tcp.IncomingUnicastServer run
INFO: Server is ready to accept connections
5 sept. 2010 10:24:57 net.jxta.impl.endpoint.tcp.TcpTransport startApp
INFO: TCP Message Transport started.
5 sept. 2010 10:24:57 net.jxta.impl.rendezvous.adhoc.AdhocPeerRdvService <init>
INFO: RendezVous Service is initialized for urn:jxta:jxta-WorldGroup as an ad hoc peer. 
5 sept. 2010 10:24:57 net.jxta.impl.rendezvous.RendezVousServiceImpl startApp
INFO: Rendezvous Serivce started
5 sept. 2010 10:24:57 net.jxta.impl.discovery.DiscoveryServiceImpl beEdge
INFO: Switched to a Edge peer role.
5 sept. 2010 10:24:57 net.jxta.impl.discovery.DiscoveryServiceImpl startApp
INFO: Discovery service started
5 sept. 2010 10:24:57 net.jxta.impl.peergroup.GenericPeerGroup getInterface
INFO: [urn:jxta:jxta-WorldGroup] GROUP REF COUNT INCREMENTED TO: 1 by
	net.jxta.peergroup.NetPeerGroupFactory.<init>(NetPeerGroupFactory.java:206)
5 sept. 2010 10:24:57 net.jxta.peergroup.NetPeerGroupFactory newNetPeerGroup
INFO: Instantiating net peer group : urn:jxta:jxta-NetGroup
	Parent : urn:jxta:jxta-WorldGroup "World PeerGroup"[1]
	ID : urn:jxta:jxta-NetGroup
	Name : NetPeerGroup
	impl : null
5 sept. 2010 10:24:57 net.jxta.impl.peergroup.GenericPeerGroup getInterface
INFO: [urn:jxta:jxta-WorldGroup] GROUP REF COUNT INCREMENTED TO: 2 by
	net.jxta.impl.peergroup.GenericPeerGroup.loadModule(GenericPeerGroup.java:652)
5 sept. 2010 10:24:57 net.jxta.impl.cm.SrdiIndex clearSrdi
INFO: Clearing SRDI for null
5 sept. 2010 10:24:57 net.jxta.impl.peergroup.GenericPeerGroup loadModule
INFO: Loaded privileged module : Reference Implementation of the JXME Proxy Service (net.jxta.impl.proxy.ProxyService)
5 sept. 2010 10:24:57 net.jxta.impl.peergroup.GenericPeerGroup loadModule
INFO: Loaded privileged module : Reference Implementation of the Relay Message Transport (net.jxta.impl.endpoint.relay.RelayTransport)
5 sept. 2010 10:24:57 net.jxta.impl.peergroup.GenericPeerGroup loadModule
INFO: Loaded privileged module : PSE Membership Service (net.jxta.impl.membership.pse.PSEMembershipService)
5 sept. 2010 10:24:57 net.jxta.impl.peergroup.GenericPeerGroup loadModule
INFO: Loaded privileged module : Reference Implementation of the Pipe Service (net.jxta.impl.pipe.PipeServiceImpl)
5 sept. 2010 10:24:57 net.jxta.impl.peergroup.GenericPeerGroup loadModule
INFO: Loaded privileged module : Reference Implementation of the Router Message Transport (net.jxta.impl.endpoint.router.EndpointRouter)
5 sept. 2010 10:24:57 net.jxta.impl.peergroup.GenericPeerGroup loadModule
INFO: Loaded privileged module : Always Access Service (net.jxta.impl.access.always.AlwaysAccessService)
5 sept. 2010 10:24:57 net.jxta.impl.peergroup.GenericPeerGroup loadModule
INFO: Loaded privileged module : Reference Implementation of the Rendezvous Service (net.jxta.impl.rendezvous.RendezVousServiceImpl)
5 sept. 2010 10:24:57 net.jxta.impl.peergroup.GenericPeerGroup loadModule
INFO: Loaded privileged module : Reference Implementation of the Endpoint service (net.jxta.impl.endpoint.EndpointServiceImpl)
5 sept. 2010 10:24:57 net.jxta.impl.peergroup.GenericPeerGroup loadModule
INFO: Loaded privileged module : Reference Implementation of the Peerinfo Service (net.jxta.impl.peer.PeerInfoServiceImpl)
5 sept. 2010 10:24:57 net.jxta.impl.peergroup.GenericPeerGroup loadModule
INFO: Loaded privileged module : Reference Implementation of the Cryptobased-ID Message Transport (net.jxta.impl.endpoint.cbjx.CbJxTransport)
5 sept. 2010 10:24:57 net.jxta.impl.peergroup.GenericPeerGroup loadModule
INFO: Loaded privileged module : Reference Implementation of the Resolver service (net.jxta.impl.resolver.ResolverServiceImpl)
5 sept. 2010 10:24:57 net.jxta.impl.endpoint.tls.TlsTransport <init>
INFO: Adjusting TLS connection idle timeout to 300000 millis.
5 sept. 2010 10:24:57 net.jxta.impl.endpoint.tls.TlsTransport <init>
INFO: Adjusting TLS min reconnection idle to 60000 millis.
5 sept. 2010 10:24:57 net.jxta.impl.endpoint.tls.TlsTransport <init>
INFO: Adjusting TLS maximum retry queue age to 120000 millis.
5 sept. 2010 10:24:57 net.jxta.impl.peergroup.GenericPeerGroup loadModule
INFO: Loaded privileged module : Reference Implementation of the TLS Message Transport (net.jxta.impl.endpoint.tls.TlsTransport)
5 sept. 2010 10:24:57 net.jxta.impl.peergroup.GenericPeerGroup loadModule
INFO: Loaded privileged module : Reference Implementation of the Discovery service (net.jxta.impl.discovery.DiscoveryServiceImpl)
5 sept. 2010 10:24:57 net.jxta.impl.proxy.ProxyService startApp
ATTENTION: Stalled until there is a endpoint service
5 sept. 2010 10:24:57 net.jxta.impl.endpoint.relay.RelayTransport startApp
ATTENTION: Stalled until there is an endpoint service
5 sept. 2010 10:24:57 net.jxta.impl.membership.pse.PSEMembershipService startApp
INFO: PSE Membmership Service started.
5 sept. 2010 10:24:57 net.jxta.impl.pipe.PipeServiceImpl startApp
ATTENTION: Stalled until there is an endpoint service
5 sept. 2010 10:24:57 net.jxta.impl.endpoint.router.EndpointRouter startApp
ATTENTION: Stalled until there is an endpoint service
5 sept. 2010 10:24:57 net.jxta.impl.rendezvous.RendezVousServiceImpl startApp
ATTENTION: Stalled until there is an endpoint service
5 sept. 2010 10:24:57 net.jxta.impl.endpoint.EndpointServiceImpl startApp
INFO: Endpoint Service started.
5 sept. 2010 10:24:57 net.jxta.impl.peer.PeerInfoServiceImpl startApp
ATTENTION: Stalled until there is a resolver service
5 sept. 2010 10:24:57 net.jxta.impl.endpoint.cbjx.CbJxTransport startApp
INFO: CbJxTransport started
5 sept. 2010 10:24:57 net.jxta.impl.discovery.DiscoveryServiceImpl startApp
ATTENTION: Stalled until there is a rendezvous service
5 sept. 2010 10:24:57 net.jxta.impl.proxy.ProxyService startApp
ATTENTION: Stalled until there is a discovery service
5 sept. 2010 10:24:57 net.jxta.impl.endpoint.relay.RelayTransport startApp
ATTENTION: Stalled until there is a discovery service
5 sept. 2010 10:24:57 net.jxta.impl.pipe.PipeServiceImpl startApp
ATTENTION: Stalled until there is a rendezvous service
5 sept. 2010 10:24:57 net.jxta.impl.endpoint.router.EndpointRouter startApp
ATTENTION: Endpoint Router start stalled until rendezvous service available
5 sept. 2010 10:24:57 net.jxta.impl.rendezvous.rpv.PeerView <init>
INFO: PeerView created for group "null" [urn:jxta:jxta-NetGroup] name "urn:jxta:uuid-DEADBEEFDEAFBABAFEEDBABE0000000605jxta-NetGroup"
5 sept. 2010 10:24:57 net.jxta.impl.rendezvous.rdv.RdvPeerRdvService <init>
INFO: RendezVous Service is initialized for urn:jxta:jxta-NetGroup as a Rendezvous peer.
5 sept. 2010 10:24:57 net.jxta.impl.rendezvous.limited.LimitedRangeGreeter <init>
INFO: Listening on LR-Greeterurn:jxta:jxta-NetGroup/urn:jxta:uuid-DEADBEEFDEAFBABAFEEDBABE0000000605jxta-NetGroup
5 sept. 2010 10:24:57 net.jxta.impl.rendezvous.rpv.PeerView seed
INFO: New Seeding...
5 sept. 2010 10:24:57 net.jxta.impl.rendezvous.rdv.RdvPeerRdvService startApp
INFO: RdvPeerRdvService is started
5 sept. 2010 10:24:57 net.jxta.impl.rendezvous.RendezVousServiceImpl startApp
INFO: Rendezvous Serivce started
5 sept. 2010 10:24:57 net.jxta.impl.cm.SrdiIndex <init>
INFO: [urn:jxta:jxta-NetGroup[0] / urn:jxta:jxta-WorldGroup "World PeerGroup"[2]] : Initialized discoverySrdi
5 sept. 2010 10:24:57 net.jxta.impl.discovery.DiscoveryServiceImpl beRendezvous
INFO: Switched to Rendezvous peer role.
5 sept. 2010 10:24:57 net.jxta.impl.discovery.DiscoveryServiceImpl startApp
INFO: Discovery service started
5 sept. 2010 10:24:57 net.jxta.impl.proxy.ProxyService startApp
ATTENTION: Stalled until there is a pipe service
5 sept. 2010 10:24:57 net.jxta.impl.endpoint.relay.RelayTransport startApp
ATTENTION: Stalled until there is a pipe service
5 sept. 2010 10:24:57 net.jxta.impl.cm.SrdiIndex <init>
INFO: [urn:jxta:jxta-NetGroup[0] / urn:jxta:jxta-WorldGroup "World PeerGroup"[2]] : Initialized pipeResolverSrdi
5 sept. 2010 10:24:57 net.jxta.impl.cm.SrdiIndex startGC
INFO: [urn:jxta:jxta-NetGroup[0] / urn:jxta:jxta-WorldGroup "World PeerGroup"[2]] : Starting SRDI GC Thread for pipeResolverSrdi
5 sept. 2010 10:24:57 net.jxta.impl.resolver.ResolverServiceImpl getRouteControl
ATTENTION: Failed to get RouteControl object. Resolver will not set route hints.
5 sept. 2010 10:24:57 net.jxta.impl.cm.SrdiIndex <init>
INFO: [urn:jxta:jxta-NetGroup[0] / urn:jxta:jxta-WorldGroup "World PeerGroup"[2]] : Initialized routerSrdi
5 sept. 2010 10:24:57 net.jxta.impl.endpoint.router.EndpointRouter startApp
INFO: urn:jxta:jxta-NetGroup[0] / urn:jxta:jxta-WorldGroup "World PeerGroup"[2] : Router Message Transport started.
5 sept. 2010 10:24:57 net.jxta.impl.proxy.ProxyService startApp
INFO: JXME Proxy Service started.
5 sept. 2010 10:24:57 net.jxta.impl.endpoint.relay.RelayTransport startApp
INFO: Relay Message Transport started
5 sept. 2010 10:24:57 net.jxta.impl.peergroup.GenericPeerGroup loadModule
INFO: Loaded module : Default Network PeerGroup reference implementation (net.jxta.impl.peergroup.ShadowPeerGroup)
5 sept. 2010 10:24:57 net.jxta.impl.peergroup.GenericPeerGroup decRefCount
INFO: [urn:jxta:jxta-WorldGroup] GROUP REF COUNT DECCREMENTED TO: 1 by
	net.jxta.peergroup.NetPeerGroupFactory.<init>(NetPeerGroupFactory.java:220)
5 sept. 2010 10:24:57 net.jxta.impl.peergroup.GenericPeerGroup getInterface
INFO: [urn:jxta:jxta-NetGroup] GROUP REF COUNT INCREMENTED TO: 1 by
	net.jxta.platform.NetworkManager.startNetwork(NetworkManager.java:412)
5 sept. 2010 10:24:57 net.jxta.platform.NetworkManager startNetwork
INFO: Started JXTA Network!
5 sept. 2010 10:24:58 net.jxta.impl.pipe.InputPipeImpl <init>
INFO: Creating InputPipe for urn:jxta:uuid-59616261646162614E504720503250335065657256694577AA78B4612D4E657404 of type JxtaPropagate with listener
5 sept. 2010 10:24:58 net.jxta.impl.pipe.WirePipe register
INFO: Registering urn:jxta:uuid-59616261646162614E504720503250335065657256694577AA78B4612D4E657404 with pipe resolver.
5 sept. 2010 10:24:58 net.jxta.impl.pipe.NonBlockingWireOutputPipe <init>
INFO: Constructing for urn:jxta:uuid-59616261646162614E504720503250335065657256694577AA78B4612D4E657404
5 sept. 2010 10:24:58 net.jxta.impl.rendezvous.rpv.PeerView openWirePipes
INFO: Propagate Pipes opened.
5 sept. 2010 10:25:06 net.jxta.impl.rendezvous.rpv.PeerView seed
INFO: New Seeding...
5 sept. 2010 10:25:40 net.jxta.impl.endpoint.tcp.TcpMessenger <init>
INFO: Connection from 127.0.0.1:52161
5 sept. 2010 10:25:51 net.jxta.impl.rendezvous.rpv.PeerView seed
INFO: New Seeding...
5 sept. 2010 10:26:08 net.jxta.impl.endpoint.tcp.TcpMessenger closeImpl
INFO: Normal close (open 27816ms) of socket to : tcp://192.168.1.101:26419 / 127.0.0.1:52161
5 sept. 2010 10:27:24 net.jxta.impl.rendezvous.rpv.PeerView seed
INFO: New Seeding...
5 sept. 2010 10:28:57 net.jxta.impl.rendezvous.rpv.PeerView seed
INFO: New Seeding...
5 sept. 2010 10:30:30 net.jxta.impl.rendezvous.rpv.PeerView seed
INFO: New Seeding...
5 sept. 2010 10:32:03 net.jxta.impl.rendezvous.rpv.PeerView seed
INFO: New Seeding...
5 sept. 2010 10:33:36 net.jxta.impl.rendezvous.rpv.PeerView seed
INFO: New Seeding...
5 sept. 2010 10:35:09 net.jxta.impl.rendezvous.rpv.PeerView seed
INFO: New Seeding...
5 sept. 2010 10:36:42 net.jxta.impl.rendezvous.rpv.PeerView seed
INFO: New Seeding...
5 sept. 2010 10:38:15 net.jxta.impl.rendezvous.rpv.PeerView seed
INFO: New Seeding...
5 sept. 2010 10:39:48 net.jxta.impl.rendezvous.rpv.PeerView seed
INFO: New Seeding...
5 sept. 2010 10:41:21 net.jxta.impl.rendezvous.rpv.PeerView seed
INFO: New Seeding...
5 sept. 2010 10:42:54 net.jxta.impl.rendezvous.rpv.PeerView seed
INFO: New Seeding...
5 sept. 2010 10:44:27 net.jxta.impl.rendezvous.rpv.PeerView seed
INFO: New Seeding...
5 sept. 2010 10:46:00 net.jxta.impl.rendezvous.rpv.PeerView seed
INFO: New Seeding...
5 sept. 2010 10:47:33 net.jxta.impl.rendezvous.rpv.PeerView seed
INFO: New Seeding...
5 sept. 2010 10:49:06 net.jxta.impl.rendezvous.rpv.PeerView seed
INFO: New Seeding...
5 sept. 2010 10:50:39 net.jxta.impl.rendezvous.rpv.PeerView seed
INFO: New Seeding...
5 sept. 2010 10:52:12 net.jxta.impl.rendezvous.rpv.PeerView seed
INFO: New Seeding...
5 sept. 2010 10:53:45 net.jxta.impl.rendezvous.rpv.PeerView seed
INFO: New Seeding...
5 sept. 2010 10:55:18 net.jxta.impl.rendezvous.rpv.PeerView seed
INFO: New Seeding...
5 sept. 2010 10:56:51 net.jxta.impl.rendezvous.rpv.PeerView seed
INFO: New Seeding...
5 sept. 2010 10:58:24 net.jxta.impl.rendezvous.rpv.PeerView seed
INFO: New Seeding...
5 sept. 2010 10:59:57 net.jxta.impl.rendezvous.rpv.PeerView seed
INFO: New Seeding...
5 sept. 2010 11:01:30 net.jxta.impl.rendezvous.rpv.PeerView seed
INFO: New Seeding...
5 sept. 2010 11:03:03 net.jxta.impl.rendezvous.rpv.PeerView seed
INFO: New Seeding...
5 sept. 2010 11:04:36 net.jxta.impl.rendezvous.rpv.PeerView seed
INFO: New Seeding...
5 sept. 2010 11:06:09 net.jxta.impl.rendezvous.rpv.PeerView seed
INFO: New Seeding...
5 sept. 2010 11:07:42 net.jxta.impl.rendezvous.rpv.PeerView seed
INFO: New Seeding...
5 sept. 2010 11:09:15 net.jxta.impl.rendezvous.rpv.PeerView seed
INFO: New Seeding...
5 sept. 2010 11:10:48 net.jxta.impl.rendezvous.rpv.PeerView seed
INFO: New Seeding...
5 sept. 2010 11:12:21 net.jxta.impl.rendezvous.rpv.PeerView seed
INFO: New Seeding...
5 sept. 2010 11:13:54 net.jxta.impl.rendezvous.rpv.PeerView seed
INFO: New Seeding...
5 sept. 2010 11:15:27 net.jxta.impl.rendezvous.rpv.PeerView seed
INFO: New Seeding...
5 sept. 2010 11:17:00 net.jxta.impl.rendezvous.rpv.PeerView seed
INFO: New Seeding...
5 sept. 2010 11:18:33 net.jxta.impl.rendezvous.rpv.PeerView seed
INFO: New Seeding...
5 sept. 2010 11:20:06 net.jxta.impl.rendezvous.rpv.PeerView seed
INFO: New Seeding...
5 sept. 2010 11:21:39 net.jxta.impl.rendezvous.rpv.PeerView seed
INFO: New Seeding...
5 sept. 2010 11:23:12 net.jxta.impl.rendezvous.rpv.PeerView seed
INFO: New Seeding...
5 sept. 2010 11:24:45 net.jxta.impl.rendezvous.rpv.PeerView seed
INFO: New Seeding...
5 sept. 2010 11:26:18 net.jxta.impl.rendezvous.rpv.PeerView seed
INFO: New Seeding...
5 sept. 2010 11:27:51 net.jxta.impl.rendezvous.rpv.PeerView seed
INFO: New Seeding...
5 sept. 2010 11:29:24 net.jxta.impl.rendezvous.rpv.PeerView seed
INFO: New Seeding...
5 sept. 2010 11:30:57 net.jxta.impl.rendezvous.rpv.PeerView seed
INFO: New Seeding...
5 sept. 2010 11:32:30 net.jxta.impl.rendezvous.rpv.PeerView seed
INFO: New Seeding...
5 sept. 2010 11:34:03 net.jxta.impl.rendezvous.rpv.PeerView seed
INFO: New Seeding...
5 sept. 2010 11:35:36 net.jxta.impl.rendezvous.rpv.PeerView seed
INFO: New Seeding...
5 sept. 2010 11:37:09 net.jxta.impl.rendezvous.rpv.PeerView seed
INFO: New Seeding...
5 sept. 2010 11:38:42 net.jxta.impl.rendezvous.rpv.PeerView seed
INFO: New Seeding...
5 sept. 2010 11:40:15 net.jxta.impl.rendezvous.rpv.PeerView seed
INFO: New Seeding...
5 sept. 2010 11:41:48 net.jxta.impl.rendezvous.rpv.PeerView seed
INFO: New Seeding...
5 sept. 2010 11:43:21 net.jxta.impl.rendezvous.rpv.PeerView seed
INFO: New Seeding...
5 sept. 2010 11:44:54 net.jxta.impl.rendezvous.rpv.PeerView seed
INFO: New Seeding...
5 sept. 2010 11:46:27 net.jxta.impl.rendezvous.rpv.PeerView seed
INFO: New Seeding...
5 sept. 2010 11:48:00 net.jxta.impl.rendezvous.rpv.PeerView seed
INFO: New Seeding...
5 sept. 2010 11:49:33 net.jxta.impl.rendezvous.rpv.PeerView seed
INFO: New Seeding...
5 sept. 2010 11:51:06 net.jxta.impl.rendezvous.rpv.PeerView seed
INFO: New Seeding...
5 sept. 2010 11:52:39 net.jxta.impl.rendezvous.rpv.PeerView seed
INFO: New Seeding...
5 sept. 2010 11:54:12 net.jxta.impl.rendezvous.rpv.PeerView seed
INFO: New Seeding...
5 sept. 2010 11:55:45 net.jxta.impl.rendezvous.rpv.PeerView seed
INFO: New Seeding...
5 sept. 2010 11:57:18 net.jxta.impl.rendezvous.rpv.PeerView seed
INFO: New Seeding...
5 sept. 2010 11:58:51 net.jxta.impl.rendezvous.rpv.PeerView seed
INFO: New Seeding...
5 sept. 2010 12:00:24 net.jxta.impl.rendezvous.rpv.PeerView seed
INFO: New Seeding...
5 sept. 2010 12:01:57 net.jxta.impl.rendezvous.rpv.PeerView seed
INFO: New Seeding...
5 sept. 2010 12:03:30 net.jxta.impl.rendezvous.rpv.PeerView seed
INFO: New Seeding...
5 sept. 2010 12:05:03 net.jxta.impl.rendezvous.rpv.PeerView seed
INFO: New Seeding...
5 sept. 2010 12:06:36 net.jxta.impl.rendezvous.rpv.PeerView seed
INFO: New Seeding...
5 sept. 2010 12:08:09 net.jxta.impl.rendezvous.rpv.PeerView seed
INFO: New Seeding...
5 sept. 2010 12:09:42 net.jxta.impl.rendezvous.rpv.PeerView seed
INFO: New Seeding...
5 sept. 2010 12:11:15 net.jxta.impl.rendezvous.rpv.PeerView seed
INFO: New Seeding...
5 sept. 2010 12:12:48 net.jxta.impl.rendezvous.rpv.PeerView seed
INFO: New Seeding...
5 sept. 2010 12:14:21 net.jxta.impl.rendezvous.rpv.PeerView seed
INFO: New Seeding...
5 sept. 2010 12:15:54 net.jxta.impl.rendezvous.rpv.PeerView seed
INFO: New Seeding...
5 sept. 2010 12:17:27 net.jxta.impl.rendezvous.rpv.PeerView seed
INFO: New Seeding...
5 sept. 2010 12:19:00 net.jxta.impl.rendezvous.rpv.PeerView seed
INFO: New Seeding...
5 sept. 2010 12:20:33 net.jxta.impl.rendezvous.rpv.PeerView seed
INFO: New Seeding...
5 sept. 2010 12:22:06 net.jxta.impl.rendezvous.rpv.PeerView seed
INFO: New Seeding...
5 sept. 2010 12:23:39 net.jxta.impl.rendezvous.rpv.PeerView seed
INFO: New Seeding...
5 sept. 2010 12:25:12 net.jxta.impl.rendezvous.rpv.PeerView seed
INFO: New Seeding...
5 sept. 2010 12:26:45 net.jxta.impl.rendezvous.rpv.PeerView seed
INFO: New Seeding...
5 sept. 2010 12:28:18 net.jxta.impl.rendezvous.rpv.PeerView seed
INFO: New Seeding...
5 sept. 2010 12:29:51 net.jxta.impl.rendezvous.rpv.PeerView seed
INFO: New Seeding...
5 sept. 2010 12:31:24 net.jxta.impl.rendezvous.rpv.PeerView seed
INFO: New Seeding...
5 sept. 2010 12:32:57 net.jxta.impl.rendezvous.rpv.PeerView seed
INFO: New Seeding...
5 sept. 2010 12:34:30 net.jxta.impl.rendezvous.rpv.PeerView seed
INFO: New Seeding...
5 sept. 2010 12:36:03 net.jxta.impl.rendezvous.rpv.PeerView seed
INFO: New Seeding...
5 sept. 2010 12:37:36 net.jxta.impl.rendezvous.rpv.PeerView seed
INFO: New Seeding...
5 sept. 2010 12:38:08 net.jxta.impl.endpoint.tcp.TcpMessenger <init>
INFO: Connection from 127.0.0.1:46915
5 sept. 2010 12:39:05 net.jxta.impl.endpoint.tcp.TcpMessenger closeImpl
INFO: Normal close (open 57245ms) of socket to : tcp://192.168.1.101:26419 / 127.0.0.1:46915
5 sept. 2010 12:39:09 net.jxta.impl.rendezvous.rpv.PeerView seed
INFO: New Seeding...
5 sept. 2010 12:40:42 net.jxta.impl.rendezvous.rpv.PeerView seed
INFO: New Seeding...
5 sept. 2010 12:41:22 net.jxta.impl.endpoint.tcp.TcpMessenger <init>
INFO: Connection from 127.0.0.1:60603
5 sept. 2010 12:41:49 net.jxta.impl.endpoint.tcp.TcpMessenger closeImpl
INFO: Normal close (open 26675ms) of socket to : tcp://192.168.1.101:26419 / 127.0.0.1:60603
5 sept. 2010 12:42:15 net.jxta.impl.rendezvous.rpv.PeerView seed
INFO: New Seeding...
5 sept. 2010 12:43:48 net.jxta.impl.rendezvous.rpv.PeerView seed
INFO: New Seeding...
5 sept. 2010 12:45:21 net.jxta.impl.rendezvous.rpv.PeerView seed
INFO: New Seeding...
5 sept. 2010 12:46:54 net.jxta.impl.rendezvous.rpv.PeerView seed
INFO: New Seeding...
5 sept. 2010 12:48:27 net.jxta.impl.rendezvous.rpv.PeerView seed
INFO: New Seeding...
5 sept. 2010 12:50:01 net.jxta.impl.rendezvous.rpv.PeerView seed
INFO: New Seeding...
5 sept. 2010 12:51:34 net.jxta.impl.rendezvous.rpv.PeerView seed
INFO: New Seeding...
5 sept. 2010 12:53:07 net.jxta.impl.rendezvous.rpv.PeerView seed
INFO: New Seeding...
5 sept. 2010 12:54:40 net.jxta.impl.rendezvous.rpv.PeerView seed
INFO: New Seeding...
5 sept. 2010 12:56:13 net.jxta.impl.rendezvous.rpv.PeerView seed
INFO: New Seeding...
5 sept. 2010 12:57:46 net.jxta.impl.rendezvous.rpv.PeerView seed
INFO: New Seeding...
5 sept. 2010 12:59:19 net.jxta.impl.rendezvous.rpv.PeerView seed
INFO: New Seeding...
5 sept. 2010 13:00:52 net.jxta.impl.rendezvous.rpv.PeerView seed
INFO: New Seeding...
5 sept. 2010 13:02:25 net.jxta.impl.rendezvous.rpv.PeerView seed
INFO: New Seeding...
5 sept. 2010 13:03:58 net.jxta.impl.rendezvous.rpv.PeerView seed
INFO: New Seeding...
5 sept. 2010 13:05:31 net.jxta.impl.rendezvous.rpv.PeerView seed
INFO: New Seeding...
5 sept. 2010 13:07:04 net.jxta.impl.rendezvous.rpv.PeerView seed
INFO: New Seeding...
5 sept. 2010 13:08:37 net.jxta.impl.rendezvous.rpv.PeerView seed
INFO: New Seeding...
5 sept. 2010 13:10:10 net.jxta.impl.rendezvous.rpv.PeerView seed
INFO: New Seeding...
5 sept. 2010 13:11:43 net.jxta.impl.rendezvous.rpv.PeerView seed
INFO: New Seeding...
5 sept. 2010 13:13:16 net.jxta.impl.rendezvous.rpv.PeerView seed
INFO: New Seeding...
5 sept. 2010 13:14:49 net.jxta.impl.rendezvous.rpv.PeerView seed
INFO: New Seeding...
5 sept. 2010 13:16:22 net.jxta.impl.rendezvous.rpv.PeerView seed
INFO: New Seeding...
5 sept. 2010 13:17:55 net.jxta.impl.rendezvous.rpv.PeerView seed
INFO: New Seeding...
5 sept. 2010 13:19:28 net.jxta.impl.rendezvous.rpv.PeerView seed
INFO: New Seeding...
5 sept. 2010 13:21:01 net.jxta.impl.rendezvous.rpv.PeerView seed
INFO: New Seeding...
5 sept. 2010 13:22:34 net.jxta.impl.rendezvous.rpv.PeerView seed
INFO: New Seeding...
5 sept. 2010 13:24:07 net.jxta.impl.rendezvous.rpv.PeerView seed
INFO: New Seeding...
5 sept. 2010 13:25:40 net.jxta.impl.rendezvous.rpv.PeerView seed
INFO: New Seeding...
5 sept. 2010 13:27:13 net.jxta.impl.rendezvous.rpv.PeerView seed
INFO: New Seeding...
5 sept. 2010 13:28:46 net.jxta.impl.rendezvous.rpv.PeerView seed
INFO: New Seeding...
5 sept. 2010 13:30:19 net.jxta.impl.rendezvous.rpv.PeerView seed
INFO: New Seeding...
5 sept. 2010 13:31:52 net.jxta.impl.rendezvous.rpv.PeerView seed
INFO: New Seeding...
5 sept. 2010 13:33:25 net.jxta.impl.rendezvous.rpv.PeerView seed
INFO: New Seeding...
5 sept. 2010 13:34:58 net.jxta.impl.rendezvous.rpv.PeerView seed
INFO: New Seeding...
5 sept. 2010 13:36:31 net.jxta.impl.rendezvous.rpv.PeerView seed
INFO: New Seeding...
5 sept. 2010 13:38:04 net.jxta.impl.rendezvous.rpv.PeerView seed
INFO: New Seeding...
5 sept. 2010 13:39:37 net.jxta.impl.rendezvous.rpv.PeerView seed
INFO: New Seeding...
5 sept. 2010 13:41:10 net.jxta.impl.rendezvous.rpv.PeerView seed
INFO: New Seeding...
5 sept. 2010 13:42:43 net.jxta.impl.rendezvous.rpv.PeerView seed
INFO: New Seeding...
5 sept. 2010 13:44:16 net.jxta.impl.rendezvous.rpv.PeerView seed
INFO: New Seeding...
5 sept. 2010 13:45:49 net.jxta.impl.rendezvous.rpv.PeerView seed
INFO: New Seeding...
5 sept. 2010 13:47:22 net.jxta.impl.rendezvous.rpv.PeerView seed
INFO: New Seeding...
5 sept. 2010 13:48:55 net.jxta.impl.rendezvous.rpv.PeerView seed
INFO: New Seeding...
5 sept. 2010 13:50:28 net.jxta.impl.rendezvous.rpv.PeerView seed
INFO: New Seeding...
5 sept. 2010 13:52:01 net.jxta.impl.rendezvous.rpv.PeerView seed
INFO: New Seeding...
5 sept. 2010 13:53:34 net.jxta.impl.rendezvous.rpv.PeerView seed
INFO: New Seeding...
5 sept. 2010 13:55:07 net.jxta.impl.rendezvous.rpv.PeerView seed
INFO: New Seeding...
5 sept. 2010 13:56:40 net.jxta.impl.rendezvous.rpv.PeerView seed
INFO: New Seeding...
5 sept. 2010 13:58:13 net.jxta.impl.rendezvous.rpv.PeerView seed
INFO: New Seeding...
5 sept. 2010 13:59:46 net.jxta.impl.rendezvous.rpv.PeerView seed
INFO: New Seeding...
5 sept. 2010 14:01:19 net.jxta.impl.rendezvous.rpv.PeerView seed
INFO: New Seeding...
5 sept. 2010 14:02:52 net.jxta.impl.rendezvous.rpv.PeerView seed
INFO: New Seeding...
5 sept. 2010 14:04:25 net.jxta.impl.rendezvous.rpv.PeerView seed
INFO: New Seeding...
5 sept. 2010 14:05:58 net.jxta.impl.rendezvous.rpv.PeerView seed
INFO: New Seeding...
5 sept. 2010 14:07:31 net.jxta.impl.rendezvous.rpv.PeerView seed
INFO: New Seeding...
5 sept. 2010 14:09:04 net.jxta.impl.rendezvous.rpv.PeerView seed
INFO: New Seeding...
5 sept. 2010 14:10:37 net.jxta.impl.rendezvous.rpv.PeerView seed
INFO: New Seeding...
5 sept. 2010 14:12:10 net.jxta.impl.rendezvous.rpv.PeerView seed
INFO: New Seeding...
5 sept. 2010 14:13:43 net.jxta.impl.rendezvous.rpv.PeerView seed
INFO: New Seeding...
5 sept. 2010 14:15:16 net.jxta.impl.rendezvous.rpv.PeerView seed
INFO: New Seeding...
5 sept. 2010 14:16:49 net.jxta.impl.rendezvous.rpv.PeerView seed
INFO: New Seeding...
5 sept. 2010 14:18:22 net.jxta.impl.rendezvous.rpv.PeerView seed
INFO: New Seeding...
5 sept. 2010 14:19:55 net.jxta.impl.rendezvous.rpv.PeerView seed
INFO: New Seeding...
5 sept. 2010 14:21:28 net.jxta.impl.rendezvous.rpv.PeerView seed
INFO: New Seeding...
5 sept. 2010 14:23:01 net.jxta.impl.rendezvous.rpv.PeerView seed
INFO: New Seeding...
5 sept. 2010 14:24:34 net.jxta.impl.rendezvous.rpv.PeerView seed
INFO: New Seeding...
5 sept. 2010 14:26:07 net.jxta.impl.rendezvous.rpv.PeerView seed
INFO: New Seeding...
5 sept. 2010 14:27:40 net.jxta.impl.rendezvous.rpv.PeerView seed
INFO: New Seeding...
5 sept. 2010 14:29:13 net.jxta.impl.rendezvous.rpv.PeerView seed
INFO: New Seeding...
5 sept. 2010 14:30:46 net.jxta.impl.rendezvous.rpv.PeerView seed
INFO: New Seeding...
5 sept. 2010 14:32:19 net.jxta.impl.rendezvous.rpv.PeerView seed
INFO: New Seeding...
5 sept. 2010 14:33:52 net.jxta.impl.rendezvous.rpv.PeerView seed
INFO: New Seeding...
5 sept. 2010 14:35:25 net.jxta.impl.rendezvous.rpv.PeerView seed
INFO: New Seeding...
5 sept. 2010 14:36:58 net.jxta.impl.rendezvous.rpv.PeerView seed
INFO: New Seeding...
5 sept. 2010 14:38:31 net.jxta.impl.rendezvous.rpv.PeerView seed
INFO: New Seeding...
5 sept. 2010 14:40:04 net.jxta.impl.rendezvous.rpv.PeerView seed
INFO: New Seeding...
5 sept. 2010 14:41:37 net.jxta.impl.rendezvous.rpv.PeerView seed
INFO: New Seeding...
5 sept. 2010 14:43:10 net.jxta.impl.rendezvous.rpv.PeerView seed
INFO: New Seeding...
5 sept. 2010 14:44:43 net.jxta.impl.rendezvous.rpv.PeerView seed
INFO: New Seeding...
5 sept. 2010 14:46:16 net.jxta.impl.rendezvous.rpv.PeerView seed
INFO: New Seeding...
5 sept. 2010 14:47:49 net.jxta.impl.rendezvous.rpv.PeerView seed
INFO: New Seeding...
5 sept. 2010 14:49:22 net.jxta.impl.rendezvous.rpv.PeerView seed
INFO: New Seeding...
5 sept. 2010 14:50:55 net.jxta.impl.rendezvous.rpv.PeerView seed
INFO: New Seeding...
5 sept. 2010 14:52:28 net.jxta.impl.rendezvous.rpv.PeerView seed
INFO: New Seeding...
5 sept. 2010 14:54:01 net.jxta.impl.rendezvous.rpv.PeerView seed
INFO: New Seeding...
5 sept. 2010 14:55:34 net.jxta.impl.rendezvous.rpv.PeerView seed
INFO: New Seeding...
5 sept. 2010 14:57:07 net.jxta.impl.rendezvous.rpv.PeerView seed
INFO: New Seeding...
5 sept. 2010 14:58:40 net.jxta.impl.rendezvous.rpv.PeerView seed
INFO: New Seeding...
5 sept. 2010 15:00:13 net.jxta.impl.rendezvous.rpv.PeerView seed
INFO: New Seeding...
5 sept. 2010 15:01:46 net.jxta.impl.rendezvous.rpv.PeerView seed
INFO: New Seeding...
5 sept. 2010 15:03:19 net.jxta.impl.rendezvous.rpv.PeerView seed
INFO: New Seeding...
5 sept. 2010 15:04:52 net.jxta.impl.rendezvous.rpv.PeerView seed
INFO: New Seeding...
5 sept. 2010 15:06:25 net.jxta.impl.rendezvous.rpv.PeerView seed
INFO: New Seeding...
5 sept. 2010 15:07:58 net.jxta.impl.rendezvous.rpv.PeerView seed
INFO: New Seeding...
5 sept. 2010 15:09:31 net.jxta.impl.rendezvous.rpv.PeerView seed
INFO: New Seeding...
5 sept. 2010 15:11:04 net.jxta.impl.rendezvous.rpv.PeerView seed
INFO: New Seeding...
5 sept. 2010 15:12:37 net.jxta.impl.rendezvous.rpv.PeerView seed
INFO: New Seeding...
5 sept. 2010 15:14:10 net.jxta.impl.rendezvous.rpv.PeerView seed
INFO: New Seeding...
5 sept. 2010 15:15:43 net.jxta.impl.rendezvous.rpv.PeerView seed
INFO: New Seeding...
5 sept. 2010 15:17:16 net.jxta.impl.rendezvous.rpv.PeerView seed
INFO: New Seeding...
5 sept. 2010 15:18:49 net.jxta.impl.rendezvous.rpv.PeerView seed
INFO: New Seeding...
5 sept. 2010 15:20:22 net.jxta.impl.rendezvous.rpv.PeerView seed
INFO: New Seeding...
5 sept. 2010 15:21:55 net.jxta.impl.rendezvous.rpv.PeerView seed
INFO: New Seeding...
5 sept. 2010 15:23:28 net.jxta.impl.rendezvous.rpv.PeerView seed
INFO: New Seeding...
5 sept. 2010 15:25:01 net.jxta.impl.rendezvous.rpv.PeerView seed
INFO: New Seeding...
5 sept. 2010 15:26:34 net.jxta.impl.rendezvous.rpv.PeerView seed
INFO: New Seeding...
5 sept. 2010 15:28:07 net.jxta.impl.rendezvous.rpv.PeerView seed
INFO: New Seeding...
5 sept. 2010 15:29:40 net.jxta.impl.rendezvous.rpv.PeerView seed
INFO: New Seeding...
5 sept. 2010 15:31:13 net.jxta.impl.rendezvous.rpv.PeerView seed
INFO: New Seeding...
5 sept. 2010 15:32:46 net.jxta.impl.rendezvous.rpv.PeerView seed
INFO: New Seeding...
5 sept. 2010 15:34:19 net.jxta.impl.rendezvous.rpv.PeerView seed
INFO: New Seeding...
5 sept. 2010 15:35:52 net.jxta.impl.rendezvous.rpv.PeerView seed
INFO: New Seeding...
5 sept. 2010 15:37:25 net.jxta.impl.rendezvous.rpv.PeerView seed
INFO: New Seeding...
5 sept. 2010 15:38:58 net.jxta.impl.rendezvous.rpv.PeerView seed
INFO: New Seeding...
5 sept. 2010 15:40:31 net.jxta.impl.rendezvous.rpv.PeerView seed
INFO: New Seeding...
5 sept. 2010 15:42:04 net.jxta.impl.rendezvous.rpv.PeerView seed
INFO: New Seeding...
5 sept. 2010 15:43:37 net.jxta.impl.rendezvous.rpv.PeerView seed
INFO: New Seeding...
5 sept. 2010 15:45:10 net.jxta.impl.rendezvous.rpv.PeerView seed
INFO: New Seeding...
5 sept. 2010 15:46:43 net.jxta.impl.rendezvous.rpv.PeerView seed
INFO: New Seeding...
5 sept. 2010 15:48:16 net.jxta.impl.rendezvous.rpv.PeerView seed
INFO: New Seeding...
5 sept. 2010 15:49:49 net.jxta.impl.rendezvous.rpv.PeerView seed
INFO: New Seeding...
5 sept. 2010 15:51:22 net.jxta.impl.rendezvous.rpv.PeerView seed
INFO: New Seeding...
5 sept. 2010 15:52:55 net.jxta.impl.rendezvous.rpv.PeerView seed
INFO: New Seeding...
5 sept. 2010 15:54:28 net.jxta.impl.rendezvous.rpv.PeerView seed
INFO: New Seeding...
5 sept. 2010 15:56:01 net.jxta.impl.rendezvous.rpv.PeerView seed
INFO: New Seeding...
5 sept. 2010 15:57:34 net.jxta.impl.rendezvous.rpv.PeerView seed
INFO: New Seeding...
5 sept. 2010 15:59:07 net.jxta.impl.rendezvous.rpv.PeerView seed
INFO: New Seeding...
5 sept. 2010 16:00:40 net.jxta.impl.rendezvous.rpv.PeerView seed
INFO: New Seeding...
5 sept. 2010 16:02:13 net.jxta.impl.rendezvous.rpv.PeerView seed
INFO: New Seeding...
5 sept. 2010 16:03:46 net.jxta.impl.rendezvous.rpv.PeerView seed
INFO: New Seeding...
5 sept. 2010 16:05:19 net.jxta.impl.rendezvous.rpv.PeerView seed
INFO: New Seeding...
5 sept. 2010 16:06:52 net.jxta.impl.rendezvous.rpv.PeerView seed
INFO: New Seeding...
5 sept. 2010 16:08:25 net.jxta.impl.rendezvous.rpv.PeerView seed
INFO: New Seeding...
5 sept. 2010 16:09:58 net.jxta.impl.rendezvous.rpv.PeerView seed
INFO: New Seeding...
5 sept. 2010 16:11:31 net.jxta.impl.rendezvous.rpv.PeerView seed
INFO: New Seeding...
5 sept. 2010 16:13:04 net.jxta.impl.rendezvous.rpv.PeerView seed
INFO: New Seeding...
5 sept. 2010 16:14:37 net.jxta.impl.rendezvous.rpv.PeerView seed
INFO: New Seeding...
5 sept. 2010 16:16:10 net.jxta.impl.rendezvous.rpv.PeerView seed
INFO: New Seeding...
5 sept. 2010 16:17:43 net.jxta.impl.rendezvous.rpv.PeerView seed
INFO: New Seeding...
5 sept. 2010 16:19:16 net.jxta.impl.rendezvous.rpv.PeerView seed
INFO: New Seeding...
5 sept. 2010 16:20:49 net.jxta.impl.rendezvous.rpv.PeerView seed
INFO: New Seeding...
5 sept. 2010 16:22:22 net.jxta.impl.rendezvous.rpv.PeerView seed
INFO: New Seeding...
5 sept. 2010 16:23:55 net.jxta.impl.rendezvous.rpv.PeerView seed
INFO: New Seeding...
5 sept. 2010 16:25:28 net.jxta.impl.rendezvous.rpv.PeerView seed
INFO: New Seeding...
5 sept. 2010 16:27:01 net.jxta.impl.rendezvous.rpv.PeerView seed
INFO: New Seeding...
5 sept. 2010 16:28:34 net.jxta.impl.rendezvous.rpv.PeerView seed
INFO: New Seeding...
5 sept. 2010 16:30:07 net.jxta.impl.rendezvous.rpv.PeerView seed
INFO: New Seeding...
5 sept. 2010 16:31:40 net.jxta.impl.rendezvous.rpv.PeerView seed
INFO: New Seeding...
5 sept. 2010 16:33:13 net.jxta.impl.rendezvous.rpv.PeerView seed
INFO: New Seeding...
5 sept. 2010 16:34:46 net.jxta.impl.rendezvous.rpv.PeerView seed
INFO: New Seeding...
5 sept. 2010 16:36:19 net.jxta.impl.rendezvous.rpv.PeerView seed
INFO: New Seeding...
5 sept. 2010 16:37:52 net.jxta.impl.rendezvous.rpv.PeerView seed
INFO: New Seeding...
5 sept. 2010 16:39:25 net.jxta.impl.rendezvous.rpv.PeerView seed
INFO: New Seeding...
5 sept. 2010 16:40:58 net.jxta.impl.rendezvous.rpv.PeerView seed
INFO: New Seeding...
5 sept. 2010 16:42:31 net.jxta.impl.rendezvous.rpv.PeerView seed
INFO: New Seeding...
5 sept. 2010 16:44:04 net.jxta.impl.rendezvous.rpv.PeerView seed
INFO: New Seeding...
5 sept. 2010 16:45:37 net.jxta.impl.rendezvous.rpv.PeerView seed
INFO: New Seeding...
5 sept. 2010 16:47:10 net.jxta.impl.rendezvous.rpv.PeerView seed
INFO: New Seeding...
5 sept. 2010 16:48:43 net.jxta.impl.rendezvous.rpv.PeerView seed
INFO: New Seeding...
5 sept. 2010 16:50:16 net.jxta.impl.rendezvous.rpv.PeerView seed
INFO: New Seeding...
5 sept. 2010 16:51:49 net.jxta.impl.rendezvous.rpv.PeerView seed
INFO: New Seeding...
5 sept. 2010 16:53:22 net.jxta.impl.rendezvous.rpv.PeerView seed
INFO: New Seeding...
5 sept. 2010 16:54:55 net.jxta.impl.rendezvous.rpv.PeerView seed
INFO: New Seeding...
5 sept. 2010 16:56:28 net.jxta.impl.rendezvous.rpv.PeerView seed
INFO: New Seeding...
5 sept. 2010 16:58:01 net.jxta.impl.rendezvous.rpv.PeerView seed
INFO: New Seeding...
5 sept. 2010 16:59:34 net.jxta.impl.rendezvous.rpv.PeerView seed
INFO: New Seeding...
5 sept. 2010 17:01:07 net.jxta.impl.rendezvous.rpv.PeerView seed
INFO: New Seeding...
5 sept. 2010 17:02:40 net.jxta.impl.rendezvous.rpv.PeerView seed
INFO: New Seeding...
5 sept. 2010 17:04:13 net.jxta.impl.rendezvous.rpv.PeerView seed
INFO: New Seeding...
5 sept. 2010 17:05:46 net.jxta.impl.rendezvous.rpv.PeerView seed
INFO: New Seeding...
5 sept. 2010 17:07:19 net.jxta.impl.rendezvous.rpv.PeerView seed
INFO: New Seeding...
5 sept. 2010 17:08:52 net.jxta.impl.rendezvous.rpv.PeerView seed
INFO: New Seeding...
5 sept. 2010 17:10:25 net.jxta.impl.rendezvous.rpv.PeerView seed
INFO: New Seeding...
5 sept. 2010 17:11:58 net.jxta.impl.rendezvous.rpv.PeerView seed
INFO: New Seeding...
5 sept. 2010 17:13:31 net.jxta.impl.rendezvous.rpv.PeerView seed
INFO: New Seeding...
5 sept. 2010 17:15:04 net.jxta.impl.rendezvous.rpv.PeerView seed
INFO: New Seeding...
5 sept. 2010 17:16:37 net.jxta.impl.rendezvous.rpv.PeerView seed
INFO: New Seeding...
5 sept. 2010 17:18:10 net.jxta.impl.rendezvous.rpv.PeerView seed
INFO: New Seeding...
5 sept. 2010 17:19:43 net.jxta.impl.rendezvous.rpv.PeerView seed
INFO: New Seeding...
5 sept. 2010 17:21:16 net.jxta.impl.rendezvous.rpv.PeerView seed
INFO: New Seeding...
5 sept. 2010 17:22:49 net.jxta.impl.rendezvous.rpv.PeerView seed
INFO: New Seeding...
5 sept. 2010 17:24:22 net.jxta.impl.rendezvous.rpv.PeerView seed
INFO: New Seeding...
5 sept. 2010 17:25:55 net.jxta.impl.rendezvous.rpv.PeerView seed
INFO: New Seeding...
5 sept. 2010 17:27:28 net.jxta.impl.rendezvous.rpv.PeerView seed
INFO: New Seeding...
5 sept. 2010 17:29:01 net.jxta.impl.rendezvous.rpv.PeerView seed
INFO: New Seeding...
5 sept. 2010 17:30:34 net.jxta.impl.rendezvous.rpv.PeerView seed
INFO: New Seeding...
5 sept. 2010 17:32:07 net.jxta.impl.rendezvous.rpv.PeerView seed
INFO: New Seeding...
5 sept. 2010 17:33:40 net.jxta.impl.rendezvous.rpv.PeerView seed
INFO: New Seeding...
5 sept. 2010 17:35:13 net.jxta.impl.rendezvous.rpv.PeerView seed
INFO: New Seeding...
5 sept. 2010 17:36:46 net.jxta.impl.rendezvous.rpv.PeerView seed
INFO: New Seeding...
5 sept. 2010 17:38:19 net.jxta.impl.rendezvous.rpv.PeerView seed
INFO: New Seeding...
5 sept. 2010 17:39:52 net.jxta.impl.rendezvous.rpv.PeerView seed
INFO: New Seeding...
5 sept. 2010 17:41:25 net.jxta.impl.rendezvous.rpv.PeerView seed
INFO: New Seeding...
5 sept. 2010 17:42:58 net.jxta.impl.rendezvous.rpv.PeerView seed
INFO: New Seeding...
5 sept. 2010 17:44:31 net.jxta.impl.rendezvous.rpv.PeerView seed
INFO: New Seeding...
5 sept. 2010 17:46:04 net.jxta.impl.rendezvous.rpv.PeerView seed
INFO: New Seeding...
5 sept. 2010 17:47:37 net.jxta.impl.rendezvous.rpv.PeerView seed
INFO: New Seeding...
5 sept. 2010 17:49:10 net.jxta.impl.rendezvous.rpv.PeerView seed
INFO: New Seeding...
5 sept. 2010 17:50:43 net.jxta.impl.rendezvous.rpv.PeerView seed
INFO: New Seeding...
5 sept. 2010 17:52:16 net.jxta.impl.rendezvous.rpv.PeerView seed
INFO: New Seeding...
5 sept. 2010 17:53:49 net.jxta.impl.rendezvous.rpv.PeerView seed
INFO: New Seeding...
5 sept. 2010 17:55:22 net.jxta.impl.rendezvous.rpv.PeerView seed
INFO: New Seeding...
5 sept. 2010 17:56:55 net.jxta.impl.rendezvous.rpv.PeerView seed
INFO: New Seeding...
5 sept. 2010 17:58:28 net.jxta.impl.rendezvous.rpv.PeerView seed
INFO: New Seeding...
5 sept. 2010 18:00:01 net.jxta.impl.rendezvous.rpv.PeerView seed
INFO: New Seeding...
5 sept. 2010 18:01:34 net.jxta.impl.rendezvous.rpv.PeerView seed
INFO: New Seeding...
5 sept. 2010 18:03:07 net.jxta.impl.rendezvous.rpv.PeerView seed
INFO: New Seeding...
5 sept. 2010 18:04:40 net.jxta.impl.rendezvous.rpv.PeerView seed
INFO: New Seeding...
5 sept. 2010 18:06:13 net.jxta.impl.rendezvous.rpv.PeerView seed
INFO: New Seeding...
5 sept. 2010 18:07:46 net.jxta.impl.rendezvous.rpv.PeerView seed
INFO: New Seeding...
5 sept. 2010 18:09:19 net.jxta.impl.rendezvous.rpv.PeerView seed
INFO: New Seeding...
5 sept. 2010 18:10:53 net.jxta.impl.rendezvous.rpv.PeerView seed
INFO: New Seeding...
5 sept. 2010 18:12:26 net.jxta.impl.rendezvous.rpv.PeerView seed
INFO: New Seeding...
5 sept. 2010 18:13:59 net.jxta.impl.rendezvous.rpv.PeerView seed
INFO: New Seeding...
5 sept. 2010 18:15:32 net.jxta.impl.rendezvous.rpv.PeerView seed
INFO: New Seeding...
5 sept. 2010 18:17:05 net.jxta.impl.rendezvous.rpv.PeerView seed
INFO: New Seeding...
5 sept. 2010 18:18:38 net.jxta.impl.rendezvous.rpv.PeerView seed
INFO: New Seeding...
5 sept. 2010 18:20:11 net.jxta.impl.rendezvous.rpv.PeerView seed
INFO: New Seeding...
5 sept. 2010 18:21:44 net.jxta.impl.rendezvous.rpv.PeerView seed
INFO: New Seeding...
5 sept. 2010 18:23:17 net.jxta.impl.rendezvous.rpv.PeerView seed
INFO: New Seeding...
5 sept. 2010 18:24:50 net.jxta.impl.rendezvous.rpv.PeerView seed
INFO: New Seeding...
5 sept. 2010 18:26:23 net.jxta.impl.rendezvous.rpv.PeerView seed
INFO: New Seeding...
5 sept. 2010 18:27:56 net.jxta.impl.rendezvous.rpv.PeerView seed
INFO: New Seeding...
5 sept. 2010 18:29:29 net.jxta.impl.rendezvous.rpv.PeerView seed
INFO: New Seeding...
5 sept. 2010 18:31:02 net.jxta.impl.rendezvous.rpv.PeerView seed
INFO: New Seeding...
5 sept. 2010 18:32:35 net.jxta.impl.rendezvous.rpv.PeerView seed
INFO: New Seeding...
5 sept. 2010 18:34:08 net.jxta.impl.rendezvous.rpv.PeerView seed
INFO: New Seeding...
5 sept. 2010 18:35:41 net.jxta.impl.rendezvous.rpv.PeerView seed
INFO: New Seeding...
5 sept. 2010 18:37:14 net.jxta.impl.rendezvous.rpv.PeerView seed
INFO: New Seeding...
5 sept. 2010 18:38:47 net.jxta.impl.rendezvous.rpv.PeerView seed
INFO: New Seeding...
5 sept. 2010 18:40:20 net.jxta.impl.rendezvous.rpv.PeerView seed
INFO: New Seeding...
5 sept. 2010 18:41:53 net.jxta.impl.rendezvous.rpv.PeerView seed
INFO: New Seeding...
5 sept. 2010 18:43:26 net.jxta.impl.rendezvous.rpv.PeerView seed
INFO: New Seeding...
5 sept. 2010 18:44:59 net.jxta.impl.rendezvous.rpv.PeerView seed
INFO: New Seeding...
5 sept. 2010 18:46:32 net.jxta.impl.rendezvous.rpv.PeerView seed
INFO: New Seeding...
5 sept. 2010 18:48:05 net.jxta.impl.rendezvous.rpv.PeerView seed
INFO: New Seeding...
5 sept. 2010 18:49:38 net.jxta.impl.rendezvous.rpv.PeerView seed
INFO: New Seeding...
5 sept. 2010 18:51:11 net.jxta.impl.rendezvous.rpv.PeerView seed
INFO: New Seeding...
5 sept. 2010 18:52:44 net.jxta.impl.rendezvous.rpv.PeerView seed
INFO: New Seeding...
5 sept. 2010 18:54:17 net.jxta.impl.rendezvous.rpv.PeerView seed
INFO: New Seeding...
5 sept. 2010 18:55:50 net.jxta.impl.rendezvous.rpv.PeerView seed
INFO: New Seeding...
5 sept. 2010 18:57:23 net.jxta.impl.rendezvous.rpv.PeerView seed
INFO: New Seeding...
5 sept. 2010 18:58:56 net.jxta.impl.rendezvous.rpv.PeerView seed
INFO: New Seeding...
5 sept. 2010 19:00:29 net.jxta.impl.rendezvous.rpv.PeerView seed
INFO: New Seeding...
5 sept. 2010 19:02:02 net.jxta.impl.rendezvous.rpv.PeerView seed
INFO: New Seeding...
5 sept. 2010 19:03:35 net.jxta.impl.rendezvous.rpv.PeerView seed
INFO: New Seeding...
5 sept. 2010 19:05:08 net.jxta.impl.rendezvous.rpv.PeerView seed
INFO: New Seeding...
5 sept. 2010 19:06:41 net.jxta.impl.rendezvous.rpv.PeerView seed
INFO: New Seeding...
5 sept. 2010 19:08:14 net.jxta.impl.rendezvous.rpv.PeerView seed
INFO: New Seeding...
5 sept. 2010 19:09:47 net.jxta.impl.rendezvous.rpv.PeerView seed
INFO: New Seeding...
5 sept. 2010 19:11:20 net.jxta.impl.rendezvous.rpv.PeerView seed
INFO: New Seeding...
5 sept. 2010 19:12:53 net.jxta.impl.rendezvous.rpv.PeerView seed
INFO: New Seeding...
5 sept. 2010 19:14:26 net.jxta.impl.rendezvous.rpv.PeerView seed
INFO: New Seeding...
5 sept. 2010 19:15:59 net.jxta.impl.rendezvous.rpv.PeerView seed
INFO: New Seeding...
5 sept. 2010 19:17:32 net.jxta.impl.rendezvous.rpv.PeerView seed
INFO: New Seeding...
5 sept. 2010 19:19:05 net.jxta.impl.rendezvous.rpv.PeerView seed
INFO: New Seeding...
5 sept. 2010 19:20:38 net.jxta.impl.rendezvous.rpv.PeerView seed
INFO: New Seeding...
5 sept. 2010 19:22:11 net.jxta.impl.rendezvous.rpv.PeerView seed
INFO: New Seeding...
5 sept. 2010 19:23:44 net.jxta.impl.rendezvous.rpv.PeerView seed
INFO: New Seeding...
5 sept. 2010 19:25:17 net.jxta.impl.rendezvous.rpv.PeerView seed
INFO: New Seeding...
5 sept. 2010 19:26:50 net.jxta.impl.rendezvous.rpv.PeerView seed
INFO: New Seeding...
5 sept. 2010 19:28:23 net.jxta.impl.rendezvous.rpv.PeerView seed
INFO: New Seeding...
5 sept. 2010 19:29:56 net.jxta.impl.rendezvous.rpv.PeerView seed
INFO: New Seeding...
5 sept. 2010 19:31:29 net.jxta.impl.rendezvous.rpv.PeerView seed
INFO: New Seeding...
5 sept. 2010 19:33:02 net.jxta.impl.rendezvous.rpv.PeerView seed
INFO: New Seeding...
5 sept. 2010 19:34:35 net.jxta.impl.rendezvous.rpv.PeerView seed
INFO: New Seeding...
5 sept. 2010 19:36:08 net.jxta.impl.rendezvous.rpv.PeerView seed
INFO: New Seeding...
5 sept. 2010 19:37:41 net.jxta.impl.rendezvous.rpv.PeerView seed
INFO: New Seeding...
5 sept. 2010 19:39:14 net.jxta.impl.rendezvous.rpv.PeerView seed
INFO: New Seeding...
5 sept. 2010 19:40:47 net.jxta.impl.rendezvous.rpv.PeerView seed
INFO: New Seeding...
5 sept. 2010 19:42:20 net.jxta.impl.rendezvous.rpv.PeerView seed
INFO: New Seeding...
5 sept. 2010 19:43:53 net.jxta.impl.rendezvous.rpv.PeerView seed
INFO: New Seeding...
5 sept. 2010 19:45:26 net.jxta.impl.rendezvous.rpv.PeerView seed
INFO: New Seeding...
5 sept. 2010 19:46:59 net.jxta.impl.rendezvous.rpv.PeerView seed
INFO: New Seeding...
5 sept. 2010 19:48:32 net.jxta.impl.rendezvous.rpv.PeerView seed
INFO: New Seeding...
5 sept. 2010 19:50:05 net.jxta.impl.rendezvous.rpv.PeerView seed
INFO: New Seeding...
5 sept. 2010 19:51:38 net.jxta.impl.rendezvous.rpv.PeerView seed
INFO: New Seeding...
6 sept. 2010 20:56:34 net.jxta.impl.rendezvous.rpv.PeerView seed
INFO: New Seeding...
6 sept. 2010 20:58:07 net.jxta.impl.rendezvous.rpv.PeerView seed
INFO: New Seeding...
6 sept. 2010 20:59:40 net.jxta.impl.rendezvous.rpv.PeerView seed
INFO: New Seeding...
6 sept. 2010 21:01:13 net.jxta.impl.rendezvous.rpv.PeerView seed
INFO: New Seeding...
6 sept. 2010 21:02:46 net.jxta.impl.rendezvous.rpv.PeerView seed
INFO: New Seeding...
6 sept. 2010 21:04:19 net.jxta.impl.rendezvous.rpv.PeerView seed
INFO: New Seeding...
6 sept. 2010 21:05:52 net.jxta.impl.rendezvous.rpv.PeerView seed
INFO: New Seeding...
6 sept. 2010 21:07:25 net.jxta.impl.rendezvous.rpv.PeerView seed
INFO: New Seeding...
6 sept. 2010 21:08:58 net.jxta.impl.rendezvous.rpv.PeerView seed
INFO: New Seeding...
6 sept. 2010 21:10:31 net.jxta.impl.rendezvous.rpv.PeerView seed
INFO: New Seeding...
6 sept. 2010 21:11:53 net.jxta.impl.endpoint.tcp.TcpMessenger <init>
INFO: Connection from 127.0.0.1:56375
6 sept. 2010 21:12:04 net.jxta.impl.rendezvous.rpv.PeerView seed
INFO: New Seeding...
6 sept. 2010 21:12:22 net.jxta.impl.endpoint.tcp.TcpMessenger closeImpl
INFO: Normal close (open 28696ms) of socket to : tcp://10.0.0.21:26419 / 127.0.0.1:56375
6 sept. 2010 21:13:37 net.jxta.impl.rendezvous.rpv.PeerView seed
INFO: New Seeding...
6 sept. 2010 21:15:10 net.jxta.impl.rendezvous.rpv.PeerView seed
INFO: New Seeding...
6 sept. 2010 21:16:43 net.jxta.impl.rendezvous.rpv.PeerView seed
INFO: New Seeding...
6 sept. 2010 21:18:16 net.jxta.impl.rendezvous.rpv.PeerView seed
INFO: New Seeding...
6 sept. 2010 21:19:49 net.jxta.impl.rendezvous.rpv.PeerView seed
INFO: New Seeding...
6 sept. 2010 21:21:22 net.jxta.impl.rendezvous.rpv.PeerView seed
INFO: New Seeding...
6 sept. 2010 21:22:55 net.jxta.impl.rendezvous.rpv.PeerView seed
INFO: New Seeding...
6 sept. 2010 21:24:28 net.jxta.impl.rendezvous.rpv.PeerView seed
INFO: New Seeding...
6 sept. 2010 21:26:01 net.jxta.impl.rendezvous.rpv.PeerView seed
INFO: New Seeding...
6 sept. 2010 21:27:34 net.jxta.impl.rendezvous.rpv.PeerView seed
INFO: New Seeding...
6 sept. 2010 21:29:07 net.jxta.impl.rendezvous.rpv.PeerView seed
INFO: New Seeding...
6 sept. 2010 21:30:40 net.jxta.impl.rendezvous.rpv.PeerView seed
INFO: New Seeding...
6 sept. 2010 21:32:13 net.jxta.impl.rendezvous.rpv.PeerView seed
INFO: New Seeding...
6 sept. 2010 21:33:46 net.jxta.impl.rendezvous.rpv.PeerView seed
INFO: New Seeding...
6 sept. 2010 21:35:19 net.jxta.impl.rendezvous.rpv.PeerView seed
INFO: New Seeding...
6 sept. 2010 21:36:52 net.jxta.impl.rendezvous.rpv.PeerView seed
INFO: New Seeding...
6 sept. 2010 21:38:25 net.jxta.impl.rendezvous.rpv.PeerView seed
INFO: New Seeding...
6 sept. 2010 21:39:58 net.jxta.impl.rendezvous.rpv.PeerView seed
INFO: New Seeding...
6 sept. 2010 21:41:31 net.jxta.impl.rendezvous.rpv.PeerView seed
INFO: New Seeding...
6 sept. 2010 21:43:04 net.jxta.impl.rendezvous.rpv.PeerView seed
INFO: New Seeding...
6 sept. 2010 21:44:37 net.jxta.impl.rendezvous.rpv.PeerView seed
INFO: New Seeding...
6 sept. 2010 21:46:10 net.jxta.impl.rendezvous.rpv.PeerView seed
INFO: New Seeding...
6 sept. 2010 21:47:43 net.jxta.impl.rendezvous.rpv.PeerView seed
INFO: New Seeding...
6 sept. 2010 21:49:16 net.jxta.impl.rendezvous.rpv.PeerView seed
INFO: New Seeding...
6 sept. 2010 21:50:49 net.jxta.impl.rendezvous.rpv.PeerView seed
INFO: New Seeding...
6 sept. 2010 21:52:22 net.jxta.impl.rendezvous.rpv.PeerView seed
INFO: New Seeding...
6 sept. 2010 21:53:55 net.jxta.impl.rendezvous.rpv.PeerView seed
INFO: New Seeding...
6 sept. 2010 21:55:28 net.jxta.impl.rendezvous.rpv.PeerView seed
INFO: New Seeding...
6 sept. 2010 21:57:01 net.jxta.impl.rendezvous.rpv.PeerView seed
INFO: New Seeding...
6 sept. 2010 21:58:34 net.jxta.impl.rendezvous.rpv.PeerView seed
INFO: New Seeding...
6 sept. 2010 22:00:07 net.jxta.impl.rendezvous.rpv.PeerView seed
INFO: New Seeding...
6 sept. 2010 22:01:40 net.jxta.impl.rendezvous.rpv.PeerView seed
INFO: New Seeding...
6 sept. 2010 22:03:13 net.jxta.impl.rendezvous.rpv.PeerView seed
INFO: New Seeding...
6 sept. 2010 22:04:46 net.jxta.impl.rendezvous.rpv.PeerView seed
INFO: New Seeding...
6 sept. 2010 22:06:19 net.jxta.impl.rendezvous.rpv.PeerView seed
INFO: New Seeding...
6 sept. 2010 22:07:52 net.jxta.impl.rendezvous.rpv.PeerView seed
INFO: New Seeding...
6 sept. 2010 22:09:25 net.jxta.impl.rendezvous.rpv.PeerView seed
INFO: New Seeding...
6 sept. 2010 22:10:58 net.jxta.impl.rendezvous.rpv.PeerView seed
INFO: New Seeding...
6 sept. 2010 22:12:31 net.jxta.impl.rendezvous.rpv.PeerView seed
INFO: New Seeding...
6 sept. 2010 22:14:04 net.jxta.impl.rendezvous.rpv.PeerView seed
INFO: New Seeding...
6 sept. 2010 22:15:37 net.jxta.impl.rendezvous.rpv.PeerView seed
INFO: New Seeding...
6 sept. 2010 22:17:10 net.jxta.impl.rendezvous.rpv.PeerView seed
INFO: New Seeding...
6 sept. 2010 22:18:43 net.jxta.impl.rendezvous.rpv.PeerView seed
INFO: New Seeding...
6 sept. 2010 22:20:16 net.jxta.impl.rendezvous.rpv.PeerView seed
INFO: New Seeding...
6 sept. 2010 22:21:49 net.jxta.impl.rendezvous.rpv.PeerView seed
INFO: New Seeding...
6 sept. 2010 22:23:22 net.jxta.impl.rendezvous.rpv.PeerView seed
INFO: New Seeding...
6 sept. 2010 22:24:55 net.jxta.impl.rendezvous.rpv.PeerView seed
INFO: New Seeding...
6 sept. 2010 22:26:28 net.jxta.impl.rendezvous.rpv.PeerView seed
INFO: New Seeding...
6 sept. 2010 22:28:01 net.jxta.impl.rendezvous.rpv.PeerView seed
INFO: New Seeding...
6 sept. 2010 22:29:34 net.jxta.impl.rendezvous.rpv.PeerView seed
INFO: New Seeding...
6 sept. 2010 22:31:07 net.jxta.impl.rendezvous.rpv.PeerView seed
INFO: New Seeding...
6 sept. 2010 22:32:40 net.jxta.impl.rendezvous.rpv.PeerView seed
INFO: New Seeding...
6 sept. 2010 22:34:13 net.jxta.impl.rendezvous.rpv.PeerView seed
INFO: New Seeding...
6 sept. 2010 22:35:46 net.jxta.impl.rendezvous.rpv.PeerView seed
INFO: New Seeding...
6 sept. 2010 22:37:19 net.jxta.impl.rendezvous.rpv.PeerView seed
INFO: New Seeding...
6 sept. 2010 22:38:52 net.jxta.impl.rendezvous.rpv.PeerView seed
INFO: New Seeding...
6 sept. 2010 22:40:25 net.jxta.impl.rendezvous.rpv.PeerView seed
INFO: New Seeding...
6 sept. 2010 22:41:58 net.jxta.impl.rendezvous.rpv.PeerView seed
INFO: New Seeding...
6 sept. 2010 22:43:31 net.jxta.impl.rendezvous.rpv.PeerView seed
INFO: New Seeding...
6 sept. 2010 22:45:04 net.jxta.impl.rendezvous.rpv.PeerView seed
INFO: New Seeding...
6 sept. 2010 22:46:37 net.jxta.impl.rendezvous.rpv.PeerView seed
INFO: New Seeding...
6 sept. 2010 22:48:10 net.jxta.impl.rendezvous.rpv.PeerView seed
INFO: New Seeding...
6 sept. 2010 22:49:43 net.jxta.impl.rendezvous.rpv.PeerView seed
INFO: New Seeding...
6 sept. 2010 22:51:16 net.jxta.impl.rendezvous.rpv.PeerView seed
INFO: New Seeding...
6 sept. 2010 22:52:49 net.jxta.impl.rendezvous.rpv.PeerView seed
INFO: New Seeding...
6 sept. 2010 22:54:22 net.jxta.impl.rendezvous.rpv.PeerView seed
INFO: New Seeding...
6 sept. 2010 22:55:55 net.jxta.impl.rendezvous.rpv.PeerView seed
INFO: New Seeding...
6 sept. 2010 22:57:28 net.jxta.impl.rendezvous.rpv.PeerView seed
INFO: New Seeding...
6 sept. 2010 22:59:01 net.jxta.impl.rendezvous.rpv.PeerView seed
INFO: New Seeding...
6 sept. 2010 23:00:34 net.jxta.impl.rendezvous.rpv.PeerView seed
INFO: New Seeding...
6 sept. 2010 23:02:07 net.jxta.impl.rendezvous.rpv.PeerView seed
INFO: New Seeding...
6 sept. 2010 23:03:40 net.jxta.impl.rendezvous.rpv.PeerView seed
INFO: New Seeding...
6 sept. 2010 23:05:13 net.jxta.impl.rendezvous.rpv.PeerView seed
INFO: New Seeding...
6 sept. 2010 23:06:46 net.jxta.impl.rendezvous.rpv.PeerView seed
INFO: New Seeding...
6 sept. 2010 23:08:19 net.jxta.impl.rendezvous.rpv.PeerView seed
INFO: New Seeding...
6 sept. 2010 23:09:52 net.jxta.impl.rendezvous.rpv.PeerView seed
INFO: New Seeding...
6 sept. 2010 23:11:25 net.jxta.impl.rendezvous.rpv.PeerView seed
INFO: New Seeding...
6 sept. 2010 23:12:58 net.jxta.impl.rendezvous.rpv.PeerView seed
INFO: New Seeding...
6 sept. 2010 23:14:31 net.jxta.impl.rendezvous.rpv.PeerView seed
INFO: New Seeding...
6 sept. 2010 23:16:04 net.jxta.impl.rendezvous.rpv.PeerView seed
INFO: New Seeding...
6 sept. 2010 23:17:37 net.jxta.impl.rendezvous.rpv.PeerView seed
INFO: New Seeding...
6 sept. 2010 23:19:10 net.jxta.impl.rendezvous.rpv.PeerView seed
INFO: New Seeding...
6 sept. 2010 23:20:43 net.jxta.impl.rendezvous.rpv.PeerView seed
INFO: New Seeding...
6 sept. 2010 23:22:16 net.jxta.impl.rendezvous.rpv.PeerView seed
INFO: New Seeding...
6 sept. 2010 23:23:49 net.jxta.impl.rendezvous.rpv.PeerView seed
INFO: New Seeding...
6 sept. 2010 23:25:22 net.jxta.impl.rendezvous.rpv.PeerView seed
INFO: New Seeding...
6 sept. 2010 23:26:55 net.jxta.impl.rendezvous.rpv.PeerView seed
INFO: New Seeding...
6 sept. 2010 23:28:28 net.jxta.impl.rendezvous.rpv.PeerView seed
INFO: New Seeding...
6 sept. 2010 23:30:01 net.jxta.impl.rendezvous.rpv.PeerView seed
INFO: New Seeding...
6 sept. 2010 23:31:34 net.jxta.impl.rendezvous.rpv.PeerView seed
INFO: New Seeding...
6 sept. 2010 23:33:07 net.jxta.impl.rendezvous.rpv.PeerView seed
INFO: New Seeding...
6 sept. 2010 23:34:40 net.jxta.impl.rendezvous.rpv.PeerView seed
INFO: New Seeding...
6 sept. 2010 23:36:13 net.jxta.impl.rendezvous.rpv.PeerView seed
INFO: New Seeding...
6 sept. 2010 23:37:47 net.jxta.impl.rendezvous.rpv.PeerView seed
INFO: New Seeding...
7 sept. 2010 18:19:55 net.jxta.impl.rendezvous.rpv.PeerView seed
INFO: New Seeding...
7 sept. 2010 18:21:28 net.jxta.impl.rendezvous.rpv.PeerView seed
INFO: New Seeding...
7 sept. 2010 18:23:01 net.jxta.impl.rendezvous.rpv.PeerView seed
INFO: New Seeding...
7 sept. 2010 18:24:34 net.jxta.impl.rendezvous.rpv.PeerView seed
INFO: New Seeding...
7 sept. 2010 18:26:07 net.jxta.impl.rendezvous.rpv.PeerView seed
INFO: New Seeding...
7 sept. 2010 18:27:40 net.jxta.impl.rendezvous.rpv.PeerView seed
INFO: New Seeding...
7 sept. 2010 18:29:13 net.jxta.impl.rendezvous.rpv.PeerView seed
INFO: New Seeding...
7 sept. 2010 18:30:46 net.jxta.impl.rendezvous.rpv.PeerView seed
INFO: New Seeding...
7 sept. 2010 18:32:19 net.jxta.impl.rendezvous.rpv.PeerView seed
INFO: New Seeding...
7 sept. 2010 18:33:52 net.jxta.impl.rendezvous.rpv.PeerView seed
INFO: New Seeding...
7 sept. 2010 18:35:25 net.jxta.impl.rendezvous.rpv.PeerView seed
INFO: New Seeding...
7 sept. 2010 18:36:58 net.jxta.impl.rendezvous.rpv.PeerView seed
INFO: New Seeding...
7 sept. 2010 18:38:31 net.jxta.impl.rendezvous.rpv.PeerView seed
INFO: New Seeding...
7 sept. 2010 18:40:04 net.jxta.impl.rendezvous.rpv.PeerView seed
INFO: New Seeding...
7 sept. 2010 18:41:37 net.jxta.impl.rendezvous.rpv.PeerView seed
INFO: New Seeding...
7 sept. 2010 18:43:10 net.jxta.impl.rendezvous.rpv.PeerView seed
INFO: New Seeding...
7 sept. 2010 18:44:43 net.jxta.impl.rendezvous.rpv.PeerView seed
INFO: New Seeding...
7 sept. 2010 18:46:16 net.jxta.impl.rendezvous.rpv.PeerView seed
INFO: New Seeding...
7 sept. 2010 18:47:49 net.jxta.impl.rendezvous.rpv.PeerView seed
INFO: New Seeding...
7 sept. 2010 18:49:22 net.jxta.impl.rendezvous.rpv.PeerView seed
INFO: New Seeding...
7 sept. 2010 18:50:55 net.jxta.impl.rendezvous.rpv.PeerView seed
INFO: New Seeding...
7 sept. 2010 18:52:28 net.jxta.impl.rendezvous.rpv.PeerView seed
INFO: New Seeding...
7 sept. 2010 18:54:01 net.jxta.impl.rendezvous.rpv.PeerView seed
INFO: New Seeding...
7 sept. 2010 18:55:34 net.jxta.impl.rendezvous.rpv.PeerView seed
INFO: New Seeding...
7 sept. 2010 18:57:07 net.jxta.impl.rendezvous.rpv.PeerView seed
INFO: New Seeding...
7 sept. 2010 18:58:40 net.jxta.impl.rendezvous.rpv.PeerView seed
INFO: New Seeding...
7 sept. 2010 19:00:13 net.jxta.impl.rendezvous.rpv.PeerView seed
INFO: New Seeding...
7 sept. 2010 19:01:46 net.jxta.impl.rendezvous.rpv.PeerView seed
INFO: New Seeding...
7 sept. 2010 19:03:19 net.jxta.impl.rendezvous.rpv.PeerView seed
INFO: New Seeding...
7 sept. 2010 19:04:52 net.jxta.impl.rendezvous.rpv.PeerView seed
INFO: New Seeding...
7 sept. 2010 19:06:25 net.jxta.impl.rendezvous.rpv.PeerView seed
INFO: New Seeding...
7 sept. 2010 19:07:58 net.jxta.impl.rendezvous.rpv.PeerView seed
INFO: New Seeding...
7 sept. 2010 19:09:31 net.jxta.impl.rendezvous.rpv.PeerView seed
INFO: New Seeding...
7 sept. 2010 19:11:04 net.jxta.impl.rendezvous.rpv.PeerView seed
INFO: New Seeding...
7 sept. 2010 19:12:37 net.jxta.impl.rendezvous.rpv.PeerView seed
INFO: New Seeding...
7 sept. 2010 19:14:10 net.jxta.impl.rendezvous.rpv.PeerView seed
INFO: New Seeding...
7 sept. 2010 19:15:43 net.jxta.impl.rendezvous.rpv.PeerView seed
INFO: New Seeding...
7 sept. 2010 19:17:16 net.jxta.impl.rendezvous.rpv.PeerView seed
INFO: New Seeding...
7 sept. 2010 19:18:49 net.jxta.impl.rendezvous.rpv.PeerView seed
INFO: New Seeding...
7 sept. 2010 19:20:22 net.jxta.impl.rendezvous.rpv.PeerView seed
INFO: New Seeding...
7 sept. 2010 19:21:55 net.jxta.impl.rendezvous.rpv.PeerView seed
INFO: New Seeding...
7 sept. 2010 19:23:28 net.jxta.impl.rendezvous.rpv.PeerView seed
INFO: New Seeding...
7 sept. 2010 19:25:01 net.jxta.impl.rendezvous.rpv.PeerView seed
INFO: New Seeding...
7 sept. 2010 19:26:34 net.jxta.impl.rendezvous.rpv.PeerView seed
INFO: New Seeding...
7 sept. 2010 19:28:07 net.jxta.impl.rendezvous.rpv.PeerView seed
INFO: New Seeding...
7 sept. 2010 19:29:40 net.jxta.impl.rendezvous.rpv.PeerView seed
INFO: New Seeding...
7 sept. 2010 19:31:13 net.jxta.impl.rendezvous.rpv.PeerView seed
INFO: New Seeding...
7 sept. 2010 19:32:46 net.jxta.impl.rendezvous.rpv.PeerView seed
INFO: New Seeding...
7 sept. 2010 19:34:19 net.jxta.impl.rendezvous.rpv.PeerView seed
INFO: New Seeding...
7 sept. 2010 19:35:52 net.jxta.impl.rendezvous.rpv.PeerView seed
INFO: New Seeding...
7 sept. 2010 19:37:25 net.jxta.impl.rendezvous.rpv.PeerView seed
INFO: New Seeding...
7 sept. 2010 19:38:58 net.jxta.impl.rendezvous.rpv.PeerView seed
INFO: New Seeding...
7 sept. 2010 19:40:31 net.jxta.impl.rendezvous.rpv.PeerView seed
INFO: New Seeding...
7 sept. 2010 19:42:04 net.jxta.impl.rendezvous.rpv.PeerView seed
INFO: New Seeding...
7 sept. 2010 19:43:37 net.jxta.impl.rendezvous.rpv.PeerView seed
INFO: New Seeding...
7 sept. 2010 19:45:10 net.jxta.impl.rendezvous.rpv.PeerView seed
INFO: New Seeding...
7 sept. 2010 19:46:43 net.jxta.impl.rendezvous.rpv.PeerView seed
INFO: New Seeding...
7 sept. 2010 19:48:16 net.jxta.impl.rendezvous.rpv.PeerView seed
INFO: New Seeding...
7 sept. 2010 19:49:49 net.jxta.impl.rendezvous.rpv.PeerView seed
INFO: New Seeding...
7 sept. 2010 19:51:22 net.jxta.impl.rendezvous.rpv.PeerView seed
INFO: New Seeding...
7 sept. 2010 19:52:55 net.jxta.impl.rendezvous.rpv.PeerView seed
INFO: New Seeding...
7 sept. 2010 19:54:28 net.jxta.impl.rendezvous.rpv.PeerView seed
INFO: New Seeding...
7 sept. 2010 19:56:01 net.jxta.impl.rendezvous.rpv.PeerView seed
INFO: New Seeding...
7 sept. 2010 19:57:34 net.jxta.impl.rendezvous.rpv.PeerView seed
INFO: New Seeding...
7 sept. 2010 19:59:07 net.jxta.impl.rendezvous.rpv.PeerView seed
INFO: New Seeding...
7 sept. 2010 20:00:40 net.jxta.impl.rendezvous.rpv.PeerView seed
INFO: New Seeding...
7 sept. 2010 20:02:13 net.jxta.impl.rendezvous.rpv.PeerView seed
INFO: New Seeding...
7 sept. 2010 20:03:46 net.jxta.impl.rendezvous.rpv.PeerView seed
INFO: New Seeding...
7 sept. 2010 20:05:19 net.jxta.impl.rendezvous.rpv.PeerView seed
INFO: New Seeding...
7 sept. 2010 20:06:52 net.jxta.impl.rendezvous.rpv.PeerView seed
INFO: New Seeding...
7 sept. 2010 20:08:25 net.jxta.impl.rendezvous.rpv.PeerView seed
INFO: New Seeding...
7 sept. 2010 20:09:58 net.jxta.impl.rendezvous.rpv.PeerView seed
INFO: New Seeding...
7 sept. 2010 20:11:31 net.jxta.impl.rendezvous.rpv.PeerView seed
INFO: New Seeding...
7 sept. 2010 20:13:04 net.jxta.impl.rendezvous.rpv.PeerView seed
INFO: New Seeding...
7 sept. 2010 20:14:37 net.jxta.impl.rendezvous.rpv.PeerView seed
INFO: New Seeding...
7 sept. 2010 20:16:10 net.jxta.impl.rendezvous.rpv.PeerView seed
INFO: New Seeding...
7 sept. 2010 20:17:43 net.jxta.impl.rendezvous.rpv.PeerView seed
INFO: New Seeding...
7 sept. 2010 20:19:16 net.jxta.impl.rendezvous.rpv.PeerView seed
INFO: New Seeding...
7 sept. 2010 20:20:49 net.jxta.impl.rendezvous.rpv.PeerView seed
INFO: New Seeding...
7 sept. 2010 20:22:23 net.jxta.impl.rendezvous.rpv.PeerView seed
INFO: New Seeding...
7 sept. 2010 20:23:56 net.jxta.impl.rendezvous.rpv.PeerView seed
INFO: New Seeding...
7 sept. 2010 20:25:29 net.jxta.impl.rendezvous.rpv.PeerView seed
INFO: New Seeding...
7 sept. 2010 20:27:02 net.jxta.impl.rendezvous.rpv.PeerView seed
INFO: New Seeding...
7 sept. 2010 20:28:35 net.jxta.impl.rendezvous.rpv.PeerView seed
INFO: New Seeding...
7 sept. 2010 20:30:08 net.jxta.impl.rendezvous.rpv.PeerView seed
INFO: New Seeding...
7 sept. 2010 20:31:41 net.jxta.impl.rendezvous.rpv.PeerView seed
INFO: New Seeding...
7 sept. 2010 20:33:14 net.jxta.impl.rendezvous.rpv.PeerView seed
INFO: New Seeding...
7 sept. 2010 20:34:47 net.jxta.impl.rendezvous.rpv.PeerView seed
INFO: New Seeding...
7 sept. 2010 20:36:20 net.jxta.impl.rendezvous.rpv.PeerView seed
INFO: New Seeding...
7 sept. 2010 20:37:53 net.jxta.impl.rendezvous.rpv.PeerView seed
INFO: New Seeding...
7 sept. 2010 20:39:26 net.jxta.impl.rendezvous.rpv.PeerView seed
INFO: New Seeding...
7 sept. 2010 20:40:59 net.jxta.impl.rendezvous.rpv.PeerView seed
INFO: New Seeding...
7 sept. 2010 20:42:32 net.jxta.impl.rendezvous.rpv.PeerView seed
INFO: New Seeding...
7 sept. 2010 20:44:05 net.jxta.impl.rendezvous.rpv.PeerView seed
INFO: New Seeding...
7 sept. 2010 20:45:38 net.jxta.impl.rendezvous.rpv.PeerView seed
INFO: New Seeding...
7 sept. 2010 20:47:11 net.jxta.impl.rendezvous.rpv.PeerView seed
INFO: New Seeding...
7 sept. 2010 20:48:44 net.jxta.impl.rendezvous.rpv.PeerView seed
INFO: New Seeding...
7 sept. 2010 20:50:17 net.jxta.impl.rendezvous.rpv.PeerView seed
INFO: New Seeding...
7 sept. 2010 20:51:50 net.jxta.impl.rendezvous.rpv.PeerView seed
INFO: New Seeding...
7 sept. 2010 20:53:23 net.jxta.impl.rendezvous.rpv.PeerView seed
INFO: New Seeding...
7 sept. 2010 20:54:56 net.jxta.impl.rendezvous.rpv.PeerView seed
INFO: New Seeding...
7 sept. 2010 20:56:29 net.jxta.impl.rendezvous.rpv.PeerView seed
INFO: New Seeding...
7 sept. 2010 20:58:02 net.jxta.impl.rendezvous.rpv.PeerView seed
INFO: New Seeding...
7 sept. 2010 20:59:35 net.jxta.impl.rendezvous.rpv.PeerView seed
INFO: New Seeding...
7 sept. 2010 21:01:08 net.jxta.impl.rendezvous.rpv.PeerView seed
INFO: New Seeding...
7 sept. 2010 21:02:41 net.jxta.impl.rendezvous.rpv.PeerView seed
INFO: New Seeding...
7 sept. 2010 21:04:14 net.jxta.impl.rendezvous.rpv.PeerView seed
INFO: New Seeding...
7 sept. 2010 21:05:47 net.jxta.impl.rendezvous.rpv.PeerView seed
INFO: New Seeding...
7 sept. 2010 21:07:20 net.jxta.impl.rendezvous.rpv.PeerView seed
INFO: New Seeding...
7 sept. 2010 21:08:53 net.jxta.impl.rendezvous.rpv.PeerView seed
INFO: New Seeding...
7 sept. 2010 21:10:26 net.jxta.impl.rendezvous.rpv.PeerView seed
INFO: New Seeding...
7 sept. 2010 21:11:59 net.jxta.impl.rendezvous.rpv.PeerView seed
INFO: New Seeding...
7 sept. 2010 21:13:32 net.jxta.impl.rendezvous.rpv.PeerView seed
INFO: New Seeding...
7 sept. 2010 21:15:05 net.jxta.impl.rendezvous.rpv.PeerView seed
INFO: New Seeding...
7 sept. 2010 21:16:38 net.jxta.impl.rendezvous.rpv.PeerView seed
INFO: New Seeding...
7 sept. 2010 21:18:11 net.jxta.impl.rendezvous.rpv.PeerView seed
INFO: New Seeding...
7 sept. 2010 21:19:44 net.jxta.impl.rendezvous.rpv.PeerView seed
INFO: New Seeding...
7 sept. 2010 21:21:17 net.jxta.impl.rendezvous.rpv.PeerView seed
INFO: New Seeding...
7 sept. 2010 21:22:50 net.jxta.impl.rendezvous.rpv.PeerView seed
INFO: New Seeding...
7 sept. 2010 21:24:23 net.jxta.impl.rendezvous.rpv.PeerView seed
INFO: New Seeding...
7 sept. 2010 21:25:56 net.jxta.impl.rendezvous.rpv.PeerView seed
INFO: New Seeding...
7 sept. 2010 21:27:29 net.jxta.impl.rendezvous.rpv.PeerView seed
INFO: New Seeding...
7 sept. 2010 21:29:02 net.jxta.impl.rendezvous.rpv.PeerView seed
INFO: New Seeding...
7 sept. 2010 21:30:35 net.jxta.impl.rendezvous.rpv.PeerView seed
INFO: New Seeding...
7 sept. 2010 21:32:08 net.jxta.impl.rendezvous.rpv.PeerView seed
INFO: New Seeding...
7 sept. 2010 21:33:41 net.jxta.impl.rendezvous.rpv.PeerView seed
INFO: New Seeding...
7 sept. 2010 21:35:14 net.jxta.impl.rendezvous.rpv.PeerView seed
INFO: New Seeding...
7 sept. 2010 21:36:47 net.jxta.impl.rendezvous.rpv.PeerView seed
INFO: New Seeding...
7 sept. 2010 21:38:20 net.jxta.impl.rendezvous.rpv.PeerView seed
INFO: New Seeding...
7 sept. 2010 21:39:53 net.jxta.impl.rendezvous.rpv.PeerView seed
INFO: New Seeding...
7 sept. 2010 21:41:26 net.jxta.impl.rendezvous.rpv.PeerView seed
INFO: New Seeding...
7 sept. 2010 21:42:59 net.jxta.impl.rendezvous.rpv.PeerView seed
INFO: New Seeding...
7 sept. 2010 21:44:32 net.jxta.impl.rendezvous.rpv.PeerView seed
INFO: New Seeding...
7 sept. 2010 21:46:05 net.jxta.impl.rendezvous.rpv.PeerView seed
INFO: New Seeding...
7 sept. 2010 21:47:38 net.jxta.impl.rendezvous.rpv.PeerView seed
INFO: New Seeding...
7 sept. 2010 21:49:11 net.jxta.impl.rendezvous.rpv.PeerView seed
INFO: New Seeding...
7 sept. 2010 21:50:44 net.jxta.impl.rendezvous.rpv.PeerView seed
INFO: New Seeding...
7 sept. 2010 21:52:17 net.jxta.impl.rendezvous.rpv.PeerView seed
INFO: New Seeding...
7 sept. 2010 21:53:50 net.jxta.impl.rendezvous.rpv.PeerView seed
INFO: New Seeding...
7 sept. 2010 21:55:23 net.jxta.impl.rendezvous.rpv.PeerView seed
INFO: New Seeding...
7 sept. 2010 21:56:56 net.jxta.impl.rendezvous.rpv.PeerView seed
INFO: New Seeding...
7 sept. 2010 21:58:29 net.jxta.impl.rendezvous.rpv.PeerView seed
INFO: New Seeding...
7 sept. 2010 22:00:02 net.jxta.impl.rendezvous.rpv.PeerView seed
INFO: New Seeding...
7 sept. 2010 22:01:35 net.jxta.impl.rendezvous.rpv.PeerView seed
INFO: New Seeding...
7 sept. 2010 22:03:08 net.jxta.impl.rendezvous.rpv.PeerView seed
INFO: New Seeding...
7 sept. 2010 22:04:41 net.jxta.impl.rendezvous.rpv.PeerView seed
INFO: New Seeding...
7 sept. 2010 22:06:14 net.jxta.impl.rendezvous.rpv.PeerView seed
INFO: New Seeding...
7 sept. 2010 22:07:47 net.jxta.impl.rendezvous.rpv.PeerView seed
INFO: New Seeding...
7 sept. 2010 22:09:20 net.jxta.impl.rendezvous.rpv.PeerView seed
INFO: New Seeding...
7 sept. 2010 22:10:53 net.jxta.impl.rendezvous.rpv.PeerView seed
INFO: New Seeding...
7 sept. 2010 22:12:26 net.jxta.impl.rendezvous.rpv.PeerView seed
INFO: New Seeding...
7 sept. 2010 22:13:59 net.jxta.impl.rendezvous.rpv.PeerView seed
INFO: New Seeding...
7 sept. 2010 22:15:32 net.jxta.impl.rendezvous.rpv.PeerView seed
INFO: New Seeding...
7 sept. 2010 22:17:05 net.jxta.impl.rendezvous.rpv.PeerView seed
INFO: New Seeding...
7 sept. 2010 22:18:38 net.jxta.impl.rendezvous.rpv.PeerView seed
INFO: New Seeding...
7 sept. 2010 22:20:11 net.jxta.impl.rendezvous.rpv.PeerView seed
INFO: New Seeding...
7 sept. 2010 22:21:44 net.jxta.impl.rendezvous.rpv.PeerView seed
INFO: New Seeding...
7 sept. 2010 22:23:17 net.jxta.impl.rendezvous.rpv.PeerView seed
INFO: New Seeding...
7 sept. 2010 22:24:50 net.jxta.impl.rendezvous.rpv.PeerView seed
INFO: New Seeding...
7 sept. 2010 22:26:23 net.jxta.impl.rendezvous.rpv.PeerView seed
INFO: New Seeding...
7 sept. 2010 22:27:56 net.jxta.impl.rendezvous.rpv.PeerView seed
INFO: New Seeding...
7 sept. 2010 22:29:29 net.jxta.impl.rendezvous.rpv.PeerView seed
INFO: New Seeding...
7 sept. 2010 22:31:02 net.jxta.impl.rendezvous.rpv.PeerView seed
INFO: New Seeding...
7 sept. 2010 22:32:35 net.jxta.impl.rendezvous.rpv.PeerView seed
INFO: New Seeding...
7 sept. 2010 22:34:08 net.jxta.impl.rendezvous.rpv.PeerView seed
INFO: New Seeding...
7 sept. 2010 22:35:41 net.jxta.impl.rendezvous.rpv.PeerView seed
INFO: New Seeding...
7 sept. 2010 22:37:14 net.jxta.impl.rendezvous.rpv.PeerView seed
INFO: New Seeding...
7 sept. 2010 22:38:47 net.jxta.impl.rendezvous.rpv.PeerView seed
INFO: New Seeding...
7 sept. 2010 22:40:20 net.jxta.impl.rendezvous.rpv.PeerView seed
INFO: New Seeding...
7 sept. 2010 22:41:53 net.jxta.impl.rendezvous.rpv.PeerView seed
INFO: New Seeding...
7 sept. 2010 22:43:26 net.jxta.impl.rendezvous.rpv.PeerView seed
INFO: New Seeding...
7 sept. 2010 22:44:59 net.jxta.impl.rendezvous.rpv.PeerView seed
INFO: New Seeding...
7 sept. 2010 22:46:32 net.jxta.impl.rendezvous.rpv.PeerView seed
INFO: New Seeding...
7 sept. 2010 22:48:05 net.jxta.impl.rendezvous.rpv.PeerView seed
INFO: New Seeding...
7 sept. 2010 22:49:38 net.jxta.impl.rendezvous.rpv.PeerView seed
INFO: New Seeding...
7 sept. 2010 22:51:11 net.jxta.impl.rendezvous.rpv.PeerView seed
INFO: New Seeding...
7 sept. 2010 22:52:44 net.jxta.impl.rendezvous.rpv.PeerView seed
INFO: New Seeding...
7 sept. 2010 22:54:17 net.jxta.impl.rendezvous.rpv.PeerView seed
INFO: New Seeding...
7 sept. 2010 22:55:50 net.jxta.impl.rendezvous.rpv.PeerView seed
INFO: New Seeding...
7 sept. 2010 22:57:23 net.jxta.impl.rendezvous.rpv.PeerView seed
INFO: New Seeding...
7 sept. 2010 22:58:56 net.jxta.impl.rendezvous.rpv.PeerView seed
INFO: New Seeding...
7 sept. 2010 23:00:29 net.jxta.impl.rendezvous.rpv.PeerView seed
INFO: New Seeding...
7 sept. 2010 23:02:02 net.jxta.impl.rendezvous.rpv.PeerView seed
INFO: New Seeding...
7 sept. 2010 23:03:35 net.jxta.impl.rendezvous.rpv.PeerView seed
INFO: New Seeding...
7 sept. 2010 23:05:08 net.jxta.impl.rendezvous.rpv.PeerView seed
INFO: New Seeding...
7 sept. 2010 23:06:41 net.jxta.impl.rendezvous.rpv.PeerView seed
INFO: New Seeding...
7 sept. 2010 23:08:14 net.jxta.impl.rendezvous.rpv.PeerView seed
INFO: New Seeding...
7 sept. 2010 23:09:47 net.jxta.impl.rendezvous.rpv.PeerView seed
INFO: New Seeding...
7 sept. 2010 23:11:20 net.jxta.impl.rendezvous.rpv.PeerView seed
INFO: New Seeding...
7 sept. 2010 23:12:53 net.jxta.impl.rendezvous.rpv.PeerView seed
INFO: New Seeding...
7 sept. 2010 23:14:26 net.jxta.impl.rendezvous.rpv.PeerView seed
INFO: New Seeding...
7 sept. 2010 23:15:59 net.jxta.impl.rendezvous.rpv.PeerView seed
INFO: New Seeding...
7 sept. 2010 23:17:32 net.jxta.impl.rendezvous.rpv.PeerView seed
INFO: New Seeding...
7 sept. 2010 23:19:05 net.jxta.impl.rendezvous.rpv.PeerView seed
INFO: New Seeding...
7 sept. 2010 23:20:38 net.jxta.impl.rendezvous.rpv.PeerView seed
INFO: New Seeding...
8 sept. 2010 18:42:01 net.jxta.impl.rendezvous.rpv.PeerView seed
INFO: New Seeding...
8 sept. 2010 18:43:34 net.jxta.impl.rendezvous.rpv.PeerView seed
INFO: New Seeding...
8 sept. 2010 18:45:07 net.jxta.impl.rendezvous.rpv.PeerView seed
INFO: New Seeding...
8 sept. 2010 18:46:40 net.jxta.impl.rendezvous.rpv.PeerView seed
INFO: New Seeding...
8 sept. 2010 18:48:13 net.jxta.impl.rendezvous.rpv.PeerView seed
INFO: New Seeding...
8 sept. 2010 18:51:17 net.jxta.impl.rendezvous.rpv.PeerView seed
INFO: New Seeding...
8 sept. 2010 19:01:30 net.jxta.impl.rendezvous.rpv.PeerView seed
INFO: New Seeding...
8 sept. 2010 19:03:03 net.jxta.impl.rendezvous.rpv.PeerView seed
INFO: New Seeding...
8 sept. 2010 19:04:36 net.jxta.impl.rendezvous.rpv.PeerView seed
INFO: New Seeding...
8 sept. 2010 19:06:09 net.jxta.impl.rendezvous.rpv.PeerView seed
INFO: New Seeding...
8 sept. 2010 19:07:42 net.jxta.impl.rendezvous.rpv.PeerView seed
INFO: New Seeding...
8 sept. 2010 19:09:15 net.jxta.impl.rendezvous.rpv.PeerView seed
INFO: New Seeding...
8 sept. 2010 19:10:48 net.jxta.impl.rendezvous.rpv.PeerView seed
INFO: New Seeding...
8 sept. 2010 19:12:21 net.jxta.impl.rendezvous.rpv.PeerView seed
INFO: New Seeding...
8 sept. 2010 19:13:54 net.jxta.impl.rendezvous.rpv.PeerView seed
INFO: New Seeding...
8 sept. 2010 19:15:27 net.jxta.impl.rendezvous.rpv.PeerView seed
INFO: New Seeding...
8 sept. 2010 19:17:00 net.jxta.impl.rendezvous.rpv.PeerView seed
INFO: New Seeding...
8 sept. 2010 19:18:33 net.jxta.impl.rendezvous.rpv.PeerView seed
INFO: New Seeding...
8 sept. 2010 19:20:06 net.jxta.impl.rendezvous.rpv.PeerView seed
INFO: New Seeding...
8 sept. 2010 19:21:39 net.jxta.impl.rendezvous.rpv.PeerView seed
INFO: New Seeding...
8 sept. 2010 19:23:12 net.jxta.impl.rendezvous.rpv.PeerView seed
INFO: New Seeding...
8 sept. 2010 19:24:45 net.jxta.impl.rendezvous.rpv.PeerView seed
INFO: New Seeding...
8 sept. 2010 19:26:18 net.jxta.impl.rendezvous.rpv.PeerView seed
INFO: New Seeding...
8 sept. 2010 21:05:57 net.jxta.impl.rendezvous.rpv.PeerView seed
INFO: New Seeding...
8 sept. 2010 21:07:30 net.jxta.impl.rendezvous.rpv.PeerView seed
INFO: New Seeding...
8 sept. 2010 21:09:03 net.jxta.impl.rendezvous.rpv.PeerView seed
INFO: New Seeding...
8 sept. 2010 21:10:36 net.jxta.impl.rendezvous.rpv.PeerView seed
INFO: New Seeding...
8 sept. 2010 21:12:09 net.jxta.impl.rendezvous.rpv.PeerView seed
INFO: New Seeding...
8 sept. 2010 21:13:42 net.jxta.impl.rendezvous.rpv.PeerView seed
INFO: New Seeding...
8 sept. 2010 21:15:15 net.jxta.impl.rendezvous.rpv.PeerView seed
INFO: New Seeding...
8 sept. 2010 21:16:48 net.jxta.impl.rendezvous.rpv.PeerView seed
INFO: New Seeding...
8 sept. 2010 21:18:21 net.jxta.impl.rendezvous.rpv.PeerView seed
INFO: New Seeding...
8 sept. 2010 21:19:54 net.jxta.impl.rendezvous.rpv.PeerView seed
INFO: New Seeding...
8 sept. 2010 21:21:27 net.jxta.impl.rendezvous.rpv.PeerView seed
INFO: New Seeding...
8 sept. 2010 21:23:00 net.jxta.impl.rendezvous.rpv.PeerView seed
INFO: New Seeding...
8 sept. 2010 21:58:55 net.jxta.impl.rendezvous.rpv.PeerView seed
INFO: New Seeding...
8 sept. 2010 22:25:42 net.jxta.impl.rendezvous.rpv.PeerView seed
INFO: New Seeding...
8 sept. 2010 22:27:15 net.jxta.impl.rendezvous.rpv.PeerView seed
INFO: New Seeding...
8 sept. 2010 22:28:48 net.jxta.impl.rendezvous.rpv.PeerView seed
INFO: New Seeding...
8 sept. 2010 22:30:21 net.jxta.impl.rendezvous.rpv.PeerView seed
INFO: New Seeding...
8 sept. 2010 22:31:54 net.jxta.impl.rendezvous.rpv.PeerView seed
INFO: New Seeding...
8 sept. 2010 22:33:27 net.jxta.impl.rendezvous.rpv.PeerView seed
INFO: New Seeding...
8 sept. 2010 22:35:00 net.jxta.impl.rendezvous.rpv.PeerView seed
INFO: New Seeding...
8 sept. 2010 22:36:33 net.jxta.impl.rendezvous.rpv.PeerView seed
INFO: New Seeding...
8 sept. 2010 22:38:06 net.jxta.impl.rendezvous.rpv.PeerView seed
INFO: New Seeding...
8 sept. 2010 22:39:39 net.jxta.impl.rendezvous.rpv.PeerView seed
INFO: New Seeding...
8 sept. 2010 22:41:12 net.jxta.impl.rendezvous.rpv.PeerView seed
INFO: New Seeding...
8 sept. 2010 22:42:45 net.jxta.impl.rendezvous.rpv.PeerView seed
INFO: New Seeding...
8 sept. 2010 22:44:18 net.jxta.impl.rendezvous.rpv.PeerView seed
INFO: New Seeding...
8 sept. 2010 22:51:21 net.jxta.impl.rendezvous.rpv.PeerView seed
INFO: New Seeding...
8 sept. 2010 22:52:54 net.jxta.impl.rendezvous.rpv.PeerView seed
INFO: New Seeding...
8 sept. 2010 22:54:27 net.jxta.impl.rendezvous.rpv.PeerView seed
INFO: New Seeding...
8 sept. 2010 22:56:00 net.jxta.impl.rendezvous.rpv.PeerView seed
INFO: New Seeding...
8 sept. 2010 22:57:33 net.jxta.impl.rendezvous.rpv.PeerView seed
INFO: New Seeding...
8 sept. 2010 22:59:06 net.jxta.impl.rendezvous.rpv.PeerView seed
INFO: New Seeding...
8 sept. 2010 23:00:39 net.jxta.impl.rendezvous.rpv.PeerView seed
INFO: New Seeding...
8 sept. 2010 23:02:12 net.jxta.impl.rendezvous.rpv.PeerView seed
INFO: New Seeding...
8 sept. 2010 23:03:45 net.jxta.impl.rendezvous.rpv.PeerView seed
INFO: New Seeding...
8 sept. 2010 23:05:18 net.jxta.impl.rendezvous.rpv.PeerView seed
INFO: New Seeding...
8 sept. 2010 23:06:51 net.jxta.impl.rendezvous.rpv.PeerView seed
INFO: New Seeding...
8 sept. 2010 23:08:24 net.jxta.impl.rendezvous.rpv.PeerView seed
INFO: New Seeding...
8 sept. 2010 23:09:57 net.jxta.impl.rendezvous.rpv.PeerView seed
INFO: New Seeding...
8 sept. 2010 23:11:30 net.jxta.impl.rendezvous.rpv.PeerView seed
INFO: New Seeding...
8 sept. 2010 23:13:03 net.jxta.impl.rendezvous.rpv.PeerView seed
INFO: New Seeding...
8 sept. 2010 23:14:36 net.jxta.impl.rendezvous.rpv.PeerView seed
INFO: New Seeding...
8 sept. 2010 23:16:09 net.jxta.impl.rendezvous.rpv.PeerView seed
INFO: New Seeding...
8 sept. 2010 23:17:42 net.jxta.impl.rendezvous.rpv.PeerView seed
INFO: New Seeding...
8 sept. 2010 23:19:15 net.jxta.impl.rendezvous.rpv.PeerView seed
INFO: New Seeding...
8 sept. 2010 23:20:48 net.jxta.impl.rendezvous.rpv.PeerView seed
INFO: New Seeding...
8 sept. 2010 23:22:21 net.jxta.impl.rendezvous.rpv.PeerView seed
INFO: New Seeding...
8 sept. 2010 23:23:54 net.jxta.impl.rendezvous.rpv.PeerView seed
INFO: New Seeding...
8 sept. 2010 23:25:27 net.jxta.impl.rendezvous.rpv.PeerView seed
INFO: New Seeding...
8 sept. 2010 23:27:00 net.jxta.impl.rendezvous.rpv.PeerView seed
INFO: New Seeding...
8 sept. 2010 23:28:33 net.jxta.impl.rendezvous.rpv.PeerView seed
INFO: New Seeding...
8 sept. 2010 23:30:06 net.jxta.impl.rendezvous.rpv.PeerView seed
INFO: New Seeding...
8 sept. 2010 23:31:39 net.jxta.impl.rendezvous.rpv.PeerView seed
INFO: New Seeding...
8 sept. 2010 23:33:12 net.jxta.impl.rendezvous.rpv.PeerView seed
INFO: New Seeding...
8 sept. 2010 23:34:45 net.jxta.impl.rendezvous.rpv.PeerView seed
INFO: New Seeding...
8 sept. 2010 23:36:18 net.jxta.impl.rendezvous.rpv.PeerView seed
INFO: New Seeding...
8 sept. 2010 23:37:51 net.jxta.impl.rendezvous.rpv.PeerView seed
INFO: New Seeding...
8 sept. 2010 23:39:24 net.jxta.impl.rendezvous.rpv.PeerView seed
INFO: New Seeding...
8 sept. 2010 23:40:57 net.jxta.impl.rendezvous.rpv.PeerView seed
INFO: New Seeding...
8 sept. 2010 23:42:30 net.jxta.impl.rendezvous.rpv.PeerView seed
INFO: New Seeding...
