19 août 2010 01:10:52 net.jxta.platform.NetworkManager configure
INFO: Created new configuration. mode = RENDEZVOUS
19 août 2010 01:10:52 net.jxta.platform.NetworkManager startNetwork
INFO: Starting JXTA Network! MODE = RENDEZVOUS,  HOME = file:/home/franck/Documents/workspace/hadoop-0.20.2-binc/distrib/namenode/linux/bin/../var/jxta
19 août 2010 01:10:52 net.jxta.impl.loader.RefJxtaLoader findModuleImplAdvertisement
ATTENTION: Failed to find class for urn:jxta:uuid-DEADBEEFDEAFBABAFEEDBABE0000000C0206
java.lang.ClassNotFoundException: No matching class for : urn:jxta:uuid-DEADBEEFDEAFBABAFEEDBABE0000000C0206
	at net.jxta.impl.loader.RefJxtaLoader.findClass(RefJxtaLoader.java:240)
	at net.jxta.impl.loader.RefJxtaLoader.findModuleImplAdvertisement(RefJxtaLoader.java:350)
	at net.jxta.impl.peergroup.StdPeerGroup.getDefaultModuleImplAdvertisement(StdPeerGroup.java:353)
	at net.jxta.impl.peergroup.StdPeerGroup.<clinit>(StdPeerGroup.java:143)
	at net.jxta.peergroup.WorldPeerGroupFactory.getDefaultWorldPeerGroupClass(WorldPeerGroupFactory.java:237)
	at net.jxta.peergroup.WorldPeerGroupFactory.<init>(WorldPeerGroupFactory.java:178)
	at net.jxta.peergroup.NetPeerGroupFactory.<init>(NetPeerGroupFactory.java:205)
	at net.jxta.platform.NetworkManager.startNetwork(NetworkManager.java:410)
	at com.agorasoft.ubeeko.p2pnamenode.RendezVousNameNode.run(RendezVousNameNode.java:144)
	at com.agorasoft.ubeeko.p2pnamenode.RendezVousNameNode.start(RendezVousNameNode.java:133)
	at org.apache.hadoop.hdfs.server.namenode.NameNode.initialize(NameNode.java:220)
	at org.apache.hadoop.hdfs.server.namenode.NameNode.<init>(NameNode.java:319)
	at org.apache.hadoop.hdfs.server.namenode.NameNode.createNameNode(NameNode.java:1000)
	at org.apache.hadoop.hdfs.server.namenode.NameNode.main(NameNode.java:1009)
19 août 2010 01:10:52 net.jxta.peergroup.WorldPeerGroupFactory newWorldPeerGroup
INFO: Making a new World Peer Group instance using : net.jxta.impl.peergroup.Platform
19 août 2010 01:10:52 net.jxta.impl.cm.SrdiIndex clearSrdi
INFO: Clearing SRDI for null
19 août 2010 01:10:52 net.jxta.impl.peergroup.GenericPeerGroup loadModule
INFO: Loaded privileged module : Always Access Service (net.jxta.impl.access.always.AlwaysAccessService)
19 août 2010 01:10:52 net.jxta.impl.endpoint.tcp.IncomingUnicastServer openServerSocket
INFO: Server will accept connections at /127.0.0.1:26420
19 août 2010 01:10:52 net.jxta.impl.peergroup.GenericPeerGroup loadModule
INFO: Loaded privileged module : Reference Implementation of the TCP Message Transport (net.jxta.impl.endpoint.tcp.TcpTransport)
19 août 2010 01:10:52 net.jxta.impl.peergroup.GenericPeerGroup loadModule
INFO: Loaded privileged module : Reference Implementation of the Rendezvous Service (net.jxta.impl.rendezvous.RendezVousServiceImpl)
19 août 2010 01:10:52 net.jxta.impl.peergroup.GenericPeerGroup loadModule
INFO: Loaded privileged module : Reference Implementation of the Peerinfo Service (net.jxta.impl.peer.PeerInfoServiceImpl)
19 août 2010 01:10:52 net.jxta.impl.peergroup.GenericPeerGroup loadModule
INFO: Loaded privileged module : Reference Implementation of the Endpoint service (net.jxta.impl.endpoint.EndpointServiceImpl)
19 août 2010 01:10:52 net.jxta.impl.peergroup.GenericPeerGroup loadModule
INFO: Loaded privileged module : None Membership Service (net.jxta.impl.membership.none.NoneMembershipService)
19 août 2010 01:10:52 net.jxta.impl.peergroup.GenericPeerGroup loadModule
INFO: Loaded privileged module : Reference Implementation of the Resolver service (net.jxta.impl.resolver.ResolverServiceImpl)
19 août 2010 01:10:52 net.jxta.impl.peergroup.GenericPeerGroup loadModule
INFO: Loaded privileged module : Reference Implementation of the Discovery service (net.jxta.impl.discovery.DiscoveryServiceImpl)
19 août 2010 01:10:52 net.jxta.impl.peergroup.GenericPeerGroup loadModule
INFO: Loaded privileged module : Reference Implementation of the IP Multicast Message Transport (net.jxta.impl.endpoint.mcast.McastTransport)
19 août 2010 01:10:52 net.jxta.impl.endpoint.tcp.TcpTransport startApp
ATTENTION: Stalled until there is an endpoint service
19 août 2010 01:10:52 net.jxta.impl.rendezvous.RendezVousServiceImpl startApp
ATTENTION: Stalled until there is an endpoint service
19 août 2010 01:10:52 net.jxta.impl.peer.PeerInfoServiceImpl startApp
ATTENTION: Stalled until there is a resolver service
19 août 2010 01:10:52 net.jxta.impl.endpoint.EndpointServiceImpl startApp
INFO: Endpoint Service started.
19 août 2010 01:10:52 net.jxta.impl.discovery.DiscoveryServiceImpl startApp
ATTENTION: Stalled until there is a rendezvous service
19 août 2010 01:10:52 net.jxta.impl.endpoint.mcast.McastTransport startApp
INFO: IP Multicast Message Transport disabled.
19 août 2010 01:10:52 net.jxta.impl.endpoint.tcp.TcpTransport$MessengerSelectorThread run
INFO: MessengerSelectorThread polling started
19 août 2010 01:10:52 net.jxta.impl.endpoint.tcp.TcpTransport startApp
INFO: TCP Message Transport started.
19 août 2010 01:10:52 net.jxta.impl.endpoint.tcp.IncomingUnicastServer run
INFO: Server is ready to accept connections
19 août 2010 01:10:52 net.jxta.impl.rendezvous.adhoc.AdhocPeerRdvService <init>
INFO: RendezVous Service is initialized for urn:jxta:jxta-WorldGroup as an ad hoc peer. 
19 août 2010 01:10:52 net.jxta.impl.rendezvous.RendezVousServiceImpl startApp
INFO: Rendezvous Serivce started
19 août 2010 01:10:52 net.jxta.impl.discovery.DiscoveryServiceImpl beEdge
INFO: Switched to a Edge peer role.
19 août 2010 01:10:52 net.jxta.impl.discovery.DiscoveryServiceImpl startApp
INFO: Discovery service started
19 août 2010 01:10:52 net.jxta.impl.peergroup.GenericPeerGroup getInterface
INFO: [urn:jxta:jxta-WorldGroup] GROUP REF COUNT INCREMENTED TO: 1 by
	net.jxta.peergroup.NetPeerGroupFactory.<init>(NetPeerGroupFactory.java:206)
19 août 2010 01:10:52 net.jxta.peergroup.NetPeerGroupFactory newNetPeerGroup
INFO: Instantiating net peer group : urn:jxta:jxta-NetGroup
	Parent : urn:jxta:jxta-WorldGroup "World PeerGroup"[1]
	ID : urn:jxta:jxta-NetGroup
	Name : NetPeerGroup
	impl : null
19 août 2010 01:10:52 net.jxta.impl.peergroup.GenericPeerGroup getInterface
INFO: [urn:jxta:jxta-WorldGroup] GROUP REF COUNT INCREMENTED TO: 2 by
	net.jxta.impl.peergroup.GenericPeerGroup.loadModule(GenericPeerGroup.java:652)
19 août 2010 01:10:52 net.jxta.impl.cm.SrdiIndex clearSrdi
INFO: Clearing SRDI for null
19 août 2010 01:10:52 net.jxta.impl.peergroup.GenericPeerGroup loadModule
INFO: Loaded privileged module : Reference Implementation of the JXME Proxy Service (net.jxta.impl.proxy.ProxyService)
19 août 2010 01:10:52 net.jxta.impl.peergroup.GenericPeerGroup loadModule
INFO: Loaded privileged module : Reference Implementation of the Relay Message Transport (net.jxta.impl.endpoint.relay.RelayTransport)
19 août 2010 01:10:53 net.jxta.impl.peergroup.GenericPeerGroup loadModule
INFO: Loaded privileged module : PSE Membership Service (net.jxta.impl.membership.pse.PSEMembershipService)
19 août 2010 01:10:53 net.jxta.impl.peergroup.GenericPeerGroup loadModule
INFO: Loaded privileged module : Reference Implementation of the Pipe Service (net.jxta.impl.pipe.PipeServiceImpl)
19 août 2010 01:10:53 net.jxta.impl.peergroup.GenericPeerGroup loadModule
INFO: Loaded privileged module : Reference Implementation of the Router Message Transport (net.jxta.impl.endpoint.router.EndpointRouter)
19 août 2010 01:10:53 net.jxta.impl.peergroup.GenericPeerGroup loadModule
INFO: Loaded privileged module : Always Access Service (net.jxta.impl.access.always.AlwaysAccessService)
19 août 2010 01:10:53 net.jxta.impl.peergroup.GenericPeerGroup loadModule
INFO: Loaded privileged module : Reference Implementation of the Rendezvous Service (net.jxta.impl.rendezvous.RendezVousServiceImpl)
19 août 2010 01:10:53 net.jxta.impl.peergroup.GenericPeerGroup loadModule
INFO: Loaded privileged module : Reference Implementation of the Endpoint service (net.jxta.impl.endpoint.EndpointServiceImpl)
19 août 2010 01:10:53 net.jxta.impl.peergroup.GenericPeerGroup loadModule
INFO: Loaded privileged module : Reference Implementation of the Peerinfo Service (net.jxta.impl.peer.PeerInfoServiceImpl)
19 août 2010 01:10:53 net.jxta.impl.peergroup.GenericPeerGroup loadModule
INFO: Loaded privileged module : Reference Implementation of the Cryptobased-ID Message Transport (net.jxta.impl.endpoint.cbjx.CbJxTransport)
19 août 2010 01:10:53 net.jxta.impl.peergroup.GenericPeerGroup loadModule
INFO: Loaded privileged module : Reference Implementation of the Resolver service (net.jxta.impl.resolver.ResolverServiceImpl)
19 août 2010 01:10:53 net.jxta.impl.endpoint.tls.TlsTransport <init>
INFO: Adjusting TLS connection idle timeout to 300000 millis.
19 août 2010 01:10:53 net.jxta.impl.endpoint.tls.TlsTransport <init>
INFO: Adjusting TLS min reconnection idle to 60000 millis.
19 août 2010 01:10:53 net.jxta.impl.endpoint.tls.TlsTransport <init>
INFO: Adjusting TLS maximum retry queue age to 120000 millis.
19 août 2010 01:10:53 net.jxta.impl.peergroup.GenericPeerGroup loadModule
INFO: Loaded privileged module : Reference Implementation of the TLS Message Transport (net.jxta.impl.endpoint.tls.TlsTransport)
19 août 2010 01:10:53 net.jxta.impl.peergroup.GenericPeerGroup loadModule
INFO: Loaded privileged module : Reference Implementation of the Discovery service (net.jxta.impl.discovery.DiscoveryServiceImpl)
19 août 2010 01:10:53 net.jxta.impl.proxy.ProxyService startApp
ATTENTION: Stalled until there is a endpoint service
19 août 2010 01:10:53 net.jxta.impl.endpoint.relay.RelayTransport startApp
ATTENTION: Stalled until there is an endpoint service
19 août 2010 01:10:53 net.jxta.impl.membership.pse.PSEMembershipService startApp
INFO: PSE Membmership Service started.
19 août 2010 01:10:53 net.jxta.impl.pipe.PipeServiceImpl startApp
ATTENTION: Stalled until there is an endpoint service
19 août 2010 01:10:53 net.jxta.impl.endpoint.router.EndpointRouter startApp
ATTENTION: Stalled until there is an endpoint service
19 août 2010 01:10:53 net.jxta.impl.rendezvous.RendezVousServiceImpl startApp
ATTENTION: Stalled until there is an endpoint service
19 août 2010 01:10:53 net.jxta.impl.endpoint.EndpointServiceImpl startApp
INFO: Endpoint Service started.
19 août 2010 01:10:53 net.jxta.impl.peer.PeerInfoServiceImpl startApp
ATTENTION: Stalled until there is a resolver service
19 août 2010 01:10:53 net.jxta.impl.endpoint.cbjx.CbJxTransport startApp
INFO: CbJxTransport started
19 août 2010 01:10:53 net.jxta.impl.discovery.DiscoveryServiceImpl startApp
ATTENTION: Stalled until there is a rendezvous service
19 août 2010 01:10:53 net.jxta.impl.proxy.ProxyService startApp
ATTENTION: Stalled until there is a discovery service
19 août 2010 01:10:53 net.jxta.impl.endpoint.relay.RelayTransport startApp
ATTENTION: Stalled until there is a discovery service
19 août 2010 01:10:53 net.jxta.impl.pipe.PipeServiceImpl startApp
ATTENTION: Stalled until there is a rendezvous service
19 août 2010 01:10:53 net.jxta.impl.endpoint.router.EndpointRouter startApp
ATTENTION: Endpoint Router start stalled until rendezvous service available
19 août 2010 01:10:53 net.jxta.impl.rendezvous.rpv.PeerView <init>
INFO: PeerView created for group "null" [urn:jxta:jxta-NetGroup] name "urn:jxta:uuid-DEADBEEFDEAFBABAFEEDBABE0000000605jxta-NetGroup"
19 août 2010 01:10:53 net.jxta.impl.rendezvous.rdv.RdvPeerRdvService <init>
INFO: RendezVous Service is initialized for urn:jxta:jxta-NetGroup as a Rendezvous peer.
19 août 2010 01:10:53 net.jxta.impl.rendezvous.limited.LimitedRangeGreeter <init>
INFO: Listening on LR-Greeterurn:jxta:jxta-NetGroup/urn:jxta:uuid-DEADBEEFDEAFBABAFEEDBABE0000000605jxta-NetGroup
19 août 2010 01:10:53 net.jxta.impl.rendezvous.rpv.PeerView seed
INFO: New Seeding...
19 août 2010 01:10:53 net.jxta.impl.rendezvous.rdv.RdvPeerRdvService startApp
INFO: RdvPeerRdvService is started
19 août 2010 01:10:53 net.jxta.impl.rendezvous.RendezVousServiceImpl startApp
INFO: Rendezvous Serivce started
19 août 2010 01:10:53 net.jxta.impl.cm.SrdiIndex <init>
INFO: [urn:jxta:jxta-NetGroup[0] / urn:jxta:jxta-WorldGroup "World PeerGroup"[2]] : Initialized discoverySrdi
19 août 2010 01:10:53 net.jxta.impl.discovery.DiscoveryServiceImpl beRendezvous
INFO: Switched to Rendezvous peer role.
19 août 2010 01:10:53 net.jxta.impl.discovery.DiscoveryServiceImpl startApp
INFO: Discovery service started
19 août 2010 01:10:53 net.jxta.impl.proxy.ProxyService startApp
ATTENTION: Stalled until there is a pipe service
19 août 2010 01:10:53 net.jxta.impl.endpoint.relay.RelayTransport startApp
ATTENTION: Stalled until there is a pipe service
19 août 2010 01:10:53 net.jxta.impl.resolver.ResolverServiceImpl getRouteControl
ATTENTION: Failed to get RouteControl object. Resolver will not set route hints.
19 août 2010 01:10:53 net.jxta.impl.cm.SrdiIndex <init>
INFO: [urn:jxta:jxta-NetGroup[0] / urn:jxta:jxta-WorldGroup "World PeerGroup"[2]] : Initialized pipeResolverSrdi
19 août 2010 01:10:53 net.jxta.impl.cm.SrdiIndex startGC
INFO: [urn:jxta:jxta-NetGroup[0] / urn:jxta:jxta-WorldGroup "World PeerGroup"[2]] : Starting SRDI GC Thread for pipeResolverSrdi
19 août 2010 01:10:53 net.jxta.impl.cm.SrdiIndex <init>
INFO: [urn:jxta:jxta-NetGroup[0] / urn:jxta:jxta-WorldGroup "World PeerGroup"[2]] : Initialized routerSrdi
19 août 2010 01:10:53 net.jxta.impl.endpoint.router.EndpointRouter startApp
INFO: urn:jxta:jxta-NetGroup[0] / urn:jxta:jxta-WorldGroup "World PeerGroup"[2] : Router Message Transport started.
19 août 2010 01:10:53 net.jxta.impl.proxy.ProxyService startApp
INFO: JXME Proxy Service started.
19 août 2010 01:10:53 net.jxta.impl.endpoint.relay.RelayTransport startApp
INFO: Relay Message Transport started
19 août 2010 01:10:53 net.jxta.impl.peergroup.GenericPeerGroup loadModule
INFO: Loaded module : Default Network PeerGroup reference implementation (net.jxta.impl.peergroup.ShadowPeerGroup)
19 août 2010 01:10:53 net.jxta.impl.peergroup.GenericPeerGroup decRefCount
INFO: [urn:jxta:jxta-WorldGroup] GROUP REF COUNT DECCREMENTED TO: 1 by
	net.jxta.peergroup.NetPeerGroupFactory.<init>(NetPeerGroupFactory.java:220)
19 août 2010 01:10:53 net.jxta.impl.peergroup.GenericPeerGroup getInterface
INFO: [urn:jxta:jxta-NetGroup] GROUP REF COUNT INCREMENTED TO: 1 by
	net.jxta.platform.NetworkManager.startNetwork(NetworkManager.java:412)
19 août 2010 01:10:53 net.jxta.platform.NetworkManager startNetwork
INFO: Started JXTA Network!
19 août 2010 01:10:54 net.jxta.impl.pipe.InputPipeImpl <init>
INFO: Creating InputPipe for urn:jxta:uuid-59616261646162614E504720503250335065657256694577AA78B4612D4E657404 of type JxtaPropagate with listener
19 août 2010 01:10:54 net.jxta.impl.pipe.WirePipe register
INFO: Registering urn:jxta:uuid-59616261646162614E504720503250335065657256694577AA78B4612D4E657404 with pipe resolver.
19 août 2010 01:10:54 net.jxta.impl.pipe.NonBlockingWireOutputPipe <init>
INFO: Constructing for urn:jxta:uuid-59616261646162614E504720503250335065657256694577AA78B4612D4E657404
19 août 2010 01:10:54 net.jxta.impl.rendezvous.rpv.PeerView openWirePipes
INFO: Propagate Pipes opened.
19 août 2010 01:11:02 net.jxta.impl.rendezvous.rpv.PeerView seed
INFO: New Seeding...
19 août 2010 01:11:06 net.jxta.impl.endpoint.tcp.TcpMessenger <init>
INFO: Connection from 127.0.0.1:48676
19 août 2010 01:11:47 net.jxta.impl.rendezvous.rpv.PeerView seed
INFO: New Seeding...
19 août 2010 01:11:58 net.jxta.impl.endpoint.tcp.TcpMessenger closeImpl
INFO: Normal close (open 52247ms) of socket to : tcp://192.168.1.103:33627 / 127.0.0.1:48676
19 août 2010 01:12:03 net.jxta.impl.endpoint.tcp.TcpMessenger <init>
INFO: Connection from 127.0.0.1:55585
19 août 2010 01:12:08 net.jxta.impl.endpoint.tcp.TcpMessenger <init>
INFO: Connection from 127.0.0.1:45618
19 août 2010 01:13:20 net.jxta.impl.rendezvous.rpv.PeerView seed
INFO: New Seeding...
19 août 2010 01:14:53 net.jxta.impl.rendezvous.rpv.PeerView seed
INFO: New Seeding...
19 août 2010 01:16:26 net.jxta.impl.rendezvous.rpv.PeerView seed
INFO: New Seeding...
19 août 2010 01:17:59 net.jxta.impl.rendezvous.rpv.PeerView seed
INFO: New Seeding...
19 août 2010 02:00:44 net.jxta.impl.endpoint.tcp.TcpMessenger closeImpl
INFO: Normal close (open 2920751ms) of socket to : tcp://192.168.1.103:37611 / 127.0.0.1:55585
19 août 2010 02:00:44 net.jxta.impl.endpoint.tcp.TcpMessenger closeImpl
INFO: Normal close (open 2916508ms) of socket to : tcp://192.168.1.103:26419 / 127.0.0.1:45618
19 août 2010 02:01:00 net.jxta.impl.rendezvous.rpv.PeerView seed
INFO: New Seeding...
19 août 2010 02:02:33 net.jxta.impl.rendezvous.rpv.PeerView seed
INFO: New Seeding...
19 août 2010 02:02:44 net.jxta.impl.endpoint.tcp.TcpMessenger <init>
INFO: Connection from 127.0.0.1:58485
19 août 2010 02:02:44 net.jxta.impl.endpoint.tcp.TcpMessenger <init>
INFO: Connection from 127.0.0.1:53954
19 août 2010 02:04:06 net.jxta.impl.rendezvous.rpv.PeerView seed
INFO: New Seeding...
19 août 2010 02:05:39 net.jxta.impl.rendezvous.rpv.PeerView seed
INFO: New Seeding...
19 août 2010 02:07:12 net.jxta.impl.rendezvous.rpv.PeerView seed
INFO: New Seeding...
19 août 2010 02:08:45 net.jxta.impl.rendezvous.rpv.PeerView seed
INFO: New Seeding...
19 août 2010 02:10:18 net.jxta.impl.rendezvous.rpv.PeerView seed
INFO: New Seeding...
19 août 2010 02:11:51 net.jxta.impl.rendezvous.rpv.PeerView seed
INFO: New Seeding...
19 août 2010 02:13:24 net.jxta.impl.rendezvous.rpv.PeerView seed
INFO: New Seeding...
19 août 2010 02:14:57 net.jxta.impl.rendezvous.rpv.PeerView seed
INFO: New Seeding...
19 août 2010 02:16:30 net.jxta.impl.rendezvous.rpv.PeerView seed
INFO: New Seeding...
19 août 2010 02:18:03 net.jxta.impl.rendezvous.rpv.PeerView seed
INFO: New Seeding...
19 août 2010 02:19:36 net.jxta.impl.rendezvous.rpv.PeerView seed
INFO: New Seeding...
19 août 2010 02:21:09 net.jxta.impl.rendezvous.rpv.PeerView seed
INFO: New Seeding...
19 août 2010 02:22:42 net.jxta.impl.rendezvous.rpv.PeerView seed
INFO: New Seeding...
19 août 2010 02:24:15 net.jxta.impl.rendezvous.rpv.PeerView seed
INFO: New Seeding...
19 août 2010 02:25:48 net.jxta.impl.rendezvous.rpv.PeerView seed
INFO: New Seeding...
19 août 2010 02:27:21 net.jxta.impl.rendezvous.rpv.PeerView seed
INFO: New Seeding...
19 août 2010 02:28:54 net.jxta.impl.rendezvous.rpv.PeerView seed
INFO: New Seeding...
19 août 2010 02:30:27 net.jxta.impl.rendezvous.rpv.PeerView seed
INFO: New Seeding...
19 août 2010 02:32:00 net.jxta.impl.rendezvous.rpv.PeerView seed
INFO: New Seeding...
19 août 2010 02:33:33 net.jxta.impl.rendezvous.rpv.PeerView seed
INFO: New Seeding...
19 août 2010 02:35:06 net.jxta.impl.rendezvous.rpv.PeerView seed
INFO: New Seeding...
19 août 2010 02:36:39 net.jxta.impl.rendezvous.rpv.PeerView seed
INFO: New Seeding...
19 août 2010 11:50:52 net.jxta.impl.rendezvous.rpv.PeerView seed
INFO: New Seeding...
19 août 2010 11:52:25 net.jxta.impl.rendezvous.rpv.PeerView seed
INFO: New Seeding...
19 août 2010 11:53:58 net.jxta.impl.rendezvous.rpv.PeerView seed
INFO: New Seeding...
19 août 2010 11:55:31 net.jxta.impl.rendezvous.rpv.PeerView seed
INFO: New Seeding...
19 août 2010 11:57:04 net.jxta.impl.rendezvous.rpv.PeerView seed
INFO: New Seeding...
19 août 2010 11:58:37 net.jxta.impl.rendezvous.rpv.PeerView seed
INFO: New Seeding...
19 août 2010 12:00:10 net.jxta.impl.rendezvous.rpv.PeerView seed
INFO: New Seeding...
19 août 2010 12:01:43 net.jxta.impl.rendezvous.rpv.PeerView seed
INFO: New Seeding...
19 août 2010 12:03:16 net.jxta.impl.rendezvous.rpv.PeerView seed
INFO: New Seeding...
19 août 2010 12:04:49 net.jxta.impl.rendezvous.rpv.PeerView seed
INFO: New Seeding...
19 août 2010 12:06:22 net.jxta.impl.rendezvous.rpv.PeerView seed
INFO: New Seeding...
19 août 2010 12:07:55 net.jxta.impl.rendezvous.rpv.PeerView seed
INFO: New Seeding...
19 août 2010 12:09:28 net.jxta.impl.rendezvous.rpv.PeerView seed
INFO: New Seeding...
19 août 2010 12:11:01 net.jxta.impl.rendezvous.rpv.PeerView seed
INFO: New Seeding...
19 août 2010 12:12:34 net.jxta.impl.rendezvous.rpv.PeerView seed
INFO: New Seeding...
19 août 2010 12:14:07 net.jxta.impl.rendezvous.rpv.PeerView seed
INFO: New Seeding...
19 août 2010 12:15:40 net.jxta.impl.rendezvous.rpv.PeerView seed
INFO: New Seeding...
19 août 2010 12:17:13 net.jxta.impl.rendezvous.rpv.PeerView seed
INFO: New Seeding...
19 août 2010 12:18:46 net.jxta.impl.rendezvous.rpv.PeerView seed
INFO: New Seeding...
19 août 2010 12:20:19 net.jxta.impl.rendezvous.rpv.PeerView seed
INFO: New Seeding...
19 août 2010 12:21:52 net.jxta.impl.rendezvous.rpv.PeerView seed
INFO: New Seeding...
19 août 2010 12:23:25 net.jxta.impl.rendezvous.rpv.PeerView seed
INFO: New Seeding...
19 août 2010 12:24:58 net.jxta.impl.rendezvous.rpv.PeerView seed
INFO: New Seeding...
19 août 2010 12:26:31 net.jxta.impl.rendezvous.rpv.PeerView seed
INFO: New Seeding...
19 août 2010 12:28:04 net.jxta.impl.rendezvous.rpv.PeerView seed
INFO: New Seeding...
19 août 2010 12:29:37 net.jxta.impl.rendezvous.rpv.PeerView seed
INFO: New Seeding...
19 août 2010 12:31:10 net.jxta.impl.rendezvous.rpv.PeerView seed
INFO: New Seeding...
19 août 2010 12:32:43 net.jxta.impl.rendezvous.rpv.PeerView seed
INFO: New Seeding...
19 août 2010 12:34:16 net.jxta.impl.rendezvous.rpv.PeerView seed
INFO: New Seeding...
19 août 2010 12:35:49 net.jxta.impl.rendezvous.rpv.PeerView seed
INFO: New Seeding...
19 août 2010 12:36:33 net.jxta.impl.endpoint.tcp.TcpMessenger closeImpl
INFO: Normal close (open 38028538ms) of socket to : tcp://192.168.1.103:37611 / 127.0.0.1:58485
19 août 2010 12:36:42 net.jxta.impl.endpoint.tcp.TcpMessenger <init>
INFO: Connection from 127.0.0.1:40063
19 août 2010 12:37:22 net.jxta.impl.rendezvous.rpv.PeerView seed
INFO: New Seeding...
19 août 2010 12:38:55 net.jxta.impl.rendezvous.rpv.PeerView seed
INFO: New Seeding...
19 août 2010 12:40:28 net.jxta.impl.rendezvous.rpv.PeerView seed
INFO: New Seeding...
19 août 2010 12:42:01 net.jxta.impl.rendezvous.rpv.PeerView seed
INFO: New Seeding...
19 août 2010 12:43:34 net.jxta.impl.rendezvous.rpv.PeerView seed
INFO: New Seeding...
19 août 2010 12:45:07 net.jxta.impl.rendezvous.rpv.PeerView seed
INFO: New Seeding...
19 août 2010 12:46:40 net.jxta.impl.rendezvous.rpv.PeerView seed
INFO: New Seeding...
19 août 2010 12:48:13 net.jxta.impl.rendezvous.rpv.PeerView seed
INFO: New Seeding...
19 août 2010 12:49:46 net.jxta.impl.rendezvous.rpv.PeerView seed
INFO: New Seeding...
19 août 2010 12:51:19 net.jxta.impl.rendezvous.rpv.PeerView seed
INFO: New Seeding...
19 août 2010 12:52:52 net.jxta.impl.rendezvous.rpv.PeerView seed
INFO: New Seeding...
19 août 2010 12:54:25 net.jxta.impl.rendezvous.rpv.PeerView seed
INFO: New Seeding...
19 août 2010 12:55:58 net.jxta.impl.rendezvous.rpv.PeerView seed
INFO: New Seeding...
19 août 2010 12:57:31 net.jxta.impl.rendezvous.rpv.PeerView seed
INFO: New Seeding...
19 août 2010 12:59:05 net.jxta.impl.rendezvous.rpv.PeerView seed
INFO: New Seeding...
19 août 2010 13:00:38 net.jxta.impl.rendezvous.rpv.PeerView seed
INFO: New Seeding...
19 août 2010 13:02:11 net.jxta.impl.rendezvous.rpv.PeerView seed
INFO: New Seeding...
19 août 2010 13:03:44 net.jxta.impl.rendezvous.rpv.PeerView seed
INFO: New Seeding...
19 août 2010 13:05:17 net.jxta.impl.rendezvous.rpv.PeerView seed
INFO: New Seeding...
19 août 2010 13:06:50 net.jxta.impl.rendezvous.rpv.PeerView seed
INFO: New Seeding...
19 août 2010 13:08:23 net.jxta.impl.rendezvous.rpv.PeerView seed
INFO: New Seeding...
19 août 2010 13:09:56 net.jxta.impl.rendezvous.rpv.PeerView seed
INFO: New Seeding...
19 août 2010 13:11:29 net.jxta.impl.rendezvous.rpv.PeerView seed
INFO: New Seeding...
19 août 2010 13:13:02 net.jxta.impl.rendezvous.rpv.PeerView seed
INFO: New Seeding...
19 août 2010 13:14:35 net.jxta.impl.rendezvous.rpv.PeerView seed
INFO: New Seeding...
19 août 2010 13:16:08 net.jxta.impl.rendezvous.rpv.PeerView seed
INFO: New Seeding...
19 août 2010 13:17:41 net.jxta.impl.rendezvous.rpv.PeerView seed
INFO: New Seeding...
19 août 2010 13:19:14 net.jxta.impl.rendezvous.rpv.PeerView seed
INFO: New Seeding...
19 août 2010 13:20:47 net.jxta.impl.rendezvous.rpv.PeerView seed
INFO: New Seeding...
19 août 2010 13:22:20 net.jxta.impl.rendezvous.rpv.PeerView seed
INFO: New Seeding...
19 août 2010 13:23:53 net.jxta.impl.rendezvous.rpv.PeerView seed
INFO: New Seeding...
19 août 2010 13:25:26 net.jxta.impl.rendezvous.rpv.PeerView seed
INFO: New Seeding...
19 août 2010 13:26:59 net.jxta.impl.rendezvous.rpv.PeerView seed
INFO: New Seeding...
19 août 2010 13:28:32 net.jxta.impl.rendezvous.rpv.PeerView seed
INFO: New Seeding...
19 août 2010 13:30:05 net.jxta.impl.rendezvous.rpv.PeerView seed
INFO: New Seeding...
19 août 2010 13:31:38 net.jxta.impl.rendezvous.rpv.PeerView seed
INFO: New Seeding...
19 août 2010 13:33:11 net.jxta.impl.rendezvous.rpv.PeerView seed
INFO: New Seeding...
19 août 2010 13:34:44 net.jxta.impl.rendezvous.rpv.PeerView seed
INFO: New Seeding...
19 août 2010 13:36:17 net.jxta.impl.rendezvous.rpv.PeerView seed
INFO: New Seeding...
19 août 2010 13:37:42 net.jxta.impl.endpoint.tcp.TcpMessenger closeImpl
INFO: Normal close (open 3659882ms) of socket to : tcp://192.168.1.103:37611 / 127.0.0.1:40063
19 août 2010 13:37:42 net.jxta.impl.endpoint.tcp.TcpMessenger <init>
INFO: Connection from 127.0.0.1:60424
19 août 2010 13:37:50 net.jxta.impl.rendezvous.rpv.PeerView seed
INFO: New Seeding...
19 août 2010 13:39:23 net.jxta.impl.rendezvous.rpv.PeerView seed
INFO: New Seeding...
19 août 2010 13:40:56 net.jxta.impl.rendezvous.rpv.PeerView seed
INFO: New Seeding...
19 août 2010 13:42:29 net.jxta.impl.rendezvous.rpv.PeerView seed
INFO: New Seeding...
19 août 2010 13:44:02 net.jxta.impl.rendezvous.rpv.PeerView seed
INFO: New Seeding...
19 août 2010 13:45:35 net.jxta.impl.rendezvous.rpv.PeerView seed
INFO: New Seeding...
19 août 2010 13:47:08 net.jxta.impl.rendezvous.rpv.PeerView seed
INFO: New Seeding...
19 août 2010 13:48:41 net.jxta.impl.rendezvous.rpv.PeerView seed
INFO: New Seeding...
19 août 2010 13:50:14 net.jxta.impl.rendezvous.rpv.PeerView seed
INFO: New Seeding...
19 août 2010 13:51:47 net.jxta.impl.rendezvous.rpv.PeerView seed
INFO: New Seeding...
19 août 2010 13:53:20 net.jxta.impl.rendezvous.rpv.PeerView seed
INFO: New Seeding...
19 août 2010 13:54:53 net.jxta.impl.rendezvous.rpv.PeerView seed
INFO: New Seeding...
19 août 2010 13:56:26 net.jxta.impl.rendezvous.rpv.PeerView seed
INFO: New Seeding...
19 août 2010 13:57:59 net.jxta.impl.rendezvous.rpv.PeerView seed
INFO: New Seeding...
19 août 2010 13:59:32 net.jxta.impl.rendezvous.rpv.PeerView seed
INFO: New Seeding...
19 août 2010 14:01:05 net.jxta.impl.rendezvous.rpv.PeerView seed
INFO: New Seeding...
19 août 2010 14:02:38 net.jxta.impl.rendezvous.rpv.PeerView seed
INFO: New Seeding...
19 août 2010 14:04:11 net.jxta.impl.rendezvous.rpv.PeerView seed
INFO: New Seeding...
19 août 2010 14:05:44 net.jxta.impl.rendezvous.rpv.PeerView seed
INFO: New Seeding...
19 août 2010 14:07:17 net.jxta.impl.rendezvous.rpv.PeerView seed
INFO: New Seeding...
19 août 2010 14:08:50 net.jxta.impl.rendezvous.rpv.PeerView seed
INFO: New Seeding...
19 août 2010 14:10:23 net.jxta.impl.rendezvous.rpv.PeerView seed
INFO: New Seeding...
19 août 2010 14:11:56 net.jxta.impl.rendezvous.rpv.PeerView seed
INFO: New Seeding...
19 août 2010 14:13:29 net.jxta.impl.rendezvous.rpv.PeerView seed
INFO: New Seeding...
19 août 2010 14:15:02 net.jxta.impl.rendezvous.rpv.PeerView seed
INFO: New Seeding...
19 août 2010 14:16:35 net.jxta.impl.rendezvous.rpv.PeerView seed
INFO: New Seeding...
19 août 2010 14:18:08 net.jxta.impl.rendezvous.rpv.PeerView seed
INFO: New Seeding...
19 août 2010 14:19:41 net.jxta.impl.rendezvous.rpv.PeerView seed
INFO: New Seeding...
19 août 2010 14:21:14 net.jxta.impl.rendezvous.rpv.PeerView seed
INFO: New Seeding...
19 août 2010 14:22:47 net.jxta.impl.rendezvous.rpv.PeerView seed
INFO: New Seeding...
19 août 2010 14:24:20 net.jxta.impl.rendezvous.rpv.PeerView seed
INFO: New Seeding...
19 août 2010 14:25:53 net.jxta.impl.rendezvous.rpv.PeerView seed
INFO: New Seeding...
19 août 2010 14:27:26 net.jxta.impl.rendezvous.rpv.PeerView seed
INFO: New Seeding...
19 août 2010 14:28:59 net.jxta.impl.rendezvous.rpv.PeerView seed
INFO: New Seeding...
19 août 2010 14:30:32 net.jxta.impl.rendezvous.rpv.PeerView seed
INFO: New Seeding...
19 août 2010 14:32:05 net.jxta.impl.rendezvous.rpv.PeerView seed
INFO: New Seeding...
19 août 2010 14:33:38 net.jxta.impl.rendezvous.rpv.PeerView seed
INFO: New Seeding...
19 août 2010 14:35:11 net.jxta.impl.rendezvous.rpv.PeerView seed
INFO: New Seeding...
19 août 2010 14:36:44 net.jxta.impl.rendezvous.rpv.PeerView seed
INFO: New Seeding...
19 août 2010 14:38:17 net.jxta.impl.rendezvous.rpv.PeerView seed
INFO: New Seeding...
19 août 2010 14:38:42 net.jxta.impl.endpoint.tcp.TcpMessenger closeImpl
INFO: Normal close (open 3660004ms) of socket to : tcp://192.168.1.103:37611 / 127.0.0.1:60424
19 août 2010 14:38:42 net.jxta.impl.endpoint.tcp.TcpMessenger <init>
INFO: Connection from 127.0.0.1:47124
19 août 2010 14:39:50 net.jxta.impl.rendezvous.rpv.PeerView seed
INFO: New Seeding...
19 août 2010 14:41:23 net.jxta.impl.rendezvous.rpv.PeerView seed
INFO: New Seeding...
19 août 2010 14:42:56 net.jxta.impl.rendezvous.rpv.PeerView seed
INFO: New Seeding...
19 août 2010 14:44:29 net.jxta.impl.rendezvous.rpv.PeerView seed
INFO: New Seeding...
19 août 2010 14:46:02 net.jxta.impl.rendezvous.rpv.PeerView seed
INFO: New Seeding...
20 août 2010 00:11:14 net.jxta.impl.endpoint.tcp.TcpMessenger closeImpl
INFO: Normal close (open 34351632ms) of socket to : tcp://192.168.1.103:37611 / 127.0.0.1:47124
20 août 2010 00:11:14 net.jxta.impl.endpoint.tcp.TcpMessenger closeImpl
INFO: Normal close (open 79709861ms) of socket to : tcp://192.168.1.103:26419 / 127.0.0.1:53954
20 août 2010 00:11:14 net.jxta.impl.endpoint.tcp.TcpMessenger <init>
INFO: Connection from 127.0.0.1:33255
20 août 2010 00:11:19 net.jxta.impl.rendezvous.rpv.PeerView seed
INFO: New Seeding...
20 août 2010 00:11:20 net.jxta.impl.endpoint.tcp.TcpMessenger <init>
INFO: Connection from 127.0.0.1:45017
20 août 2010 00:12:33 net.jxta.impl.endpoint.tcp.TcpMessenger closeImpl
INFO: Normal close (open 78399ms) of socket to : tcp://192.168.1.103:37611 / 127.0.0.1:33255
20 août 2010 00:12:52 net.jxta.impl.rendezvous.rpv.PeerView seed
INFO: New Seeding...
20 août 2010 00:14:25 net.jxta.impl.rendezvous.rpv.PeerView seed
INFO: New Seeding...
20 août 2010 00:15:58 net.jxta.impl.rendezvous.rpv.PeerView seed
INFO: New Seeding...
20 août 2010 00:17:31 net.jxta.impl.rendezvous.rpv.PeerView seed
INFO: New Seeding...
20 août 2010 00:19:05 net.jxta.impl.rendezvous.rpv.PeerView seed
INFO: New Seeding...
20 août 2010 00:20:38 net.jxta.impl.rendezvous.rpv.PeerView seed
INFO: New Seeding...
20 août 2010 00:22:11 net.jxta.impl.rendezvous.rpv.PeerView seed
INFO: New Seeding...
20 août 2010 00:23:44 net.jxta.impl.rendezvous.rpv.PeerView seed
INFO: New Seeding...
20 août 2010 00:25:17 net.jxta.impl.rendezvous.rpv.PeerView seed
INFO: New Seeding...
20 août 2010 00:26:50 net.jxta.impl.rendezvous.rpv.PeerView seed
INFO: New Seeding...
20 août 2010 00:28:24 net.jxta.impl.rendezvous.rpv.PeerView seed
INFO: New Seeding...
20 août 2010 00:29:57 net.jxta.impl.rendezvous.rpv.PeerView seed
INFO: New Seeding...
20 août 2010 00:31:30 net.jxta.impl.rendezvous.rpv.PeerView seed
INFO: New Seeding...
20 août 2010 00:33:03 net.jxta.impl.rendezvous.rpv.PeerView seed
INFO: New Seeding...
22 août 2010 20:43:21 net.jxta.impl.rendezvous.rpv.PeerView seed
INFO: New Seeding...
22 août 2010 20:44:54 net.jxta.impl.rendezvous.rpv.PeerView seed
INFO: New Seeding...
22 août 2010 20:46:27 net.jxta.impl.rendezvous.rpv.PeerView seed
INFO: New Seeding...
22 août 2010 20:48:00 net.jxta.impl.rendezvous.rpv.PeerView seed
INFO: New Seeding...
22 août 2010 20:49:33 net.jxta.impl.rendezvous.rpv.PeerView seed
INFO: New Seeding...
22 août 2010 20:51:06 net.jxta.impl.rendezvous.rpv.PeerView seed
INFO: New Seeding...
22 août 2010 20:52:39 net.jxta.impl.rendezvous.rpv.PeerView seed
INFO: New Seeding...
22 août 2010 20:54:12 net.jxta.impl.rendezvous.rpv.PeerView seed
INFO: New Seeding...
22 août 2010 20:55:45 net.jxta.impl.rendezvous.rpv.PeerView seed
INFO: New Seeding...
22 août 2010 20:57:18 net.jxta.impl.rendezvous.rpv.PeerView seed
INFO: New Seeding...
22 août 2010 20:58:51 net.jxta.impl.rendezvous.rpv.PeerView seed
INFO: New Seeding...
22 août 2010 21:00:24 net.jxta.impl.rendezvous.rpv.PeerView seed
INFO: New Seeding...
22 août 2010 21:01:57 net.jxta.impl.rendezvous.rpv.PeerView seed
INFO: New Seeding...
22 août 2010 21:03:30 net.jxta.impl.rendezvous.rpv.PeerView seed
INFO: New Seeding...
22 août 2010 21:05:03 net.jxta.impl.rendezvous.rpv.PeerView seed
INFO: New Seeding...
22 août 2010 21:06:36 net.jxta.impl.rendezvous.rpv.PeerView seed
INFO: New Seeding...
22 août 2010 21:08:09 net.jxta.impl.rendezvous.rpv.PeerView seed
INFO: New Seeding...
22 août 2010 21:09:42 net.jxta.impl.rendezvous.rpv.PeerView seed
INFO: New Seeding...
22 août 2010 21:11:15 net.jxta.impl.rendezvous.rpv.PeerView seed
INFO: New Seeding...
22 août 2010 21:12:48 net.jxta.impl.rendezvous.rpv.PeerView seed
INFO: New Seeding...
22 août 2010 21:14:21 net.jxta.impl.rendezvous.rpv.PeerView seed
INFO: New Seeding...
22 août 2010 21:15:54 net.jxta.impl.rendezvous.rpv.PeerView seed
INFO: New Seeding...
22 août 2010 21:17:27 net.jxta.impl.rendezvous.rpv.PeerView seed
INFO: New Seeding...
22 août 2010 21:19:00 net.jxta.impl.rendezvous.rpv.PeerView seed
INFO: New Seeding...
22 août 2010 21:20:33 net.jxta.impl.rendezvous.rpv.PeerView seed
INFO: New Seeding...
22 août 2010 21:22:06 net.jxta.impl.rendezvous.rpv.PeerView seed
INFO: New Seeding...
22 août 2010 21:23:39 net.jxta.impl.rendezvous.rpv.PeerView seed
INFO: New Seeding...
22 août 2010 21:25:12 net.jxta.impl.rendezvous.rpv.PeerView seed
INFO: New Seeding...
22 août 2010 21:26:45 net.jxta.impl.rendezvous.rpv.PeerView seed
INFO: New Seeding...
22 août 2010 21:28:18 net.jxta.impl.rendezvous.rpv.PeerView seed
INFO: New Seeding...
22 août 2010 21:29:51 net.jxta.impl.rendezvous.rpv.PeerView seed
INFO: New Seeding...
22 août 2010 21:31:25 net.jxta.impl.rendezvous.rpv.PeerView seed
INFO: New Seeding...
22 août 2010 21:32:58 net.jxta.impl.rendezvous.rpv.PeerView seed
INFO: New Seeding...
22 août 2010 21:34:31 net.jxta.impl.rendezvous.rpv.PeerView seed
INFO: New Seeding...
22 août 2010 21:36:04 net.jxta.impl.rendezvous.rpv.PeerView seed
INFO: New Seeding...
22 août 2010 21:37:37 net.jxta.impl.rendezvous.rpv.PeerView seed
INFO: New Seeding...
22 août 2010 21:39:10 net.jxta.impl.rendezvous.rpv.PeerView seed
INFO: New Seeding...
22 août 2010 21:40:43 net.jxta.impl.rendezvous.rpv.PeerView seed
INFO: New Seeding...
22 août 2010 21:42:16 net.jxta.impl.rendezvous.rpv.PeerView seed
INFO: New Seeding...
22 août 2010 21:43:49 net.jxta.impl.rendezvous.rpv.PeerView seed
INFO: New Seeding...
22 août 2010 21:45:22 net.jxta.impl.rendezvous.rpv.PeerView seed
INFO: New Seeding...
22 août 2010 21:46:55 net.jxta.impl.rendezvous.rpv.PeerView seed
INFO: New Seeding...
22 août 2010 21:48:28 net.jxta.impl.rendezvous.rpv.PeerView seed
INFO: New Seeding...
22 août 2010 21:50:01 net.jxta.impl.rendezvous.rpv.PeerView seed
INFO: New Seeding...
22 août 2010 21:51:34 net.jxta.impl.rendezvous.rpv.PeerView seed
INFO: New Seeding...
22 août 2010 21:53:07 net.jxta.impl.rendezvous.rpv.PeerView seed
INFO: New Seeding...
22 août 2010 21:54:40 net.jxta.impl.rendezvous.rpv.PeerView seed
INFO: New Seeding...
22 août 2010 21:56:13 net.jxta.impl.rendezvous.rpv.PeerView seed
INFO: New Seeding...
22 août 2010 21:57:46 net.jxta.impl.rendezvous.rpv.PeerView seed
INFO: New Seeding...
22 août 2010 21:59:19 net.jxta.impl.rendezvous.rpv.PeerView seed
INFO: New Seeding...
22 août 2010 22:00:52 net.jxta.impl.rendezvous.rpv.PeerView seed
INFO: New Seeding...
22 août 2010 22:02:25 net.jxta.impl.rendezvous.rpv.PeerView seed
INFO: New Seeding...
22 août 2010 22:03:58 net.jxta.impl.rendezvous.rpv.PeerView seed
INFO: New Seeding...
22 août 2010 22:05:31 net.jxta.impl.rendezvous.rpv.PeerView seed
INFO: New Seeding...
22 août 2010 22:07:04 net.jxta.impl.rendezvous.rpv.PeerView seed
INFO: New Seeding...
22 août 2010 22:08:37 net.jxta.impl.rendezvous.rpv.PeerView seed
INFO: New Seeding...
22 août 2010 22:10:10 net.jxta.impl.rendezvous.rpv.PeerView seed
INFO: New Seeding...
22 août 2010 22:11:43 net.jxta.impl.rendezvous.rpv.PeerView seed
INFO: New Seeding...
22 août 2010 22:13:16 net.jxta.impl.rendezvous.rpv.PeerView seed
INFO: New Seeding...
22 août 2010 22:14:49 net.jxta.impl.rendezvous.rpv.PeerView seed
INFO: New Seeding...
22 août 2010 22:16:22 net.jxta.impl.rendezvous.rpv.PeerView seed
INFO: New Seeding...
22 août 2010 22:17:55 net.jxta.impl.rendezvous.rpv.PeerView seed
INFO: New Seeding...
22 août 2010 22:19:28 net.jxta.impl.rendezvous.rpv.PeerView seed
INFO: New Seeding...
22 août 2010 22:21:01 net.jxta.impl.rendezvous.rpv.PeerView seed
INFO: New Seeding...
22 août 2010 22:22:34 net.jxta.impl.rendezvous.rpv.PeerView seed
INFO: New Seeding...
22 août 2010 22:24:07 net.jxta.impl.rendezvous.rpv.PeerView seed
INFO: New Seeding...
22 août 2010 22:25:40 net.jxta.impl.rendezvous.rpv.PeerView seed
INFO: New Seeding...
22 août 2010 22:27:13 net.jxta.impl.rendezvous.rpv.PeerView seed
INFO: New Seeding...
22 août 2010 22:28:46 net.jxta.impl.rendezvous.rpv.PeerView seed
INFO: New Seeding...
22 août 2010 22:30:19 net.jxta.impl.rendezvous.rpv.PeerView seed
INFO: New Seeding...
22 août 2010 22:31:52 net.jxta.impl.rendezvous.rpv.PeerView seed
INFO: New Seeding...
22 août 2010 22:33:25 net.jxta.impl.rendezvous.rpv.PeerView seed
INFO: New Seeding...
22 août 2010 22:34:58 net.jxta.impl.rendezvous.rpv.PeerView seed
INFO: New Seeding...
22 août 2010 22:36:31 net.jxta.impl.rendezvous.rpv.PeerView seed
INFO: New Seeding...
22 août 2010 22:38:04 net.jxta.impl.rendezvous.rpv.PeerView seed
INFO: New Seeding...
22 août 2010 22:39:37 net.jxta.impl.rendezvous.rpv.PeerView seed
INFO: New Seeding...
22 août 2010 22:41:10 net.jxta.impl.rendezvous.rpv.PeerView seed
INFO: New Seeding...
22 août 2010 22:42:43 net.jxta.impl.rendezvous.rpv.PeerView seed
INFO: New Seeding...
22 août 2010 22:44:16 net.jxta.impl.rendezvous.rpv.PeerView seed
INFO: New Seeding...
22 août 2010 22:45:49 net.jxta.impl.rendezvous.rpv.PeerView seed
INFO: New Seeding...
22 août 2010 22:47:22 net.jxta.impl.rendezvous.rpv.PeerView seed
INFO: New Seeding...
22 août 2010 22:48:55 net.jxta.impl.rendezvous.rpv.PeerView seed
INFO: New Seeding...
22 août 2010 22:50:28 net.jxta.impl.rendezvous.rpv.PeerView seed
INFO: New Seeding...
22 août 2010 22:52:01 net.jxta.impl.rendezvous.rpv.PeerView seed
INFO: New Seeding...
22 août 2010 22:53:34 net.jxta.impl.rendezvous.rpv.PeerView seed
INFO: New Seeding...
22 août 2010 22:55:07 net.jxta.impl.rendezvous.rpv.PeerView seed
INFO: New Seeding...
22 août 2010 22:56:40 net.jxta.impl.rendezvous.rpv.PeerView seed
INFO: New Seeding...
22 août 2010 22:58:13 net.jxta.impl.rendezvous.rpv.PeerView seed
INFO: New Seeding...
22 août 2010 22:59:46 net.jxta.impl.rendezvous.rpv.PeerView seed
INFO: New Seeding...
22 août 2010 23:01:19 net.jxta.impl.rendezvous.rpv.PeerView seed
INFO: New Seeding...
22 août 2010 23:02:52 net.jxta.impl.rendezvous.rpv.PeerView seed
INFO: New Seeding...
22 août 2010 23:04:25 net.jxta.impl.rendezvous.rpv.PeerView seed
INFO: New Seeding...
22 août 2010 23:05:58 net.jxta.impl.rendezvous.rpv.PeerView seed
INFO: New Seeding...
22 août 2010 23:07:31 net.jxta.impl.rendezvous.rpv.PeerView seed
INFO: New Seeding...
22 août 2010 23:09:04 net.jxta.impl.rendezvous.rpv.PeerView seed
INFO: New Seeding...
22 août 2010 23:10:37 net.jxta.impl.rendezvous.rpv.PeerView seed
INFO: New Seeding...
22 août 2010 23:12:10 net.jxta.impl.rendezvous.rpv.PeerView seed
INFO: New Seeding...
22 août 2010 23:13:43 net.jxta.impl.rendezvous.rpv.PeerView seed
INFO: New Seeding...
22 août 2010 23:15:16 net.jxta.impl.rendezvous.rpv.PeerView seed
INFO: New Seeding...
22 août 2010 23:16:49 net.jxta.impl.rendezvous.rpv.PeerView seed
INFO: New Seeding...
22 août 2010 23:18:22 net.jxta.impl.rendezvous.rpv.PeerView seed
INFO: New Seeding...
22 août 2010 23:19:55 net.jxta.impl.rendezvous.rpv.PeerView seed
INFO: New Seeding...
22 août 2010 23:21:28 net.jxta.impl.rendezvous.rpv.PeerView seed
INFO: New Seeding...
22 août 2010 23:23:01 net.jxta.impl.rendezvous.rpv.PeerView seed
INFO: New Seeding...
22 août 2010 23:24:34 net.jxta.impl.rendezvous.rpv.PeerView seed
INFO: New Seeding...
22 août 2010 23:26:07 net.jxta.impl.rendezvous.rpv.PeerView seed
INFO: New Seeding...
22 août 2010 23:27:40 net.jxta.impl.rendezvous.rpv.PeerView seed
INFO: New Seeding...
22 août 2010 23:29:13 net.jxta.impl.rendezvous.rpv.PeerView seed
INFO: New Seeding...
22 août 2010 23:30:46 net.jxta.impl.rendezvous.rpv.PeerView seed
INFO: New Seeding...
22 août 2010 23:32:19 net.jxta.impl.rendezvous.rpv.PeerView seed
INFO: New Seeding...
22 août 2010 23:33:52 net.jxta.impl.rendezvous.rpv.PeerView seed
INFO: New Seeding...
22 août 2010 23:35:25 net.jxta.impl.rendezvous.rpv.PeerView seed
INFO: New Seeding...
22 août 2010 23:36:58 net.jxta.impl.rendezvous.rpv.PeerView seed
INFO: New Seeding...
23 août 2010 19:32:19 net.jxta.impl.rendezvous.rpv.PeerView seed
INFO: New Seeding...
23 août 2010 19:33:52 net.jxta.impl.rendezvous.rpv.PeerView seed
INFO: New Seeding...
23 août 2010 19:35:25 net.jxta.impl.rendezvous.rpv.PeerView seed
INFO: New Seeding...
23 août 2010 19:36:58 net.jxta.impl.rendezvous.rpv.PeerView seed
INFO: New Seeding...
23 août 2010 21:38:18 net.jxta.impl.rendezvous.rpv.PeerView seed
INFO: New Seeding...
23 août 2010 21:39:51 net.jxta.impl.rendezvous.rpv.PeerView seed
INFO: New Seeding...
23 août 2010 21:41:24 net.jxta.impl.rendezvous.rpv.PeerView seed
INFO: New Seeding...
23 août 2010 21:42:57 net.jxta.impl.rendezvous.rpv.PeerView seed
INFO: New Seeding...
23 août 2010 22:35:56 net.jxta.impl.rendezvous.rpv.PeerView seed
INFO: New Seeding...
23 août 2010 22:37:29 net.jxta.impl.rendezvous.rpv.PeerView seed
INFO: New Seeding...
24 août 2010 19:35:50 net.jxta.impl.rendezvous.rpv.PeerView seed
INFO: New Seeding...
24 août 2010 19:36:00 net.jxta.impl.endpoint.tcp.TcpMessenger closeImpl
INFO: Normal close (open 415479684ms) of socket to : tcp://192.168.1.103:26419 / 127.0.0.1:45017
24 août 2010 19:36:00 net.jxta.impl.endpoint.tcp.TcpMessenger <init>
INFO: Connection from 127.0.0.1:43210
24 août 2010 19:37:23 net.jxta.impl.rendezvous.rpv.PeerView seed
INFO: New Seeding...
24 août 2010 19:38:56 net.jxta.impl.rendezvous.rpv.PeerView seed
INFO: New Seeding...
24 août 2010 22:36:10 net.jxta.impl.rendezvous.rpv.PeerView seed
INFO: New Seeding...
24 août 2010 22:37:43 net.jxta.impl.rendezvous.rpv.PeerView seed
INFO: New Seeding...
25 août 2010 22:38:50 net.jxta.impl.rendezvous.rpv.PeerView seed
INFO: New Seeding...
26 août 2010 22:59:43 net.jxta.impl.rendezvous.rpv.PeerView seed
INFO: New Seeding...
26 août 2010 23:01:16 net.jxta.impl.rendezvous.rpv.PeerView seed
INFO: New Seeding...
26 août 2010 23:02:49 net.jxta.impl.rendezvous.rpv.PeerView seed
INFO: New Seeding...
27 août 2010 20:53:18 net.jxta.impl.rendezvous.rpv.PeerView seed
INFO: New Seeding...
27 août 2010 20:54:51 net.jxta.impl.rendezvous.rpv.PeerView seed
INFO: New Seeding...
28 août 2010 11:56:29 net.jxta.impl.rendezvous.rpv.PeerView seed
INFO: New Seeding...
28 août 2010 11:58:02 net.jxta.impl.rendezvous.rpv.PeerView seed
INFO: New Seeding...
28 août 2010 12:03:55 net.jxta.impl.rendezvous.rpv.PeerView seed
INFO: New Seeding...
28 août 2010 12:05:28 net.jxta.impl.rendezvous.rpv.PeerView seed
INFO: New Seeding...
28 août 2010 12:07:01 net.jxta.impl.rendezvous.rpv.PeerView seed
INFO: New Seeding...
28 août 2010 13:00:22 net.jxta.impl.rendezvous.rpv.PeerView seed
INFO: New Seeding...
28 août 2010 13:01:55 net.jxta.impl.rendezvous.rpv.PeerView seed
INFO: New Seeding...
28 août 2010 13:03:28 net.jxta.impl.rendezvous.rpv.PeerView seed
INFO: New Seeding...
28 août 2010 13:05:01 net.jxta.impl.rendezvous.rpv.PeerView seed
INFO: New Seeding...
28 août 2010 13:06:34 net.jxta.impl.rendezvous.rpv.PeerView seed
INFO: New Seeding...
28 août 2010 13:08:07 net.jxta.impl.rendezvous.rpv.PeerView seed
INFO: New Seeding...
28 août 2010 13:09:40 net.jxta.impl.rendezvous.rpv.PeerView seed
INFO: New Seeding...
28 août 2010 13:11:13 net.jxta.impl.rendezvous.rpv.PeerView seed
INFO: New Seeding...
28 août 2010 13:12:46 net.jxta.impl.rendezvous.rpv.PeerView seed
INFO: New Seeding...
28 août 2010 13:14:20 net.jxta.impl.rendezvous.rpv.PeerView seed
INFO: New Seeding...
28 août 2010 13:15:53 net.jxta.impl.rendezvous.rpv.PeerView seed
INFO: New Seeding...
28 août 2010 13:17:26 net.jxta.impl.rendezvous.rpv.PeerView seed
INFO: New Seeding...
28 août 2010 13:18:59 net.jxta.impl.rendezvous.rpv.PeerView seed
INFO: New Seeding...
28 août 2010 13:20:32 net.jxta.impl.rendezvous.rpv.PeerView seed
INFO: New Seeding...
28 août 2010 13:22:05 net.jxta.impl.rendezvous.rpv.PeerView seed
INFO: New Seeding...
28 août 2010 13:23:38 net.jxta.impl.rendezvous.rpv.PeerView seed
INFO: New Seeding...
28 août 2010 13:25:11 net.jxta.impl.rendezvous.rpv.PeerView seed
INFO: New Seeding...
28 août 2010 13:26:44 net.jxta.impl.rendezvous.rpv.PeerView seed
INFO: New Seeding...
28 août 2010 13:28:17 net.jxta.impl.rendezvous.rpv.PeerView seed
INFO: New Seeding...
28 août 2010 13:29:50 net.jxta.impl.rendezvous.rpv.PeerView seed
INFO: New Seeding...
28 août 2010 13:31:23 net.jxta.impl.rendezvous.rpv.PeerView seed
INFO: New Seeding...
28 août 2010 13:32:56 net.jxta.impl.rendezvous.rpv.PeerView seed
INFO: New Seeding...
28 août 2010 13:34:29 net.jxta.impl.rendezvous.rpv.PeerView seed
INFO: New Seeding...
28 août 2010 13:36:02 net.jxta.impl.rendezvous.rpv.PeerView seed
INFO: New Seeding...
28 août 2010 13:37:35 net.jxta.impl.rendezvous.rpv.PeerView seed
INFO: New Seeding...
28 août 2010 13:39:08 net.jxta.impl.rendezvous.rpv.PeerView seed
INFO: New Seeding...
28 août 2010 13:40:41 net.jxta.impl.rendezvous.rpv.PeerView seed
INFO: New Seeding...
28 août 2010 13:42:14 net.jxta.impl.rendezvous.rpv.PeerView seed
INFO: New Seeding...
28 août 2010 13:43:47 net.jxta.impl.rendezvous.rpv.PeerView seed
INFO: New Seeding...
28 août 2010 13:45:20 net.jxta.impl.rendezvous.rpv.PeerView seed
INFO: New Seeding...
28 août 2010 13:46:53 net.jxta.impl.rendezvous.rpv.PeerView seed
INFO: New Seeding...
28 août 2010 13:48:26 net.jxta.impl.rendezvous.rpv.PeerView seed
INFO: New Seeding...
28 août 2010 13:49:59 net.jxta.impl.rendezvous.rpv.PeerView seed
INFO: New Seeding...
28 août 2010 13:51:32 net.jxta.impl.rendezvous.rpv.PeerView seed
INFO: New Seeding...
28 août 2010 13:53:05 net.jxta.impl.rendezvous.rpv.PeerView seed
INFO: New Seeding...
28 août 2010 13:54:38 net.jxta.impl.rendezvous.rpv.PeerView seed
INFO: New Seeding...
28 août 2010 13:56:11 net.jxta.impl.rendezvous.rpv.PeerView seed
INFO: New Seeding...
28 août 2010 13:57:44 net.jxta.impl.rendezvous.rpv.PeerView seed
INFO: New Seeding...
28 août 2010 13:59:17 net.jxta.impl.rendezvous.rpv.PeerView seed
INFO: New Seeding...
28 août 2010 14:00:50 net.jxta.impl.rendezvous.rpv.PeerView seed
INFO: New Seeding...
28 août 2010 14:02:23 net.jxta.impl.rendezvous.rpv.PeerView seed
INFO: New Seeding...
28 août 2010 14:03:56 net.jxta.impl.rendezvous.rpv.PeerView seed
INFO: New Seeding...
28 août 2010 14:05:29 net.jxta.impl.rendezvous.rpv.PeerView seed
INFO: New Seeding...
28 août 2010 14:07:02 net.jxta.impl.rendezvous.rpv.PeerView seed
INFO: New Seeding...
28 août 2010 14:08:35 net.jxta.impl.rendezvous.rpv.PeerView seed
INFO: New Seeding...
28 août 2010 14:10:08 net.jxta.impl.rendezvous.rpv.PeerView seed
INFO: New Seeding...
28 août 2010 14:11:41 net.jxta.impl.rendezvous.rpv.PeerView seed
INFO: New Seeding...
28 août 2010 14:13:14 net.jxta.impl.rendezvous.rpv.PeerView seed
INFO: New Seeding...
28 août 2010 14:14:47 net.jxta.impl.rendezvous.rpv.PeerView seed
INFO: New Seeding...
28 août 2010 14:16:20 net.jxta.impl.rendezvous.rpv.PeerView seed
INFO: New Seeding...
28 août 2010 14:17:53 net.jxta.impl.rendezvous.rpv.PeerView seed
INFO: New Seeding...
28 août 2010 14:19:26 net.jxta.impl.rendezvous.rpv.PeerView seed
INFO: New Seeding...
28 août 2010 14:20:59 net.jxta.impl.rendezvous.rpv.PeerView seed
INFO: New Seeding...
28 août 2010 14:22:32 net.jxta.impl.rendezvous.rpv.PeerView seed
INFO: New Seeding...
28 août 2010 14:24:05 net.jxta.impl.rendezvous.rpv.PeerView seed
INFO: New Seeding...
28 août 2010 14:25:38 net.jxta.impl.rendezvous.rpv.PeerView seed
INFO: New Seeding...
28 août 2010 14:27:11 net.jxta.impl.rendezvous.rpv.PeerView seed
INFO: New Seeding...
28 août 2010 14:28:44 net.jxta.impl.rendezvous.rpv.PeerView seed
INFO: New Seeding...
28 août 2010 14:30:17 net.jxta.impl.rendezvous.rpv.PeerView seed
INFO: New Seeding...
28 août 2010 14:31:50 net.jxta.impl.rendezvous.rpv.PeerView seed
INFO: New Seeding...
28 août 2010 14:33:23 net.jxta.impl.rendezvous.rpv.PeerView seed
INFO: New Seeding...
28 août 2010 14:34:56 net.jxta.impl.rendezvous.rpv.PeerView seed
INFO: New Seeding...
28 août 2010 14:36:29 net.jxta.impl.rendezvous.rpv.PeerView seed
INFO: New Seeding...
28 août 2010 14:38:02 net.jxta.impl.rendezvous.rpv.PeerView seed
INFO: New Seeding...
28 août 2010 14:39:35 net.jxta.impl.rendezvous.rpv.PeerView seed
INFO: New Seeding...
28 août 2010 14:41:08 net.jxta.impl.rendezvous.rpv.PeerView seed
INFO: New Seeding...
28 août 2010 14:42:41 net.jxta.impl.rendezvous.rpv.PeerView seed
INFO: New Seeding...
28 août 2010 14:44:14 net.jxta.impl.rendezvous.rpv.PeerView seed
INFO: New Seeding...
28 août 2010 14:45:47 net.jxta.impl.rendezvous.rpv.PeerView seed
INFO: New Seeding...
28 août 2010 14:47:20 net.jxta.impl.rendezvous.rpv.PeerView seed
INFO: New Seeding...
28 août 2010 14:48:53 net.jxta.impl.rendezvous.rpv.PeerView seed
INFO: New Seeding...
28 août 2010 14:50:26 net.jxta.impl.rendezvous.rpv.PeerView seed
INFO: New Seeding...
28 août 2010 14:51:59 net.jxta.impl.rendezvous.rpv.PeerView seed
INFO: New Seeding...
28 août 2010 14:53:32 net.jxta.impl.rendezvous.rpv.PeerView seed
INFO: New Seeding...
28 août 2010 14:55:05 net.jxta.impl.rendezvous.rpv.PeerView seed
INFO: New Seeding...
28 août 2010 14:56:38 net.jxta.impl.rendezvous.rpv.PeerView seed
INFO: New Seeding...
28 août 2010 14:58:11 net.jxta.impl.rendezvous.rpv.PeerView seed
INFO: New Seeding...
28 août 2010 14:59:44 net.jxta.impl.rendezvous.rpv.PeerView seed
INFO: New Seeding...
28 août 2010 15:01:17 net.jxta.impl.rendezvous.rpv.PeerView seed
INFO: New Seeding...
28 août 2010 15:02:50 net.jxta.impl.rendezvous.rpv.PeerView seed
INFO: New Seeding...
28 août 2010 15:04:23 net.jxta.impl.rendezvous.rpv.PeerView seed
INFO: New Seeding...
28 août 2010 15:05:56 net.jxta.impl.rendezvous.rpv.PeerView seed
INFO: New Seeding...
28 août 2010 15:07:29 net.jxta.impl.rendezvous.rpv.PeerView seed
INFO: New Seeding...
28 août 2010 15:09:02 net.jxta.impl.rendezvous.rpv.PeerView seed
INFO: New Seeding...
28 août 2010 15:10:35 net.jxta.impl.rendezvous.rpv.PeerView seed
INFO: New Seeding...
28 août 2010 15:12:08 net.jxta.impl.rendezvous.rpv.PeerView seed
INFO: New Seeding...
28 août 2010 15:13:41 net.jxta.impl.rendezvous.rpv.PeerView seed
INFO: New Seeding...
28 août 2010 15:15:14 net.jxta.impl.rendezvous.rpv.PeerView seed
INFO: New Seeding...
28 août 2010 15:16:47 net.jxta.impl.rendezvous.rpv.PeerView seed
INFO: New Seeding...
28 août 2010 15:18:20 net.jxta.impl.rendezvous.rpv.PeerView seed
INFO: New Seeding...
28 août 2010 15:19:53 net.jxta.impl.rendezvous.rpv.PeerView seed
INFO: New Seeding...
28 août 2010 15:21:26 net.jxta.impl.rendezvous.rpv.PeerView seed
INFO: New Seeding...
28 août 2010 15:22:59 net.jxta.impl.rendezvous.rpv.PeerView seed
INFO: New Seeding...
28 août 2010 15:24:32 net.jxta.impl.rendezvous.rpv.PeerView seed
INFO: New Seeding...
28 août 2010 15:26:05 net.jxta.impl.rendezvous.rpv.PeerView seed
INFO: New Seeding...
28 août 2010 15:27:38 net.jxta.impl.rendezvous.rpv.PeerView seed
INFO: New Seeding...
28 août 2010 15:29:11 net.jxta.impl.rendezvous.rpv.PeerView seed
INFO: New Seeding...
28 août 2010 15:30:44 net.jxta.impl.rendezvous.rpv.PeerView seed
INFO: New Seeding...
28 août 2010 15:32:17 net.jxta.impl.rendezvous.rpv.PeerView seed
INFO: New Seeding...
28 août 2010 15:33:50 net.jxta.impl.rendezvous.rpv.PeerView seed
INFO: New Seeding...
28 août 2010 15:35:23 net.jxta.impl.rendezvous.rpv.PeerView seed
INFO: New Seeding...
28 août 2010 15:36:56 net.jxta.impl.rendezvous.rpv.PeerView seed
INFO: New Seeding...
28 août 2010 15:38:29 net.jxta.impl.rendezvous.rpv.PeerView seed
INFO: New Seeding...
28 août 2010 15:40:02 net.jxta.impl.rendezvous.rpv.PeerView seed
INFO: New Seeding...
28 août 2010 15:41:35 net.jxta.impl.rendezvous.rpv.PeerView seed
INFO: New Seeding...
28 août 2010 15:43:08 net.jxta.impl.rendezvous.rpv.PeerView seed
INFO: New Seeding...
28 août 2010 15:44:41 net.jxta.impl.rendezvous.rpv.PeerView seed
INFO: New Seeding...
28 août 2010 15:46:14 net.jxta.impl.rendezvous.rpv.PeerView seed
INFO: New Seeding...
28 août 2010 15:47:47 net.jxta.impl.rendezvous.rpv.PeerView seed
INFO: New Seeding...
28 août 2010 15:49:20 net.jxta.impl.rendezvous.rpv.PeerView seed
INFO: New Seeding...
28 août 2010 15:50:53 net.jxta.impl.rendezvous.rpv.PeerView seed
INFO: New Seeding...
28 août 2010 15:52:26 net.jxta.impl.rendezvous.rpv.PeerView seed
INFO: New Seeding...
28 août 2010 15:53:59 net.jxta.impl.rendezvous.rpv.PeerView seed
INFO: New Seeding...
28 août 2010 15:55:32 net.jxta.impl.rendezvous.rpv.PeerView seed
INFO: New Seeding...
28 août 2010 15:57:05 net.jxta.impl.rendezvous.rpv.PeerView seed
INFO: New Seeding...
28 août 2010 15:58:38 net.jxta.impl.rendezvous.rpv.PeerView seed
INFO: New Seeding...
28 août 2010 16:00:11 net.jxta.impl.rendezvous.rpv.PeerView seed
INFO: New Seeding...
28 août 2010 16:01:44 net.jxta.impl.rendezvous.rpv.PeerView seed
INFO: New Seeding...
28 août 2010 16:03:17 net.jxta.impl.rendezvous.rpv.PeerView seed
INFO: New Seeding...
28 août 2010 16:04:50 net.jxta.impl.rendezvous.rpv.PeerView seed
INFO: New Seeding...
28 août 2010 16:06:23 net.jxta.impl.rendezvous.rpv.PeerView seed
INFO: New Seeding...
28 août 2010 16:07:56 net.jxta.impl.rendezvous.rpv.PeerView seed
INFO: New Seeding...
28 août 2010 16:09:29 net.jxta.impl.rendezvous.rpv.PeerView seed
INFO: New Seeding...
28 août 2010 16:11:02 net.jxta.impl.rendezvous.rpv.PeerView seed
INFO: New Seeding...
28 août 2010 16:12:35 net.jxta.impl.rendezvous.rpv.PeerView seed
INFO: New Seeding...
28 août 2010 16:14:08 net.jxta.impl.rendezvous.rpv.PeerView seed
INFO: New Seeding...
28 août 2010 16:15:41 net.jxta.impl.rendezvous.rpv.PeerView seed
INFO: New Seeding...
28 août 2010 16:17:14 net.jxta.impl.rendezvous.rpv.PeerView seed
INFO: New Seeding...
28 août 2010 16:18:47 net.jxta.impl.rendezvous.rpv.PeerView seed
INFO: New Seeding...
28 août 2010 16:20:20 net.jxta.impl.rendezvous.rpv.PeerView seed
INFO: New Seeding...
28 août 2010 16:21:53 net.jxta.impl.rendezvous.rpv.PeerView seed
INFO: New Seeding...
28 août 2010 16:23:26 net.jxta.impl.rendezvous.rpv.PeerView seed
INFO: New Seeding...
28 août 2010 16:24:59 net.jxta.impl.rendezvous.rpv.PeerView seed
INFO: New Seeding...
28 août 2010 16:26:32 net.jxta.impl.rendezvous.rpv.PeerView seed
INFO: New Seeding...
28 août 2010 16:28:05 net.jxta.impl.rendezvous.rpv.PeerView seed
INFO: New Seeding...
28 août 2010 16:29:38 net.jxta.impl.rendezvous.rpv.PeerView seed
INFO: New Seeding...
28 août 2010 16:31:11 net.jxta.impl.rendezvous.rpv.PeerView seed
INFO: New Seeding...
28 août 2010 16:32:44 net.jxta.impl.rendezvous.rpv.PeerView seed
INFO: New Seeding...
28 août 2010 16:34:17 net.jxta.impl.rendezvous.rpv.PeerView seed
INFO: New Seeding...
28 août 2010 16:35:50 net.jxta.impl.rendezvous.rpv.PeerView seed
INFO: New Seeding...
28 août 2010 16:37:23 net.jxta.impl.rendezvous.rpv.PeerView seed
INFO: New Seeding...
28 août 2010 16:38:56 net.jxta.impl.rendezvous.rpv.PeerView seed
INFO: New Seeding...
28 août 2010 16:40:29 net.jxta.impl.rendezvous.rpv.PeerView seed
INFO: New Seeding...
28 août 2010 16:42:02 net.jxta.impl.rendezvous.rpv.PeerView seed
INFO: New Seeding...
28 août 2010 16:43:35 net.jxta.impl.rendezvous.rpv.PeerView seed
INFO: New Seeding...
28 août 2010 16:45:08 net.jxta.impl.rendezvous.rpv.PeerView seed
INFO: New Seeding...
28 août 2010 16:46:41 net.jxta.impl.rendezvous.rpv.PeerView seed
INFO: New Seeding...
28 août 2010 16:48:14 net.jxta.impl.rendezvous.rpv.PeerView seed
INFO: New Seeding...
28 août 2010 16:49:47 net.jxta.impl.rendezvous.rpv.PeerView seed
INFO: New Seeding...
28 août 2010 16:51:20 net.jxta.impl.rendezvous.rpv.PeerView seed
INFO: New Seeding...
28 août 2010 16:52:53 net.jxta.impl.rendezvous.rpv.PeerView seed
INFO: New Seeding...
28 août 2010 16:54:26 net.jxta.impl.rendezvous.rpv.PeerView seed
INFO: New Seeding...
28 août 2010 16:55:59 net.jxta.impl.rendezvous.rpv.PeerView seed
INFO: New Seeding...
28 août 2010 16:57:32 net.jxta.impl.rendezvous.rpv.PeerView seed
INFO: New Seeding...
28 août 2010 16:59:05 net.jxta.impl.rendezvous.rpv.PeerView seed
INFO: New Seeding...
28 août 2010 17:00:38 net.jxta.impl.rendezvous.rpv.PeerView seed
INFO: New Seeding...
28 août 2010 17:02:11 net.jxta.impl.rendezvous.rpv.PeerView seed
INFO: New Seeding...
28 août 2010 17:03:44 net.jxta.impl.rendezvous.rpv.PeerView seed
INFO: New Seeding...
28 août 2010 17:05:17 net.jxta.impl.rendezvous.rpv.PeerView seed
INFO: New Seeding...
28 août 2010 17:06:50 net.jxta.impl.rendezvous.rpv.PeerView seed
INFO: New Seeding...
28 août 2010 17:08:23 net.jxta.impl.rendezvous.rpv.PeerView seed
INFO: New Seeding...
28 août 2010 17:09:56 net.jxta.impl.rendezvous.rpv.PeerView seed
INFO: New Seeding...
28 août 2010 17:11:29 net.jxta.impl.rendezvous.rpv.PeerView seed
INFO: New Seeding...
28 août 2010 17:13:02 net.jxta.impl.rendezvous.rpv.PeerView seed
INFO: New Seeding...
28 août 2010 17:14:35 net.jxta.impl.rendezvous.rpv.PeerView seed
INFO: New Seeding...
28 août 2010 17:16:08 net.jxta.impl.rendezvous.rpv.PeerView seed
INFO: New Seeding...
28 août 2010 17:17:41 net.jxta.impl.rendezvous.rpv.PeerView seed
INFO: New Seeding...
28 août 2010 17:19:14 net.jxta.impl.rendezvous.rpv.PeerView seed
INFO: New Seeding...
28 août 2010 17:20:47 net.jxta.impl.rendezvous.rpv.PeerView seed
INFO: New Seeding...
28 août 2010 17:22:20 net.jxta.impl.rendezvous.rpv.PeerView seed
INFO: New Seeding...
28 août 2010 17:23:53 net.jxta.impl.rendezvous.rpv.PeerView seed
INFO: New Seeding...
28 août 2010 17:25:26 net.jxta.impl.rendezvous.rpv.PeerView seed
INFO: New Seeding...
28 août 2010 17:26:59 net.jxta.impl.rendezvous.rpv.PeerView seed
INFO: New Seeding...
28 août 2010 17:28:32 net.jxta.impl.rendezvous.rpv.PeerView seed
INFO: New Seeding...
28 août 2010 17:30:05 net.jxta.impl.rendezvous.rpv.PeerView seed
INFO: New Seeding...
28 août 2010 17:31:38 net.jxta.impl.rendezvous.rpv.PeerView seed
INFO: New Seeding...
28 août 2010 17:33:11 net.jxta.impl.rendezvous.rpv.PeerView seed
INFO: New Seeding...
28 août 2010 17:34:44 net.jxta.impl.rendezvous.rpv.PeerView seed
INFO: New Seeding...
28 août 2010 17:36:17 net.jxta.impl.rendezvous.rpv.PeerView seed
INFO: New Seeding...
28 août 2010 17:37:50 net.jxta.impl.rendezvous.rpv.PeerView seed
INFO: New Seeding...
28 août 2010 17:39:23 net.jxta.impl.rendezvous.rpv.PeerView seed
INFO: New Seeding...
28 août 2010 17:40:56 net.jxta.impl.rendezvous.rpv.PeerView seed
INFO: New Seeding...
28 août 2010 17:42:29 net.jxta.impl.rendezvous.rpv.PeerView seed
INFO: New Seeding...
28 août 2010 17:44:02 net.jxta.impl.rendezvous.rpv.PeerView seed
INFO: New Seeding...
28 août 2010 17:45:35 net.jxta.impl.rendezvous.rpv.PeerView seed
INFO: New Seeding...
28 août 2010 17:47:08 net.jxta.impl.rendezvous.rpv.PeerView seed
INFO: New Seeding...
28 août 2010 17:48:41 net.jxta.impl.rendezvous.rpv.PeerView seed
INFO: New Seeding...
28 août 2010 17:50:14 net.jxta.impl.rendezvous.rpv.PeerView seed
INFO: New Seeding...
28 août 2010 17:51:47 net.jxta.impl.rendezvous.rpv.PeerView seed
INFO: New Seeding...
28 août 2010 17:53:20 net.jxta.impl.rendezvous.rpv.PeerView seed
INFO: New Seeding...
28 août 2010 17:54:53 net.jxta.impl.rendezvous.rpv.PeerView seed
INFO: New Seeding...
28 août 2010 17:56:26 net.jxta.impl.rendezvous.rpv.PeerView seed
INFO: New Seeding...
28 août 2010 17:57:59 net.jxta.impl.rendezvous.rpv.PeerView seed
INFO: New Seeding...
28 août 2010 17:59:32 net.jxta.impl.rendezvous.rpv.PeerView seed
INFO: New Seeding...
28 août 2010 18:01:05 net.jxta.impl.rendezvous.rpv.PeerView seed
INFO: New Seeding...
28 août 2010 18:02:38 net.jxta.impl.rendezvous.rpv.PeerView seed
INFO: New Seeding...
28 août 2010 18:04:11 net.jxta.impl.rendezvous.rpv.PeerView seed
INFO: New Seeding...
28 août 2010 18:05:44 net.jxta.impl.rendezvous.rpv.PeerView seed
INFO: New Seeding...
28 août 2010 18:07:17 net.jxta.impl.rendezvous.rpv.PeerView seed
INFO: New Seeding...
28 août 2010 18:08:51 net.jxta.impl.rendezvous.rpv.PeerView seed
INFO: New Seeding...
28 août 2010 18:10:24 net.jxta.impl.rendezvous.rpv.PeerView seed
INFO: New Seeding...
28 août 2010 18:11:57 net.jxta.impl.rendezvous.rpv.PeerView seed
INFO: New Seeding...
28 août 2010 18:13:30 net.jxta.impl.rendezvous.rpv.PeerView seed
INFO: New Seeding...
28 août 2010 18:15:03 net.jxta.impl.rendezvous.rpv.PeerView seed
INFO: New Seeding...
28 août 2010 18:16:36 net.jxta.impl.rendezvous.rpv.PeerView seed
INFO: New Seeding...
28 août 2010 18:18:09 net.jxta.impl.rendezvous.rpv.PeerView seed
INFO: New Seeding...
28 août 2010 18:19:42 net.jxta.impl.rendezvous.rpv.PeerView seed
INFO: New Seeding...
28 août 2010 18:21:15 net.jxta.impl.rendezvous.rpv.PeerView seed
INFO: New Seeding...
28 août 2010 18:22:48 net.jxta.impl.rendezvous.rpv.PeerView seed
INFO: New Seeding...
28 août 2010 18:24:21 net.jxta.impl.rendezvous.rpv.PeerView seed
INFO: New Seeding...
28 août 2010 18:25:54 net.jxta.impl.rendezvous.rpv.PeerView seed
INFO: New Seeding...
28 août 2010 18:27:27 net.jxta.impl.rendezvous.rpv.PeerView seed
INFO: New Seeding...
28 août 2010 18:29:00 net.jxta.impl.rendezvous.rpv.PeerView seed
INFO: New Seeding...
28 août 2010 18:30:33 net.jxta.impl.rendezvous.rpv.PeerView seed
INFO: New Seeding...
28 août 2010 18:32:06 net.jxta.impl.rendezvous.rpv.PeerView seed
INFO: New Seeding...
28 août 2010 18:33:39 net.jxta.impl.rendezvous.rpv.PeerView seed
INFO: New Seeding...
28 août 2010 18:35:12 net.jxta.impl.rendezvous.rpv.PeerView seed
INFO: New Seeding...
28 août 2010 18:36:45 net.jxta.impl.rendezvous.rpv.PeerView seed
INFO: New Seeding...
28 août 2010 18:38:18 net.jxta.impl.rendezvous.rpv.PeerView seed
INFO: New Seeding...
28 août 2010 18:39:51 net.jxta.impl.rendezvous.rpv.PeerView seed
INFO: New Seeding...
28 août 2010 18:41:24 net.jxta.impl.rendezvous.rpv.PeerView seed
INFO: New Seeding...
28 août 2010 18:42:57 net.jxta.impl.rendezvous.rpv.PeerView seed
INFO: New Seeding...
28 août 2010 18:44:30 net.jxta.impl.rendezvous.rpv.PeerView seed
INFO: New Seeding...
28 août 2010 18:46:03 net.jxta.impl.rendezvous.rpv.PeerView seed
INFO: New Seeding...
28 août 2010 18:47:36 net.jxta.impl.rendezvous.rpv.PeerView seed
INFO: New Seeding...
28 août 2010 18:49:09 net.jxta.impl.rendezvous.rpv.PeerView seed
INFO: New Seeding...
28 août 2010 18:50:42 net.jxta.impl.rendezvous.rpv.PeerView seed
INFO: New Seeding...
28 août 2010 18:52:15 net.jxta.impl.rendezvous.rpv.PeerView seed
INFO: New Seeding...
28 août 2010 18:53:48 net.jxta.impl.rendezvous.rpv.PeerView seed
INFO: New Seeding...
28 août 2010 18:55:21 net.jxta.impl.rendezvous.rpv.PeerView seed
INFO: New Seeding...
28 août 2010 18:56:54 net.jxta.impl.rendezvous.rpv.PeerView seed
INFO: New Seeding...
28 août 2010 18:58:27 net.jxta.impl.rendezvous.rpv.PeerView seed
INFO: New Seeding...
28 août 2010 19:00:00 net.jxta.impl.rendezvous.rpv.PeerView seed
INFO: New Seeding...
28 août 2010 19:01:33 net.jxta.impl.rendezvous.rpv.PeerView seed
INFO: New Seeding...
28 août 2010 19:03:06 net.jxta.impl.rendezvous.rpv.PeerView seed
INFO: New Seeding...
28 août 2010 19:04:39 net.jxta.impl.rendezvous.rpv.PeerView seed
INFO: New Seeding...
28 août 2010 19:06:12 net.jxta.impl.rendezvous.rpv.PeerView seed
INFO: New Seeding...
28 août 2010 19:07:45 net.jxta.impl.rendezvous.rpv.PeerView seed
INFO: New Seeding...
28 août 2010 19:09:18 net.jxta.impl.rendezvous.rpv.PeerView seed
INFO: New Seeding...
28 août 2010 19:10:51 net.jxta.impl.rendezvous.rpv.PeerView seed
INFO: New Seeding...
28 août 2010 19:12:24 net.jxta.impl.rendezvous.rpv.PeerView seed
INFO: New Seeding...
28 août 2010 19:13:57 net.jxta.impl.rendezvous.rpv.PeerView seed
INFO: New Seeding...
28 août 2010 19:15:30 net.jxta.impl.rendezvous.rpv.PeerView seed
INFO: New Seeding...
28 août 2010 19:17:03 net.jxta.impl.rendezvous.rpv.PeerView seed
INFO: New Seeding...
28 août 2010 19:18:36 net.jxta.impl.rendezvous.rpv.PeerView seed
INFO: New Seeding...
28 août 2010 19:20:09 net.jxta.impl.rendezvous.rpv.PeerView seed
INFO: New Seeding...
28 août 2010 19:21:42 net.jxta.impl.rendezvous.rpv.PeerView seed
INFO: New Seeding...
28 août 2010 19:23:15 net.jxta.impl.rendezvous.rpv.PeerView seed
INFO: New Seeding...
28 août 2010 19:24:48 net.jxta.impl.rendezvous.rpv.PeerView seed
INFO: New Seeding...
28 août 2010 19:26:21 net.jxta.impl.rendezvous.rpv.PeerView seed
INFO: New Seeding...
28 août 2010 19:27:54 net.jxta.impl.rendezvous.rpv.PeerView seed
INFO: New Seeding...
28 août 2010 19:29:27 net.jxta.impl.rendezvous.rpv.PeerView seed
INFO: New Seeding...
28 août 2010 19:31:00 net.jxta.impl.rendezvous.rpv.PeerView seed
INFO: New Seeding...
28 août 2010 19:32:33 net.jxta.impl.rendezvous.rpv.PeerView seed
INFO: New Seeding...
28 août 2010 19:34:06 net.jxta.impl.rendezvous.rpv.PeerView seed
INFO: New Seeding...
28 août 2010 19:35:39 net.jxta.impl.rendezvous.rpv.PeerView seed
INFO: New Seeding...
28 août 2010 19:37:12 net.jxta.impl.rendezvous.rpv.PeerView seed
INFO: New Seeding...
28 août 2010 19:38:45 net.jxta.impl.rendezvous.rpv.PeerView seed
INFO: New Seeding...
28 août 2010 19:40:18 net.jxta.impl.rendezvous.rpv.PeerView seed
INFO: New Seeding...
28 août 2010 19:41:51 net.jxta.impl.rendezvous.rpv.PeerView seed
INFO: New Seeding...
28 août 2010 19:43:24 net.jxta.impl.rendezvous.rpv.PeerView seed
INFO: New Seeding...
28 août 2010 19:44:57 net.jxta.impl.rendezvous.rpv.PeerView seed
INFO: New Seeding...
28 août 2010 19:46:30 net.jxta.impl.rendezvous.rpv.PeerView seed
INFO: New Seeding...
28 août 2010 19:48:03 net.jxta.impl.rendezvous.rpv.PeerView seed
INFO: New Seeding...
28 août 2010 19:49:36 net.jxta.impl.rendezvous.rpv.PeerView seed
INFO: New Seeding...
28 août 2010 19:51:09 net.jxta.impl.rendezvous.rpv.PeerView seed
INFO: New Seeding...
28 août 2010 19:52:42 net.jxta.impl.rendezvous.rpv.PeerView seed
INFO: New Seeding...
28 août 2010 19:54:15 net.jxta.impl.rendezvous.rpv.PeerView seed
INFO: New Seeding...
28 août 2010 19:55:48 net.jxta.impl.rendezvous.rpv.PeerView seed
INFO: New Seeding...
28 août 2010 19:57:21 net.jxta.impl.rendezvous.rpv.PeerView seed
INFO: New Seeding...
28 août 2010 19:58:54 net.jxta.impl.rendezvous.rpv.PeerView seed
INFO: New Seeding...
28 août 2010 20:00:27 net.jxta.impl.rendezvous.rpv.PeerView seed
INFO: New Seeding...
28 août 2010 20:02:00 net.jxta.impl.rendezvous.rpv.PeerView seed
INFO: New Seeding...
28 août 2010 20:03:33 net.jxta.impl.rendezvous.rpv.PeerView seed
INFO: New Seeding...
28 août 2010 20:05:06 net.jxta.impl.rendezvous.rpv.PeerView seed
INFO: New Seeding...
28 août 2010 20:06:39 net.jxta.impl.rendezvous.rpv.PeerView seed
INFO: New Seeding...
28 août 2010 20:08:12 net.jxta.impl.rendezvous.rpv.PeerView seed
INFO: New Seeding...
28 août 2010 20:09:45 net.jxta.impl.rendezvous.rpv.PeerView seed
INFO: New Seeding...
28 août 2010 20:11:18 net.jxta.impl.rendezvous.rpv.PeerView seed
INFO: New Seeding...
28 août 2010 20:12:51 net.jxta.impl.rendezvous.rpv.PeerView seed
INFO: New Seeding...
28 août 2010 20:14:24 net.jxta.impl.rendezvous.rpv.PeerView seed
INFO: New Seeding...
28 août 2010 20:15:57 net.jxta.impl.rendezvous.rpv.PeerView seed
INFO: New Seeding...
28 août 2010 20:17:30 net.jxta.impl.rendezvous.rpv.PeerView seed
INFO: New Seeding...
28 août 2010 20:19:03 net.jxta.impl.rendezvous.rpv.PeerView seed
INFO: New Seeding...
28 août 2010 20:20:36 net.jxta.impl.rendezvous.rpv.PeerView seed
INFO: New Seeding...
28 août 2010 20:22:09 net.jxta.impl.rendezvous.rpv.PeerView seed
INFO: New Seeding...
28 août 2010 20:23:42 net.jxta.impl.rendezvous.rpv.PeerView seed
INFO: New Seeding...
28 août 2010 20:25:15 net.jxta.impl.rendezvous.rpv.PeerView seed
INFO: New Seeding...
28 août 2010 20:26:48 net.jxta.impl.rendezvous.rpv.PeerView seed
INFO: New Seeding...
28 août 2010 20:28:21 net.jxta.impl.rendezvous.rpv.PeerView seed
INFO: New Seeding...
28 août 2010 20:29:54 net.jxta.impl.rendezvous.rpv.PeerView seed
INFO: New Seeding...
28 août 2010 20:31:27 net.jxta.impl.rendezvous.rpv.PeerView seed
INFO: New Seeding...
28 août 2010 20:33:00 net.jxta.impl.rendezvous.rpv.PeerView seed
INFO: New Seeding...
28 août 2010 20:34:33 net.jxta.impl.rendezvous.rpv.PeerView seed
INFO: New Seeding...
28 août 2010 20:36:06 net.jxta.impl.rendezvous.rpv.PeerView seed
INFO: New Seeding...
28 août 2010 20:37:39 net.jxta.impl.rendezvous.rpv.PeerView seed
INFO: New Seeding...
28 août 2010 20:39:12 net.jxta.impl.rendezvous.rpv.PeerView seed
INFO: New Seeding...
28 août 2010 20:40:45 net.jxta.impl.rendezvous.rpv.PeerView seed
INFO: New Seeding...
28 août 2010 20:42:18 net.jxta.impl.rendezvous.rpv.PeerView seed
INFO: New Seeding...
28 août 2010 20:43:51 net.jxta.impl.rendezvous.rpv.PeerView seed
INFO: New Seeding...
28 août 2010 20:45:24 net.jxta.impl.rendezvous.rpv.PeerView seed
INFO: New Seeding...
28 août 2010 20:46:57 net.jxta.impl.rendezvous.rpv.PeerView seed
INFO: New Seeding...
28 août 2010 20:48:30 net.jxta.impl.rendezvous.rpv.PeerView seed
INFO: New Seeding...
28 août 2010 20:50:03 net.jxta.impl.rendezvous.rpv.PeerView seed
INFO: New Seeding...
28 août 2010 20:51:36 net.jxta.impl.rendezvous.rpv.PeerView seed
INFO: New Seeding...
28 août 2010 20:53:09 net.jxta.impl.rendezvous.rpv.PeerView seed
INFO: New Seeding...
28 août 2010 20:54:42 net.jxta.impl.rendezvous.rpv.PeerView seed
INFO: New Seeding...
28 août 2010 20:56:15 net.jxta.impl.rendezvous.rpv.PeerView seed
INFO: New Seeding...
28 août 2010 20:57:48 net.jxta.impl.rendezvous.rpv.PeerView seed
INFO: New Seeding...
28 août 2010 20:59:21 net.jxta.impl.rendezvous.rpv.PeerView seed
INFO: New Seeding...
28 août 2010 21:00:54 net.jxta.impl.rendezvous.rpv.PeerView seed
INFO: New Seeding...
28 août 2010 21:02:27 net.jxta.impl.rendezvous.rpv.PeerView seed
INFO: New Seeding...
28 août 2010 21:04:00 net.jxta.impl.rendezvous.rpv.PeerView seed
INFO: New Seeding...
28 août 2010 21:05:33 net.jxta.impl.rendezvous.rpv.PeerView seed
INFO: New Seeding...
28 août 2010 21:07:06 net.jxta.impl.rendezvous.rpv.PeerView seed
INFO: New Seeding...
28 août 2010 21:08:39 net.jxta.impl.rendezvous.rpv.PeerView seed
INFO: New Seeding...
28 août 2010 21:10:12 net.jxta.impl.rendezvous.rpv.PeerView seed
INFO: New Seeding...
28 août 2010 21:11:45 net.jxta.impl.rendezvous.rpv.PeerView seed
INFO: New Seeding...
28 août 2010 21:13:18 net.jxta.impl.rendezvous.rpv.PeerView seed
INFO: New Seeding...
28 août 2010 21:14:51 net.jxta.impl.rendezvous.rpv.PeerView seed
INFO: New Seeding...
28 août 2010 21:16:24 net.jxta.impl.rendezvous.rpv.PeerView seed
INFO: New Seeding...
28 août 2010 21:17:57 net.jxta.impl.rendezvous.rpv.PeerView seed
INFO: New Seeding...
28 août 2010 21:19:30 net.jxta.impl.rendezvous.rpv.PeerView seed
INFO: New Seeding...
28 août 2010 21:21:03 net.jxta.impl.rendezvous.rpv.PeerView seed
INFO: New Seeding...
28 août 2010 21:22:36 net.jxta.impl.rendezvous.rpv.PeerView seed
INFO: New Seeding...
28 août 2010 21:24:09 net.jxta.impl.rendezvous.rpv.PeerView seed
INFO: New Seeding...
28 août 2010 21:25:42 net.jxta.impl.rendezvous.rpv.PeerView seed
INFO: New Seeding...
28 août 2010 21:27:15 net.jxta.impl.rendezvous.rpv.PeerView seed
INFO: New Seeding...
28 août 2010 21:28:48 net.jxta.impl.rendezvous.rpv.PeerView seed
INFO: New Seeding...
28 août 2010 21:30:21 net.jxta.impl.rendezvous.rpv.PeerView seed
INFO: New Seeding...
28 août 2010 21:31:54 net.jxta.impl.rendezvous.rpv.PeerView seed
INFO: New Seeding...
28 août 2010 21:33:27 net.jxta.impl.rendezvous.rpv.PeerView seed
INFO: New Seeding...
28 août 2010 21:35:00 net.jxta.impl.rendezvous.rpv.PeerView seed
INFO: New Seeding...
28 août 2010 21:36:33 net.jxta.impl.rendezvous.rpv.PeerView seed
INFO: New Seeding...
28 août 2010 21:38:06 net.jxta.impl.rendezvous.rpv.PeerView seed
INFO: New Seeding...
28 août 2010 21:39:39 net.jxta.impl.rendezvous.rpv.PeerView seed
INFO: New Seeding...
28 août 2010 21:41:12 net.jxta.impl.rendezvous.rpv.PeerView seed
INFO: New Seeding...
28 août 2010 21:42:45 net.jxta.impl.rendezvous.rpv.PeerView seed
INFO: New Seeding...
28 août 2010 21:44:18 net.jxta.impl.rendezvous.rpv.PeerView seed
INFO: New Seeding...
28 août 2010 21:45:51 net.jxta.impl.rendezvous.rpv.PeerView seed
INFO: New Seeding...
28 août 2010 21:47:24 net.jxta.impl.rendezvous.rpv.PeerView seed
INFO: New Seeding...
28 août 2010 21:48:57 net.jxta.impl.rendezvous.rpv.PeerView seed
INFO: New Seeding...
28 août 2010 21:50:30 net.jxta.impl.rendezvous.rpv.PeerView seed
INFO: New Seeding...
28 août 2010 21:52:03 net.jxta.impl.rendezvous.rpv.PeerView seed
INFO: New Seeding...
28 août 2010 21:53:36 net.jxta.impl.rendezvous.rpv.PeerView seed
INFO: New Seeding...
28 août 2010 21:55:09 net.jxta.impl.rendezvous.rpv.PeerView seed
INFO: New Seeding...
28 août 2010 21:56:42 net.jxta.impl.rendezvous.rpv.PeerView seed
INFO: New Seeding...
28 août 2010 21:58:15 net.jxta.impl.rendezvous.rpv.PeerView seed
INFO: New Seeding...
28 août 2010 21:59:48 net.jxta.impl.rendezvous.rpv.PeerView seed
INFO: New Seeding...
28 août 2010 22:01:21 net.jxta.impl.rendezvous.rpv.PeerView seed
INFO: New Seeding...
28 août 2010 22:02:54 net.jxta.impl.rendezvous.rpv.PeerView seed
INFO: New Seeding...
28 août 2010 22:04:27 net.jxta.impl.rendezvous.rpv.PeerView seed
INFO: New Seeding...
28 août 2010 22:06:00 net.jxta.impl.rendezvous.rpv.PeerView seed
INFO: New Seeding...
28 août 2010 22:07:33 net.jxta.impl.rendezvous.rpv.PeerView seed
INFO: New Seeding...
28 août 2010 22:09:06 net.jxta.impl.rendezvous.rpv.PeerView seed
INFO: New Seeding...
28 août 2010 22:10:39 net.jxta.impl.rendezvous.rpv.PeerView seed
INFO: New Seeding...
28 août 2010 22:12:12 net.jxta.impl.rendezvous.rpv.PeerView seed
INFO: New Seeding...
28 août 2010 22:13:45 net.jxta.impl.rendezvous.rpv.PeerView seed
INFO: New Seeding...
28 août 2010 22:15:18 net.jxta.impl.rendezvous.rpv.PeerView seed
INFO: New Seeding...
28 août 2010 22:16:51 net.jxta.impl.rendezvous.rpv.PeerView seed
INFO: New Seeding...
28 août 2010 22:18:24 net.jxta.impl.rendezvous.rpv.PeerView seed
INFO: New Seeding...
28 août 2010 22:19:57 net.jxta.impl.rendezvous.rpv.PeerView seed
INFO: New Seeding...
28 août 2010 22:21:30 net.jxta.impl.rendezvous.rpv.PeerView seed
INFO: New Seeding...
28 août 2010 22:23:03 net.jxta.impl.rendezvous.rpv.PeerView seed
INFO: New Seeding...
28 août 2010 22:24:36 net.jxta.impl.rendezvous.rpv.PeerView seed
INFO: New Seeding...
28 août 2010 22:26:09 net.jxta.impl.rendezvous.rpv.PeerView seed
INFO: New Seeding...
28 août 2010 22:27:42 net.jxta.impl.rendezvous.rpv.PeerView seed
INFO: New Seeding...
28 août 2010 22:29:15 net.jxta.impl.rendezvous.rpv.PeerView seed
INFO: New Seeding...
28 août 2010 22:30:48 net.jxta.impl.rendezvous.rpv.PeerView seed
INFO: New Seeding...
28 août 2010 22:32:21 net.jxta.impl.rendezvous.rpv.PeerView seed
INFO: New Seeding...
28 août 2010 22:33:54 net.jxta.impl.rendezvous.rpv.PeerView seed
INFO: New Seeding...
28 août 2010 22:35:27 net.jxta.impl.rendezvous.rpv.PeerView seed
INFO: New Seeding...
28 août 2010 22:37:00 net.jxta.impl.rendezvous.rpv.PeerView seed
INFO: New Seeding...
28 août 2010 22:38:33 net.jxta.impl.rendezvous.rpv.PeerView seed
INFO: New Seeding...
28 août 2010 22:40:06 net.jxta.impl.rendezvous.rpv.PeerView seed
INFO: New Seeding...
28 août 2010 22:41:39 net.jxta.impl.rendezvous.rpv.PeerView seed
INFO: New Seeding...
28 août 2010 22:43:12 net.jxta.impl.rendezvous.rpv.PeerView seed
INFO: New Seeding...
28 août 2010 22:44:45 net.jxta.impl.rendezvous.rpv.PeerView seed
INFO: New Seeding...
28 août 2010 22:46:18 net.jxta.impl.rendezvous.rpv.PeerView seed
INFO: New Seeding...
28 août 2010 22:47:51 net.jxta.impl.rendezvous.rpv.PeerView seed
INFO: New Seeding...
28 août 2010 22:49:24 net.jxta.impl.rendezvous.rpv.PeerView seed
INFO: New Seeding...
28 août 2010 22:50:57 net.jxta.impl.rendezvous.rpv.PeerView seed
INFO: New Seeding...
28 août 2010 22:52:30 net.jxta.impl.rendezvous.rpv.PeerView seed
INFO: New Seeding...
28 août 2010 22:54:03 net.jxta.impl.rendezvous.rpv.PeerView seed
INFO: New Seeding...
28 août 2010 22:55:36 net.jxta.impl.rendezvous.rpv.PeerView seed
INFO: New Seeding...
28 août 2010 22:57:09 net.jxta.impl.rendezvous.rpv.PeerView seed
INFO: New Seeding...
28 août 2010 22:58:42 net.jxta.impl.rendezvous.rpv.PeerView seed
INFO: New Seeding...
28 août 2010 23:30:57 net.jxta.impl.rendezvous.rpv.PeerView seed
INFO: New Seeding...
28 août 2010 23:32:30 net.jxta.impl.rendezvous.rpv.PeerView seed
INFO: New Seeding...
28 août 2010 23:34:03 net.jxta.impl.rendezvous.rpv.PeerView seed
INFO: New Seeding...
28 août 2010 23:35:36 net.jxta.impl.rendezvous.rpv.PeerView seed
INFO: New Seeding...
28 août 2010 23:37:09 net.jxta.impl.rendezvous.rpv.PeerView seed
INFO: New Seeding...
29 août 2010 16:25:31 net.jxta.impl.rendezvous.rpv.PeerView seed
INFO: New Seeding...
29 août 2010 16:27:04 net.jxta.impl.rendezvous.rpv.PeerView seed
INFO: New Seeding...
29 août 2010 16:28:37 net.jxta.impl.rendezvous.rpv.PeerView seed
INFO: New Seeding...
29 août 2010 16:30:10 net.jxta.impl.rendezvous.rpv.PeerView seed
INFO: New Seeding...
29 août 2010 16:31:44 net.jxta.impl.rendezvous.rpv.PeerView seed
INFO: New Seeding...
29 août 2010 16:33:17 net.jxta.impl.rendezvous.rpv.PeerView seed
INFO: New Seeding...
29 août 2010 16:34:50 net.jxta.impl.rendezvous.rpv.PeerView seed
INFO: New Seeding...
29 août 2010 16:36:23 net.jxta.impl.rendezvous.rpv.PeerView seed
INFO: New Seeding...
30 août 2010 18:15:53 net.jxta.impl.rendezvous.rpv.PeerView seed
INFO: New Seeding...
30 août 2010 18:17:26 net.jxta.impl.rendezvous.rpv.PeerView seed
INFO: New Seeding...
30 août 2010 18:18:59 net.jxta.impl.rendezvous.rpv.PeerView seed
INFO: New Seeding...
30 août 2010 18:20:32 net.jxta.impl.rendezvous.rpv.PeerView seed
INFO: New Seeding...
30 août 2010 18:22:05 net.jxta.impl.rendezvous.rpv.PeerView seed
INFO: New Seeding...
30 août 2010 18:23:38 net.jxta.impl.rendezvous.rpv.PeerView seed
INFO: New Seeding...
30 août 2010 18:25:11 net.jxta.impl.rendezvous.rpv.PeerView seed
INFO: New Seeding...
30 août 2010 18:26:44 net.jxta.impl.rendezvous.rpv.PeerView seed
INFO: New Seeding...
30 août 2010 18:28:17 net.jxta.impl.rendezvous.rpv.PeerView seed
INFO: New Seeding...
30 août 2010 18:29:50 net.jxta.impl.rendezvous.rpv.PeerView seed
INFO: New Seeding...
30 août 2010 18:31:23 net.jxta.impl.rendezvous.rpv.PeerView seed
INFO: New Seeding...
30 août 2010 18:32:56 net.jxta.impl.rendezvous.rpv.PeerView seed
INFO: New Seeding...
30 août 2010 18:34:29 net.jxta.impl.rendezvous.rpv.PeerView seed
INFO: New Seeding...
30 août 2010 18:36:02 net.jxta.impl.rendezvous.rpv.PeerView seed
INFO: New Seeding...
30 août 2010 18:37:35 net.jxta.impl.rendezvous.rpv.PeerView seed
INFO: New Seeding...
30 août 2010 18:39:08 net.jxta.impl.rendezvous.rpv.PeerView seed
INFO: New Seeding...
30 août 2010 18:40:41 net.jxta.impl.rendezvous.rpv.PeerView seed
INFO: New Seeding...
30 août 2010 18:42:14 net.jxta.impl.rendezvous.rpv.PeerView seed
INFO: New Seeding...
30 août 2010 18:43:47 net.jxta.impl.rendezvous.rpv.PeerView seed
INFO: New Seeding...
30 août 2010 18:45:20 net.jxta.impl.rendezvous.rpv.PeerView seed
INFO: New Seeding...
30 août 2010 18:46:53 net.jxta.impl.rendezvous.rpv.PeerView seed
INFO: New Seeding...
30 août 2010 18:48:26 net.jxta.impl.rendezvous.rpv.PeerView seed
INFO: New Seeding...
30 août 2010 18:49:59 net.jxta.impl.rendezvous.rpv.PeerView seed
INFO: New Seeding...
30 août 2010 18:51:32 net.jxta.impl.rendezvous.rpv.PeerView seed
INFO: New Seeding...
30 août 2010 18:53:05 net.jxta.impl.rendezvous.rpv.PeerView seed
INFO: New Seeding...
30 août 2010 18:54:38 net.jxta.impl.rendezvous.rpv.PeerView seed
INFO: New Seeding...
30 août 2010 18:56:11 net.jxta.impl.rendezvous.rpv.PeerView seed
INFO: New Seeding...
30 août 2010 18:57:44 net.jxta.impl.rendezvous.rpv.PeerView seed
INFO: New Seeding...
30 août 2010 18:59:17 net.jxta.impl.rendezvous.rpv.PeerView seed
INFO: New Seeding...
30 août 2010 19:00:50 net.jxta.impl.rendezvous.rpv.PeerView seed
INFO: New Seeding...
30 août 2010 19:02:23 net.jxta.impl.rendezvous.rpv.PeerView seed
INFO: New Seeding...
30 août 2010 19:03:56 net.jxta.impl.rendezvous.rpv.PeerView seed
INFO: New Seeding...
30 août 2010 19:05:29 net.jxta.impl.rendezvous.rpv.PeerView seed
INFO: New Seeding...
30 août 2010 19:07:02 net.jxta.impl.rendezvous.rpv.PeerView seed
INFO: New Seeding...
30 août 2010 19:08:35 net.jxta.impl.rendezvous.rpv.PeerView seed
INFO: New Seeding...
30 août 2010 19:10:08 net.jxta.impl.rendezvous.rpv.PeerView seed
INFO: New Seeding...
30 août 2010 19:11:41 net.jxta.impl.rendezvous.rpv.PeerView seed
INFO: New Seeding...
30 août 2010 19:13:14 net.jxta.impl.rendezvous.rpv.PeerView seed
INFO: New Seeding...
30 août 2010 19:14:47 net.jxta.impl.rendezvous.rpv.PeerView seed
INFO: New Seeding...
30 août 2010 19:16:20 net.jxta.impl.rendezvous.rpv.PeerView seed
INFO: New Seeding...
30 août 2010 19:17:53 net.jxta.impl.rendezvous.rpv.PeerView seed
INFO: New Seeding...
30 août 2010 19:19:26 net.jxta.impl.rendezvous.rpv.PeerView seed
INFO: New Seeding...
30 août 2010 21:00:26 net.jxta.impl.rendezvous.rpv.PeerView seed
INFO: New Seeding...
30 août 2010 21:01:59 net.jxta.impl.rendezvous.rpv.PeerView seed
INFO: New Seeding...
30 août 2010 21:03:32 net.jxta.impl.rendezvous.rpv.PeerView seed
INFO: New Seeding...
30 août 2010 21:05:05 net.jxta.impl.rendezvous.rpv.PeerView seed
INFO: New Seeding...
30 août 2010 21:06:38 net.jxta.impl.rendezvous.rpv.PeerView seed
INFO: New Seeding...
30 août 2010 21:08:11 net.jxta.impl.rendezvous.rpv.PeerView seed
INFO: New Seeding...
30 août 2010 21:09:44 net.jxta.impl.rendezvous.rpv.PeerView seed
INFO: New Seeding...
30 août 2010 21:11:17 net.jxta.impl.rendezvous.rpv.PeerView seed
INFO: New Seeding...
30 août 2010 21:12:50 net.jxta.impl.rendezvous.rpv.PeerView seed
INFO: New Seeding...
30 août 2010 21:14:23 net.jxta.impl.rendezvous.rpv.PeerView seed
INFO: New Seeding...
30 août 2010 21:15:56 net.jxta.impl.rendezvous.rpv.PeerView seed
INFO: New Seeding...
30 août 2010 21:17:30 net.jxta.impl.rendezvous.rpv.PeerView seed
INFO: New Seeding...
30 août 2010 21:19:03 net.jxta.impl.rendezvous.rpv.PeerView seed
INFO: New Seeding...
30 août 2010 21:20:36 net.jxta.impl.rendezvous.rpv.PeerView seed
INFO: New Seeding...
30 août 2010 21:22:09 net.jxta.impl.rendezvous.rpv.PeerView seed
INFO: New Seeding...
30 août 2010 21:23:42 net.jxta.impl.rendezvous.rpv.PeerView seed
INFO: New Seeding...
30 août 2010 21:25:15 net.jxta.impl.rendezvous.rpv.PeerView seed
INFO: New Seeding...
30 août 2010 21:26:48 net.jxta.impl.rendezvous.rpv.PeerView seed
INFO: New Seeding...
30 août 2010 21:28:21 net.jxta.impl.rendezvous.rpv.PeerView seed
INFO: New Seeding...
30 août 2010 21:29:54 net.jxta.impl.rendezvous.rpv.PeerView seed
INFO: New Seeding...
30 août 2010 21:31:27 net.jxta.impl.rendezvous.rpv.PeerView seed
INFO: New Seeding...
30 août 2010 21:33:00 net.jxta.impl.rendezvous.rpv.PeerView seed
INFO: New Seeding...
30 août 2010 21:34:33 net.jxta.impl.rendezvous.rpv.PeerView seed
INFO: New Seeding...
30 août 2010 21:36:06 net.jxta.impl.rendezvous.rpv.PeerView seed
INFO: New Seeding...
30 août 2010 21:37:39 net.jxta.impl.rendezvous.rpv.PeerView seed
INFO: New Seeding...
30 août 2010 21:39:12 net.jxta.impl.rendezvous.rpv.PeerView seed
INFO: New Seeding...
30 août 2010 21:40:45 net.jxta.impl.rendezvous.rpv.PeerView seed
INFO: New Seeding...
30 août 2010 21:42:18 net.jxta.impl.rendezvous.rpv.PeerView seed
INFO: New Seeding...
30 août 2010 21:43:51 net.jxta.impl.rendezvous.rpv.PeerView seed
INFO: New Seeding...
30 août 2010 21:45:24 net.jxta.impl.rendezvous.rpv.PeerView seed
INFO: New Seeding...
30 août 2010 21:46:57 net.jxta.impl.rendezvous.rpv.PeerView seed
INFO: New Seeding...
30 août 2010 21:48:30 net.jxta.impl.rendezvous.rpv.PeerView seed
INFO: New Seeding...
30 août 2010 21:50:03 net.jxta.impl.rendezvous.rpv.PeerView seed
INFO: New Seeding...
30 août 2010 21:51:36 net.jxta.impl.rendezvous.rpv.PeerView seed
INFO: New Seeding...
30 août 2010 21:53:09 net.jxta.impl.rendezvous.rpv.PeerView seed
INFO: New Seeding...
30 août 2010 21:54:42 net.jxta.impl.rendezvous.rpv.PeerView seed
INFO: New Seeding...
30 août 2010 21:56:15 net.jxta.impl.rendezvous.rpv.PeerView seed
INFO: New Seeding...
30 août 2010 21:57:48 net.jxta.impl.rendezvous.rpv.PeerView seed
INFO: New Seeding...
30 août 2010 21:59:21 net.jxta.impl.rendezvous.rpv.PeerView seed
INFO: New Seeding...
30 août 2010 22:00:54 net.jxta.impl.rendezvous.rpv.PeerView seed
INFO: New Seeding...
30 août 2010 22:02:27 net.jxta.impl.rendezvous.rpv.PeerView seed
INFO: New Seeding...
30 août 2010 22:04:00 net.jxta.impl.rendezvous.rpv.PeerView seed
INFO: New Seeding...
30 août 2010 22:05:33 net.jxta.impl.rendezvous.rpv.PeerView seed
INFO: New Seeding...
30 août 2010 22:07:06 net.jxta.impl.rendezvous.rpv.PeerView seed
INFO: New Seeding...
30 août 2010 22:08:39 net.jxta.impl.rendezvous.rpv.PeerView seed
INFO: New Seeding...
30 août 2010 22:10:12 net.jxta.impl.rendezvous.rpv.PeerView seed
INFO: New Seeding...
30 août 2010 22:11:45 net.jxta.impl.rendezvous.rpv.PeerView seed
INFO: New Seeding...
30 août 2010 22:13:18 net.jxta.impl.rendezvous.rpv.PeerView seed
INFO: New Seeding...
30 août 2010 22:14:51 net.jxta.impl.rendezvous.rpv.PeerView seed
INFO: New Seeding...
30 août 2010 22:16:24 net.jxta.impl.rendezvous.rpv.PeerView seed
INFO: New Seeding...
30 août 2010 22:17:57 net.jxta.impl.rendezvous.rpv.PeerView seed
INFO: New Seeding...
30 août 2010 22:19:30 net.jxta.impl.rendezvous.rpv.PeerView seed
INFO: New Seeding...
30 août 2010 22:21:03 net.jxta.impl.rendezvous.rpv.PeerView seed
INFO: New Seeding...
30 août 2010 22:22:36 net.jxta.impl.rendezvous.rpv.PeerView seed
INFO: New Seeding...
30 août 2010 22:24:09 net.jxta.impl.rendezvous.rpv.PeerView seed
INFO: New Seeding...
30 août 2010 22:25:42 net.jxta.impl.rendezvous.rpv.PeerView seed
INFO: New Seeding...
30 août 2010 22:27:15 net.jxta.impl.rendezvous.rpv.PeerView seed
INFO: New Seeding...
30 août 2010 22:28:48 net.jxta.impl.rendezvous.rpv.PeerView seed
INFO: New Seeding...
30 août 2010 22:34:19 net.jxta.impl.rendezvous.rpv.PeerView seed
INFO: New Seeding...
